{
  "uid" : "42625c7e415ae225",
  "name" : "Verify System Read user can not view Driver",
  "fullName" : "testcases.web.permission.Permission.TC_11",
  "historyId" : "b750c085c21656ac3391789ebb704420",
  "time" : {
    "start" : 1680235842299,
    "stop" : 1680235878552,
    "duration" : 36253
  },
  "description" : "Verify System Read user can not view Driver",
  "descriptionHtml" : "<p>Verify System Read user can not view Driver</p>\n",
  "status" : "broken",
  "statusMessage" : "Expected condition failed: waiting for element to be clickable: By.xpath: //header//div[contains(@class,'sign-out')] (tried for 30 second(s) with 500 milliseconds interval)\nBuild info: version: '4.1.2', revision: '9a5a329c5a'\nSystem info: host: 'DAOTIEN', ip: '192.168.0.103', os.name: 'Windows 10', os.arch: 'amd64', os.version: '10.0', java.version: '1.8.0_291'\nDriver info: org.openqa.selenium.edge.EdgeDriver\nCapabilities {acceptInsecureCerts: false, browserName: msedge, browserVersion: 111.0.1661.54, javascriptEnabled: true, ms:edgeOptions: {debuggerAddress: localhost:57332}, msedge: {msedgedriverVersion: 111.0.1661.54 (9e410ec23a36..., userDataDir: C:\\Users\\daohu\\AppData\\Loca...}, networkConnectionEnabled: false, pageLoadStrategy: normal, platform: WINDOWS, platformName: WINDOWS, proxy: Proxy(), se:cdp: ws://localhost:57332/devtoo..., se:cdpVersion: 111.0.1661.54, setWindowRect: true, strictFileInteractability: false, timeouts: {implicit: 0, pageLoad: 300000, script: 30000}, unhandledPromptBehavior: dismiss and notify, webauthn:extension:credBlob: true, webauthn:extension:largeBlob: true, webauthn:extension:minPinLength: true, webauthn:extension:prf: true, webauthn:virtualAuthenticators: true}\nSession ID: d7fdbc9467793f6e08cbfd986d4021bf",
  "statusTrace" : "org.openqa.selenium.TimeoutException: Expected condition failed: waiting for element to be clickable: By.xpath: //header//div[contains(@class,'sign-out')] (tried for 30 second(s) with 500 milliseconds interval)\nBuild info: version: '4.1.2', revision: '9a5a329c5a'\nSystem info: host: 'DAOTIEN', ip: '192.168.0.103', os.name: 'Windows 10', os.arch: 'amd64', os.version: '10.0', java.version: '1.8.0_291'\nDriver info: org.openqa.selenium.edge.EdgeDriver\nCapabilities {acceptInsecureCerts: false, browserName: msedge, browserVersion: 111.0.1661.54, javascriptEnabled: true, ms:edgeOptions: {debuggerAddress: localhost:57332}, msedge: {msedgedriverVersion: 111.0.1661.54 (9e410ec23a36..., userDataDir: C:\\Users\\daohu\\AppData\\Loca...}, networkConnectionEnabled: false, pageLoadStrategy: normal, platform: WINDOWS, platformName: WINDOWS, proxy: Proxy(), se:cdp: ws://localhost:57332/devtoo..., se:cdpVersion: 111.0.1661.54, setWindowRect: true, strictFileInteractability: false, timeouts: {implicit: 0, pageLoad: 300000, script: 30000}, unhandledPromptBehavior: dismiss and notify, webauthn:extension:credBlob: true, webauthn:extension:largeBlob: true, webauthn:extension:minPinLength: true, webauthn:extension:prf: true, webauthn:virtualAuthenticators: true}\nSession ID: d7fdbc9467793f6e08cbfd986d4021bf\r\n\tat org.openqa.selenium.support.ui.WebDriverWait.timeoutException(WebDriverWait.java:138)\r\n\tat org.openqa.selenium.support.ui.FluentWait.until(FluentWait.java:231)\r\n\tat selenium.core.BaseLocator.waitUntilClickable(BaseLocator.java:160)\r\n\tat selenium.pages.DashboardPage.waitBtnLogOutShow_aroundBody4(DashboardPage.java:24)\r\n\tat selenium.pages.DashboardPage$AjcClosure5.run(DashboardPage.java:1)\r\n\tat org.aspectj.runtime.reflect.JoinPointImpl.proceed(JoinPointImpl.java:167)\r\n\tat utils.logging.AspectJ.doConcurrentOperation(AspectJ.java:94)\r\n\tat selenium.pages.DashboardPage.waitBtnLogOutShow(DashboardPage.java:24)\r\n\tat selenium.steps.LoginSteps.verifyLoginSuccessfully(LoginSteps.java:32)\r\n\tat testcases.web.permission.Permission.TC_11(Permission.java:798)\r\n\tat sun.reflect.NativeMethodAccessorImpl.invoke0(Native Method)\r\n\tat sun.reflect.NativeMethodAccessorImpl.invoke(NativeMethodAccessorImpl.java:62)\r\n\tat sun.reflect.DelegatingMethodAccessorImpl.invoke(DelegatingMethodAccessorImpl.java:43)\r\n\tat java.lang.reflect.Method.invoke(Method.java:498)\r\n\tat org.testng.internal.MethodInvocationHelper.invokeMethod(MethodInvocationHelper.java:124)\r\n\tat org.testng.internal.Invoker.invokeMethod(Invoker.java:583)\r\n\tat org.testng.internal.Invoker.invokeTestMethod(Invoker.java:719)\r\n\tat org.testng.internal.Invoker.invokeTestMethods(Invoker.java:989)\r\n\tat org.testng.internal.TestMethodWorker.invokeTestMethods(TestMethodWorker.java:125)\r\n\tat org.testng.internal.TestMethodWorker.run(TestMethodWorker.java:109)\r\n\tat java.util.concurrent.ThreadPoolExecutor.runWorker(ThreadPoolExecutor.java:1149)\r\n\tat java.util.concurrent.ThreadPoolExecutor$Worker.run(ThreadPoolExecutor.java:624)\r\n\tat java.lang.Thread.run(Thread.java:748)\r\n",
  "flaky" : false,
  "newFailed" : false,
  "newBroken" : false,
  "newPassed" : false,
  "retriesCount" : 0,
  "retriesStatusChange" : false,
  "beforeStages" : [ {
    "name" : "beforeTest",
    "time" : {
      "start" : 1680235757108,
      "stop" : 1680235757109,
      "duration" : 1
    },
    "description" : "",
    "status" : "passed",
    "steps" : [ ],
    "attachments" : [ ],
    "parameters" : [ ],
    "stepsCount" : 0,
    "attachmentsCount" : 0,
    "shouldDisplayMessage" : false,
    "hasContent" : false
  }, {
    "name" : "beforeSuites",
    "time" : {
      "start" : 1680235757110,
      "stop" : 1680235757943,
      "duration" : 833
    },
    "description" : "",
    "status" : "passed",
    "steps" : [ {
      "name" : "Get token from API response",
      "time" : {
        "start" : 1680235757110,
        "stop" : 1680235757943,
        "duration" : 833
      },
      "status" : "passed",
      "steps" : [ {
        "name" : "Login Operation Portal to generate token",
        "time" : {
          "start" : 1680235757110,
          "stop" : 1680235757943,
          "duration" : 833
        },
        "status" : "passed",
        "steps" : [ ],
        "attachments" : [ ],
        "parameters" : [ {
          "name" : "email",
          "value" : "daohuyt@bridj.com"
        }, {
          "name" : "passWord",
          "value" : "userPass@123"
        } ],
        "stepsCount" : 0,
        "attachmentsCount" : 0,
        "shouldDisplayMessage" : false,
        "hasContent" : true
      } ],
      "attachments" : [ ],
      "parameters" : [ {
        "name" : "email",
        "value" : "daohuyt@bridj.com"
      }, {
        "name" : "password",
        "value" : "userPass@123"
      } ],
      "stepsCount" : 1,
      "attachmentsCount" : 0,
      "shouldDisplayMessage" : false,
      "hasContent" : true
    } ],
    "attachments" : [ ],
    "parameters" : [ ],
    "stepsCount" : 2,
    "attachmentsCount" : 0,
    "shouldDisplayMessage" : false,
    "hasContent" : true
  }, {
    "name" : "beforeScenario",
    "time" : {
      "start" : 1680235839497,
      "stop" : 1680235842297,
      "duration" : 2800
    },
    "description" : "",
    "status" : "passed",
    "steps" : [ ],
    "attachments" : [ {
      "uid" : "1cdb96258e81215f",
      "name" : "Driver setup: ",
      "source" : "1cdb96258e81215f.txt",
      "type" : "text/plain",
      "size" : 119
    } ],
    "parameters" : [ ],
    "stepsCount" : 0,
    "attachmentsCount" : 1,
    "shouldDisplayMessage" : false,
    "hasContent" : true
  } ],
  "testStage" : {
    "description" : "Verify System Read user can not view Driver",
    "status" : "broken",
    "statusMessage" : "Expected condition failed: waiting for element to be clickable: By.xpath: //header//div[contains(@class,'sign-out')] (tried for 30 second(s) with 500 milliseconds interval)\nBuild info: version: '4.1.2', revision: '9a5a329c5a'\nSystem info: host: 'DAOTIEN', ip: '192.168.0.103', os.name: 'Windows 10', os.arch: 'amd64', os.version: '10.0', java.version: '1.8.0_291'\nDriver info: org.openqa.selenium.edge.EdgeDriver\nCapabilities {acceptInsecureCerts: false, browserName: msedge, browserVersion: 111.0.1661.54, javascriptEnabled: true, ms:edgeOptions: {debuggerAddress: localhost:57332}, msedge: {msedgedriverVersion: 111.0.1661.54 (9e410ec23a36..., userDataDir: C:\\Users\\daohu\\AppData\\Loca...}, networkConnectionEnabled: false, pageLoadStrategy: normal, platform: WINDOWS, platformName: WINDOWS, proxy: Proxy(), se:cdp: ws://localhost:57332/devtoo..., se:cdpVersion: 111.0.1661.54, setWindowRect: true, strictFileInteractability: false, timeouts: {implicit: 0, pageLoad: 300000, script: 30000}, unhandledPromptBehavior: dismiss and notify, webauthn:extension:credBlob: true, webauthn:extension:largeBlob: true, webauthn:extension:minPinLength: true, webauthn:extension:prf: true, webauthn:virtualAuthenticators: true}\nSession ID: d7fdbc9467793f6e08cbfd986d4021bf",
    "statusTrace" : "org.openqa.selenium.TimeoutException: Expected condition failed: waiting for element to be clickable: By.xpath: //header//div[contains(@class,'sign-out')] (tried for 30 second(s) with 500 milliseconds interval)\nBuild info: version: '4.1.2', revision: '9a5a329c5a'\nSystem info: host: 'DAOTIEN', ip: '192.168.0.103', os.name: 'Windows 10', os.arch: 'amd64', os.version: '10.0', java.version: '1.8.0_291'\nDriver info: org.openqa.selenium.edge.EdgeDriver\nCapabilities {acceptInsecureCerts: false, browserName: msedge, browserVersion: 111.0.1661.54, javascriptEnabled: true, ms:edgeOptions: {debuggerAddress: localhost:57332}, msedge: {msedgedriverVersion: 111.0.1661.54 (9e410ec23a36..., userDataDir: C:\\Users\\daohu\\AppData\\Loca...}, networkConnectionEnabled: false, pageLoadStrategy: normal, platform: WINDOWS, platformName: WINDOWS, proxy: Proxy(), se:cdp: ws://localhost:57332/devtoo..., se:cdpVersion: 111.0.1661.54, setWindowRect: true, strictFileInteractability: false, timeouts: {implicit: 0, pageLoad: 300000, script: 30000}, unhandledPromptBehavior: dismiss and notify, webauthn:extension:credBlob: true, webauthn:extension:largeBlob: true, webauthn:extension:minPinLength: true, webauthn:extension:prf: true, webauthn:virtualAuthenticators: true}\nSession ID: d7fdbc9467793f6e08cbfd986d4021bf\r\n\tat org.openqa.selenium.support.ui.WebDriverWait.timeoutException(WebDriverWait.java:138)\r\n\tat org.openqa.selenium.support.ui.FluentWait.until(FluentWait.java:231)\r\n\tat selenium.core.BaseLocator.waitUntilClickable(BaseLocator.java:160)\r\n\tat selenium.pages.DashboardPage.waitBtnLogOutShow_aroundBody4(DashboardPage.java:24)\r\n\tat selenium.pages.DashboardPage$AjcClosure5.run(DashboardPage.java:1)\r\n\tat org.aspectj.runtime.reflect.JoinPointImpl.proceed(JoinPointImpl.java:167)\r\n\tat utils.logging.AspectJ.doConcurrentOperation(AspectJ.java:94)\r\n\tat selenium.pages.DashboardPage.waitBtnLogOutShow(DashboardPage.java:24)\r\n\tat selenium.steps.LoginSteps.verifyLoginSuccessfully(LoginSteps.java:32)\r\n\tat testcases.web.permission.Permission.TC_11(Permission.java:798)\r\n\tat sun.reflect.NativeMethodAccessorImpl.invoke0(Native Method)\r\n\tat sun.reflect.NativeMethodAccessorImpl.invoke(NativeMethodAccessorImpl.java:62)\r\n\tat sun.reflect.DelegatingMethodAccessorImpl.invoke(DelegatingMethodAccessorImpl.java:43)\r\n\tat java.lang.reflect.Method.invoke(Method.java:498)\r\n\tat org.testng.internal.MethodInvocationHelper.invokeMethod(MethodInvocationHelper.java:124)\r\n\tat org.testng.internal.Invoker.invokeMethod(Invoker.java:583)\r\n\tat org.testng.internal.Invoker.invokeTestMethod(Invoker.java:719)\r\n\tat org.testng.internal.Invoker.invokeTestMethods(Invoker.java:989)\r\n\tat org.testng.internal.TestMethodWorker.invokeTestMethods(TestMethodWorker.java:125)\r\n\tat org.testng.internal.TestMethodWorker.run(TestMethodWorker.java:109)\r\n\tat java.util.concurrent.ThreadPoolExecutor.runWorker(ThreadPoolExecutor.java:1149)\r\n\tat java.util.concurrent.ThreadPoolExecutor$Worker.run(ThreadPoolExecutor.java:624)\r\n\tat java.lang.Thread.run(Thread.java:748)\r\n",
    "steps" : [ {
      "name" : "Log in with account: systemread09@gmail.com",
      "time" : {
        "start" : 1680235842299,
        "stop" : 1680235845454,
        "duration" : 3155
      },
      "status" : "passed",
      "steps" : [ ],
      "attachments" : [ {
        "uid" : "60ff1e26c11f8eb2",
        "name" : "Starting action: ",
        "source" : "60ff1e26c11f8eb2.txt",
        "type" : "text/plain",
        "size" : 109
      }, {
        "uid" : "2fdd47d31c4b55c8",
        "name" : "Action Done! ",
        "source" : "2fdd47d31c4b55c8.txt",
        "type" : "text/plain",
        "size" : 9
      }, {
        "uid" : "e734b906f20c851d",
        "name" : "saveScreenShot",
        "source" : "e734b906f20c851d.png",
        "type" : "image/png",
        "size" : 61481
      }, {
        "uid" : "a12862d282b60fab",
        "name" : "Starting action: ",
        "source" : "a12862d282b60fab.txt",
        "type" : "text/plain",
        "size" : 61
      }, {
        "uid" : "ffc3e0fbcf70bf97",
        "name" : "Action Done! ",
        "source" : "ffc3e0fbcf70bf97.txt",
        "type" : "text/plain",
        "size" : 9
      }, {
        "uid" : "391db1fb82e20a36",
        "name" : "saveScreenShot",
        "source" : "391db1fb82e20a36.png",
        "type" : "image/png",
        "size" : 62106
      }, {
        "uid" : "b873afae873ed687",
        "name" : "Starting action: ",
        "source" : "b873afae873ed687.txt",
        "type" : "text/plain",
        "size" : 54
      }, {
        "uid" : "3f577d2083bef7d5",
        "name" : "Action Done! ",
        "source" : "3f577d2083bef7d5.txt",
        "type" : "text/plain",
        "size" : 9
      }, {
        "uid" : "556dfb669051d2e2",
        "name" : "saveScreenShot",
        "source" : "556dfb669051d2e2.png",
        "type" : "image/png",
        "size" : 62607
      }, {
        "uid" : "2cc9a449ac07e7f1",
        "name" : "Starting action: ",
        "source" : "2cc9a449ac07e7f1.txt",
        "type" : "text/plain",
        "size" : 40
      }, {
        "uid" : "a4e2038e0e59a47b",
        "name" : "Action Done! ",
        "source" : "a4e2038e0e59a47b.txt",
        "type" : "text/plain",
        "size" : 9
      }, {
        "uid" : "36c7b7463648fcad",
        "name" : "saveScreenShot",
        "source" : "36c7b7463648fcad.png",
        "type" : "image/png",
        "size" : 62699
      } ],
      "parameters" : [ {
        "name" : "email",
        "value" : "systemread09@gmail.com"
      }, {
        "name" : "passWord",
        "value" : "userPass@123"
      } ],
      "stepsCount" : 0,
      "attachmentsCount" : 12,
      "shouldDisplayMessage" : false,
      "hasContent" : true
    }, {
      "name" : "Verify login successfully",
      "time" : {
        "start" : 1680235845454,
        "stop" : 1680235878552,
        "duration" : 33098
      },
      "status" : "broken",
      "statusMessage" : "Expected condition failed: waiting for element to be clickable: By.xpath: //header//div[contains(@class,'sign-out')] (tried for 30 second(s) with 500 milliseconds interval)\nBuild info: version: '4.1.2', revision: '9a5a329c5a'\nSystem info: host: 'DAOTIEN', ip: '192.168.0.103', os.name: 'Windows 10', os.arch: 'amd64', os.version: '10.0', java.version: '1.8.0_291'\nDriver info: org.openqa.selenium.edge.EdgeDriver\nCapabilities {acceptInsecureCerts: false, browserName: msedge, browserVersion: 111.0.1661.54, javascriptEnabled: true, ms:edgeOptions: {debuggerAddress: localhost:57332}, msedge: {msedgedriverVersion: 111.0.1661.54 (9e410ec23a36..., userDataDir: C:\\Users\\daohu\\AppData\\Loca...}, networkConnectionEnabled: false, pageLoadStrategy: normal, platform: WINDOWS, platformName: WINDOWS, proxy: Proxy(), se:cdp: ws://localhost:57332/devtoo..., se:cdpVersion: 111.0.1661.54, setWindowRect: true, strictFileInteractability: false, timeouts: {implicit: 0, pageLoad: 300000, script: 30000}, unhandledPromptBehavior: dismiss and notify, webauthn:extension:credBlob: true, webauthn:extension:largeBlob: true, webauthn:extension:minPinLength: true, webauthn:extension:prf: true, webauthn:virtualAuthenticators: true}\nSession ID: d7fdbc9467793f6e08cbfd986d4021bf",
      "statusTrace" : "org.openqa.selenium.TimeoutException: Expected condition failed: waiting for element to be clickable: By.xpath: //header//div[contains(@class,'sign-out')] (tried for 30 second(s) with 500 milliseconds interval)\nBuild info: version: '4.1.2', revision: '9a5a329c5a'\nSystem info: host: 'DAOTIEN', ip: '192.168.0.103', os.name: 'Windows 10', os.arch: 'amd64', os.version: '10.0', java.version: '1.8.0_291'\nDriver info: org.openqa.selenium.edge.EdgeDriver\nCapabilities {acceptInsecureCerts: false, browserName: msedge, browserVersion: 111.0.1661.54, javascriptEnabled: true, ms:edgeOptions: {debuggerAddress: localhost:57332}, msedge: {msedgedriverVersion: 111.0.1661.54 (9e410ec23a36..., userDataDir: C:\\Users\\daohu\\AppData\\Loca...}, networkConnectionEnabled: false, pageLoadStrategy: normal, platform: WINDOWS, platformName: WINDOWS, proxy: Proxy(), se:cdp: ws://localhost:57332/devtoo..., se:cdpVersion: 111.0.1661.54, setWindowRect: true, strictFileInteractability: false, timeouts: {implicit: 0, pageLoad: 300000, script: 30000}, unhandledPromptBehavior: dismiss and notify, webauthn:extension:credBlob: true, webauthn:extension:largeBlob: true, webauthn:extension:minPinLength: true, webauthn:extension:prf: true, webauthn:virtualAuthenticators: true}\nSession ID: d7fdbc9467793f6e08cbfd986d4021bf\r\n\tat org.openqa.selenium.support.ui.WebDriverWait.timeoutException(WebDriverWait.java:138)\r\n\tat org.openqa.selenium.support.ui.FluentWait.until(FluentWait.java:231)\r\n\tat selenium.core.BaseLocator.waitUntilClickable(BaseLocator.java:160)\r\n\tat selenium.pages.DashboardPage.waitBtnLogOutShow_aroundBody4(DashboardPage.java:24)\r\n\tat selenium.pages.DashboardPage$AjcClosure5.run(DashboardPage.java:1)\r\n\tat org.aspectj.runtime.reflect.JoinPointImpl.proceed(JoinPointImpl.java:167)\r\n\tat utils.logging.AspectJ.doConcurrentOperation(AspectJ.java:94)\r\n\tat selenium.pages.DashboardPage.waitBtnLogOutShow(DashboardPage.java:24)\r\n\tat selenium.steps.LoginSteps.verifyLoginSuccessfully(LoginSteps.java:32)\r\n\tat testcases.web.permission.Permission.TC_11(Permission.java:798)\r\n\tat sun.reflect.NativeMethodAccessorImpl.invoke0(Native Method)\r\n\tat sun.reflect.NativeMethodAccessorImpl.invoke(NativeMethodAccessorImpl.java:62)\r\n\tat sun.reflect.DelegatingMethodAccessorImpl.invoke(DelegatingMethodAccessorImpl.java:43)\r\n\tat java.lang.reflect.Method.invoke(Method.java:498)\r\n\tat org.testng.internal.MethodInvocationHelper.invokeMethod(MethodInvocationHelper.java:124)\r\n\tat org.testng.internal.Invoker.invokeMethod(Invoker.java:583)\r\n\tat org.testng.internal.Invoker.invokeTestMethod(Invoker.java:719)\r\n\tat org.testng.internal.Invoker.invokeTestMethods(Invoker.java:989)\r\n\tat org.testng.internal.TestMethodWorker.invokeTestMethods(TestMethodWorker.java:125)\r\n\tat org.testng.internal.TestMethodWorker.run(TestMethodWorker.java:109)\r\n\tat java.util.concurrent.ThreadPoolExecutor.runWorker(ThreadPoolExecutor.java:1149)\r\n\tat java.util.concurrent.ThreadPoolExecutor$Worker.run(ThreadPoolExecutor.java:624)\r\n\tat java.lang.Thread.run(Thread.java:748)\r\n",
      "steps" : [ ],
      "attachments" : [ {
        "uid" : "4673eb3b4db9d0ca",
        "name" : "Starting action: ",
        "source" : "4673eb3b4db9d0ca.txt",
        "type" : "text/plain",
        "size" : 111
      }, {
        "uid" : "7fc4c9970101b744",
        "name" : "Action Done! ",
        "source" : "7fc4c9970101b744.txt",
        "type" : "text/plain",
        "size" : 9
      }, {
        "uid" : "5aa666e1fb31e6fb",
        "name" : "saveScreenShot",
        "source" : "5aa666e1fb31e6fb.png",
        "type" : "image/png",
        "size" : 62736
      }, {
        "uid" : "8a103632365bddcb",
        "name" : "Starting action: ",
        "source" : "8a103632365bddcb.txt",
        "type" : "text/plain",
        "size" : 48
      }, {
        "uid" : "ddd9481035ccadf3",
        "name" : "Action failed: ",
        "source" : "ddd9481035ccadf3.txt",
        "type" : "text/plain",
        "size" : 1274
      }, {
        "uid" : "97218692a64f07b5",
        "name" : "saveScreenShot",
        "source" : "97218692a64f07b5.png",
        "type" : "image/png",
        "size" : 100980
      } ],
      "parameters" : [ ],
      "stepsCount" : 0,
      "attachmentsCount" : 6,
      "shouldDisplayMessage" : true,
      "hasContent" : true
    } ],
    "attachments" : [ ],
    "parameters" : [ ],
    "stepsCount" : 2,
    "attachmentsCount" : 18,
    "shouldDisplayMessage" : false,
    "hasContent" : true
  },
  "afterStages" : [ {
    "name" : "afterScenario",
    "time" : {
      "start" : 1680235878553,
      "stop" : 1680235879328,
      "duration" : 775
    },
    "description" : "",
    "status" : "passed",
    "steps" : [ ],
    "attachments" : [ {
      "uid" : "321c50b642207d39",
      "name" : "saveScreenShot",
      "source" : "321c50b642207d39.png",
      "type" : "image/png",
      "size" : 100980
    } ],
    "parameters" : [ ],
    "stepsCount" : 0,
    "attachmentsCount" : 1,
    "shouldDisplayMessage" : false,
    "hasContent" : true
  }, {
    "name" : "afterSuites",
    "time" : {
      "start" : 1680236238759,
      "stop" : 1680236238759,
      "duration" : 0
    },
    "description" : "",
    "status" : "passed",
    "steps" : [ ],
    "attachments" : [ ],
    "parameters" : [ ],
    "stepsCount" : 0,
    "attachmentsCount" : 0,
    "shouldDisplayMessage" : false,
    "hasContent" : false
  }, {
    "name" : "afterTest",
    "time" : {
      "start" : 1680236388979,
      "stop" : 1680236388979,
      "duration" : 0
    },
    "description" : "",
    "status" : "passed",
    "steps" : [ ],
    "attachments" : [ ],
    "parameters" : [ ],
    "stepsCount" : 0,
    "attachmentsCount" : 0,
    "shouldDisplayMessage" : false,
    "hasContent" : false
  } ],
  "labels" : [ {
    "name" : "package",
    "value" : "testcases.web.permission.Permission"
  }, {
    "name" : "testClass",
    "value" : "testcases.web.permission.Permission"
  }, {
    "name" : "testMethod",
    "value" : "TC_11"
  }, {
    "name" : "parentSuite",
    "value" : "Regression"
  }, {
    "name" : "suite",
    "value" : "Permission"
  }, {
    "name" : "subSuite",
    "value" : "testcases.web.permission.Permission"
  }, {
    "name" : "host",
    "value" : "DaoTien"
  }, {
    "name" : "thread",
    "value" : "16880@DaoTien.TestNG-test=Permission-7(1192)"
  }, {
    "name" : "framework",
    "value" : "testng"
  }, {
    "name" : "language",
    "value" : "java"
  }, {
    "name" : "resultFormat",
    "value" : "allure2"
  } ],
  "parameters" : [ {
    "name" : "arg0",
    "value" : "utils.models.MUser@6c4bf168"
  } ],
  "links" : [ ],
  "hidden" : false,
  "retry" : false,
  "extra" : {
    "severity" : "normal",
    "retries" : [ ],
    "categories" : [ {
      "name" : "Test defects",
      "matchedStatuses" : [ ],
      "flaky" : false
    } ],
    "tags" : [ ]
  },
  "source" : "42625c7e415ae225.json",
  "parameterValues" : [ "utils.models.MUser@6c4bf168" ]
}