{
  "uid" : "533cf4b46eebe10d",
  "name" : "Verify user can search bookings by address",
  "fullName" : "testcases.web.global_search.GlobalSearch.TC_02",
  "historyId" : "e88abb3c9d08cc942530f6db82e49c45",
  "time" : {
    "start" : 1679966530974,
    "stop" : 1679966564970,
    "duration" : 33996
  },
  "description" : "Verify user can search bookings by address",
  "descriptionHtml" : "<p>Verify user can search bookings by address</p>\n",
  "status" : "broken",
  "statusMessage" : "Expected condition failed: waiting for presence of element located by: By.xpath: (//div[@class='gs-entity-list']//span)[1] (tried for 30 second(s) with 500 milliseconds interval)",
  "statusTrace" : "org.openqa.selenium.TimeoutException: Expected condition failed: waiting for presence of element located by: By.xpath: (//div[@class='gs-entity-list']//span)[1] (tried for 30 second(s) with 500 milliseconds interval)\r\n\tat org.openqa.selenium.support.ui.WebDriverWait.timeoutException(WebDriverWait.java:138)\r\n\tat org.openqa.selenium.support.ui.FluentWait.until(FluentWait.java:231)\r\n\tat selenium.core.BaseLocator.waitUntilPresent(BaseLocator.java:45)\r\n\tat selenium.pages.Header.clickOnRecord_aroundBody16(Header.java:47)\r\n\tat selenium.pages.Header$AjcClosure17.run(Header.java:1)\r\n\tat org.aspectj.runtime.reflect.JoinPointImpl.proceed(JoinPointImpl.java:167)\r\n\tat utils.logging.AspectJ.doConcurrentOperation(AspectJ.java:94)\r\n\tat selenium.pages.Header.clickOnRecord(Header.java:47)\r\n\tat selenium.steps.HeaderSteps.clickOnRecord(HeaderSteps.java:36)\r\n\tat selenium.steps.HeaderSteps.tryToSearchBookingsWithAddress(HeaderSteps.java:51)\r\n\tat testcases.web.global_search.GlobalSearch.TC_02(GlobalSearch.java:56)\r\n\tat sun.reflect.NativeMethodAccessorImpl.invoke0(Native Method)\r\n\tat sun.reflect.NativeMethodAccessorImpl.invoke(NativeMethodAccessorImpl.java:62)\r\n\tat sun.reflect.DelegatingMethodAccessorImpl.invoke(DelegatingMethodAccessorImpl.java:43)\r\n\tat java.lang.reflect.Method.invoke(Method.java:498)\r\n\tat org.testng.internal.MethodInvocationHelper.invokeMethod(MethodInvocationHelper.java:124)\r\n\tat org.testng.internal.Invoker.invokeMethod(Invoker.java:583)\r\n\tat org.testng.internal.Invoker.invokeTestMethod(Invoker.java:719)\r\n\tat org.testng.internal.Invoker.invokeTestMethods(Invoker.java:989)\r\n\tat org.testng.internal.TestMethodWorker.invokeTestMethods(TestMethodWorker.java:125)\r\n\tat org.testng.internal.TestMethodWorker.run(TestMethodWorker.java:109)\r\n\tat java.util.concurrent.ThreadPoolExecutor.runWorker(ThreadPoolExecutor.java:1149)\r\n\tat java.util.concurrent.ThreadPoolExecutor$Worker.run(ThreadPoolExecutor.java:624)\r\n\tat java.lang.Thread.run(Thread.java:748)\r\nCaused by: org.openqa.selenium.NoSuchElementException: no such element: Unable to locate element: {\"method\":\"xpath\",\"selector\":\"(//div[@class='gs-entity-list']//span)[1]\"}\n  (Session info: headless MicrosoftEdge=111.0.1661.54)\nFor documentation on this error, please visit: https://selenium.dev/exceptions/#no_such_element\nBuild info: version: '4.1.2', revision: '9a5a329c5a'\nSystem info: host: 'DAOTIEN', ip: '192.168.0.103', os.name: 'Windows 10', os.arch: 'amd64', os.version: '10.0', java.version: '1.8.0_291'\nDriver info: org.openqa.selenium.edge.EdgeDriver\nCommand: [78a22aacd2f421114662b5082a737161, findElement {using=xpath, value=(//div[@class='gs-entity-list']//span)[1]}]\nCapabilities {acceptInsecureCerts: false, browserName: msedge, browserVersion: 111.0.1661.54, javascriptEnabled: true, ms:edgeOptions: {debuggerAddress: localhost:57224}, msedge: {msedgedriverVersion: 111.0.1661.54 (9e410ec23a36..., userDataDir: C:\\Users\\daohu\\AppData\\Loca...}, networkConnectionEnabled: false, pageLoadStrategy: normal, platform: WINDOWS, platformName: WINDOWS, proxy: Proxy(), se:cdp: ws://localhost:57224/devtoo..., se:cdpVersion: 111.0.1661.54, setWindowRect: true, strictFileInteractability: false, timeouts: {implicit: 0, pageLoad: 300000, script: 30000}, unhandledPromptBehavior: dismiss and notify, webauthn:extension:credBlob: true, webauthn:extension:largeBlob: true, webauthn:extension:minPinLength: true, webauthn:extension:prf: true, webauthn:virtualAuthenticators: true}\nSession ID: 78a22aacd2f421114662b5082a737161\r\n\tat sun.reflect.GeneratedConstructorAccessor130.newInstance(Unknown Source)\r\n\tat sun.reflect.DelegatingConstructorAccessorImpl.newInstance(DelegatingConstructorAccessorImpl.java:45)\r\n\tat java.lang.reflect.Constructor.newInstance(Constructor.java:423)\r\n\tat org.openqa.selenium.remote.codec.w3c.W3CHttpResponseCodec.createException(W3CHttpResponseCodec.java:200)\r\n\tat org.openqa.selenium.remote.codec.w3c.W3CHttpResponseCodec.decode(W3CHttpResponseCodec.java:133)\r\n\tat org.openqa.selenium.remote.codec.w3c.W3CHttpResponseCodec.decode(W3CHttpResponseCodec.java:53)\r\n\tat org.openqa.selenium.remote.HttpCommandExecutor.execute(HttpCommandExecutor.java:184)\r\n\tat org.openqa.selenium.remote.service.DriverCommandExecutor.invokeExecute(DriverCommandExecutor.java:167)\r\n\tat org.openqa.selenium.remote.service.DriverCommandExecutor.execute(DriverCommandExecutor.java:142)\r\n\tat org.openqa.selenium.remote.RemoteWebDriver.execute(RemoteWebDriver.java:558)\r\n\tat org.openqa.selenium.remote.ElementLocation$ElementFinder$2.findElement(ElementLocation.java:162)\r\n\tat org.openqa.selenium.remote.ElementLocation.findElement(ElementLocation.java:60)\r\n\tat org.openqa.selenium.remote.RemoteWebDriver.findElement(RemoteWebDriver.java:382)\r\n\tat org.openqa.selenium.remote.RemoteWebDriver.findElement(RemoteWebDriver.java:374)\r\n\tat org.openqa.selenium.support.ui.ExpectedConditions$6.apply(ExpectedConditions.java:174)\r\n\tat org.openqa.selenium.support.ui.ExpectedConditions$6.apply(ExpectedConditions.java:171)\r\n\tat org.openqa.selenium.support.ui.FluentWait.until(FluentWait.java:208)\r\n\t... 22 more\r\n",
  "flaky" : false,
  "beforeStages" : [ {
    "name" : "beforeTest",
    "time" : {
      "start" : 1679966521388,
      "stop" : 1679966521388,
      "duration" : 0
    },
    "description" : "",
    "status" : "passed",
    "steps" : [ ],
    "attachments" : [ ],
    "parameters" : [ ],
    "stepsCount" : 0,
    "hasContent" : false,
    "attachmentsCount" : 0,
    "shouldDisplayMessage" : false
  }, {
    "name" : "beforeEachScenario",
    "time" : {
      "start" : 1679966525301,
      "stop" : 1679966530963,
      "duration" : 5662
    },
    "description" : "",
    "status" : "passed",
    "steps" : [ {
      "name" : "Log in with account: daohuyt@bridj.com",
      "time" : {
        "start" : 1679966525301,
        "stop" : 1679966530389,
        "duration" : 5088
      },
      "status" : "passed",
      "steps" : [ {
        "name" : "Get token from API response",
        "time" : {
          "start" : 1679966529419,
          "stop" : 1679966530389,
          "duration" : 970
        },
        "status" : "passed",
        "steps" : [ {
          "name" : "Login Operation Portal to generate token",
          "time" : {
            "start" : 1679966529419,
            "stop" : 1679966530389,
            "duration" : 970
          },
          "status" : "passed",
          "steps" : [ ],
          "attachments" : [ ],
          "parameters" : [ {
            "name" : "email",
            "value" : "daohuyt@bridj.com"
          }, {
            "name" : "passWord",
            "value" : "userPass@123"
          } ],
          "stepsCount" : 0,
          "hasContent" : true,
          "attachmentsCount" : 0,
          "shouldDisplayMessage" : false
        } ],
        "attachments" : [ ],
        "parameters" : [ {
          "name" : "email",
          "value" : "daohuyt@bridj.com"
        }, {
          "name" : "password",
          "value" : "userPass@123"
        } ],
        "stepsCount" : 1,
        "hasContent" : true,
        "attachmentsCount" : 0,
        "shouldDisplayMessage" : false
      } ],
      "attachments" : [ {
        "uid" : "8f76d4e85c0f3bdd",
        "name" : "Starting action: ",
        "source" : "8f76d4e85c0f3bdd.txt",
        "type" : "text/plain",
        "size" : 109
      }, {
        "uid" : "4b8938f4d97e0af9",
        "name" : "Action Done! ",
        "source" : "4b8938f4d97e0af9.txt",
        "type" : "text/plain",
        "size" : 9
      }, {
        "uid" : "3e2cd77b82a228a1",
        "name" : "saveScreenShot",
        "source" : "3e2cd77b82a228a1.png",
        "type" : "image/png",
        "size" : 61481
      }, {
        "uid" : "3068f20915fa4f7c",
        "name" : "Starting action: ",
        "source" : "3068f20915fa4f7c.txt",
        "type" : "text/plain",
        "size" : 56
      }, {
        "uid" : "57fde7eeca82eef9",
        "name" : "Action Done! ",
        "source" : "57fde7eeca82eef9.txt",
        "type" : "text/plain",
        "size" : 9
      }, {
        "uid" : "b6fd1bee04410aff",
        "name" : "saveScreenShot",
        "source" : "b6fd1bee04410aff.png",
        "type" : "image/png",
        "size" : 61630
      }, {
        "uid" : "924899356768f8af",
        "name" : "Starting action: ",
        "source" : "924899356768f8af.txt",
        "type" : "text/plain",
        "size" : 54
      }, {
        "uid" : "d58b42187d9ff426",
        "name" : "Action Done! ",
        "source" : "d58b42187d9ff426.txt",
        "type" : "text/plain",
        "size" : 9
      }, {
        "uid" : "4e8a68fe66553a3d",
        "name" : "saveScreenShot",
        "source" : "4e8a68fe66553a3d.png",
        "type" : "image/png",
        "size" : 62294
      }, {
        "uid" : "c9c0edda4050d8e8",
        "name" : "Starting action: ",
        "source" : "c9c0edda4050d8e8.txt",
        "type" : "text/plain",
        "size" : 40
      }, {
        "uid" : "90930eccf8d5dcab",
        "name" : "Action Done! ",
        "source" : "90930eccf8d5dcab.txt",
        "type" : "text/plain",
        "size" : 9
      }, {
        "uid" : "f89fbb48692bd557",
        "name" : "saveScreenShot",
        "source" : "f89fbb48692bd557.png",
        "type" : "image/png",
        "size" : 62226
      } ],
      "parameters" : [ {
        "name" : "email",
        "value" : "daohuyt@bridj.com"
      }, {
        "name" : "passWord",
        "value" : "userPass@123"
      } ],
      "stepsCount" : 2,
      "hasContent" : true,
      "attachmentsCount" : 12,
      "shouldDisplayMessage" : false
    }, {
      "name" : "Verify login successfully",
      "time" : {
        "start" : 1679966530390,
        "stop" : 1679966530798,
        "duration" : 408
      },
      "status" : "passed",
      "steps" : [ ],
      "attachments" : [ {
        "uid" : "2508aedfe4d1f6e2",
        "name" : "Starting action: ",
        "source" : "2508aedfe4d1f6e2.txt",
        "type" : "text/plain",
        "size" : 111
      }, {
        "uid" : "243491435ec3ebcc",
        "name" : "Action Done! ",
        "source" : "243491435ec3ebcc.txt",
        "type" : "text/plain",
        "size" : 9
      }, {
        "uid" : "24ddae2a6d9a51b0",
        "name" : "saveScreenShot",
        "source" : "24ddae2a6d9a51b0.png",
        "type" : "image/png",
        "size" : 154132
      }, {
        "uid" : "60946ab38be43942",
        "name" : "Starting action: ",
        "source" : "60946ab38be43942.txt",
        "type" : "text/plain",
        "size" : 48
      }, {
        "uid" : "fc5d7d99d2267b0b",
        "name" : "Action Done! ",
        "source" : "fc5d7d99d2267b0b.txt",
        "type" : "text/plain",
        "size" : 9
      }, {
        "uid" : "39f16b8881a91e32",
        "name" : "saveScreenShot",
        "source" : "39f16b8881a91e32.png",
        "type" : "image/png",
        "size" : 154116
      } ],
      "parameters" : [ ],
      "stepsCount" : 0,
      "hasContent" : true,
      "attachmentsCount" : 6,
      "shouldDisplayMessage" : false
    }, {
      "name" : "Can access page 'https://client-portal-staging.staging.au-ap-southeast-2.bridj.info/#/' successfully",
      "time" : {
        "start" : 1679966530799,
        "stop" : 1679966530963,
        "duration" : 164
      },
      "status" : "passed",
      "steps" : [ ],
      "attachments" : [ {
        "uid" : "be90e055eeb119d",
        "name" : "Starting action: ",
        "source" : "be90e055eeb119d.txt",
        "type" : "text/plain",
        "size" : 111
      }, {
        "uid" : "64b3be8b5922da29",
        "name" : "Action Done! ",
        "source" : "64b3be8b5922da29.txt",
        "type" : "text/plain",
        "size" : 9
      }, {
        "uid" : "735d1f0035c3b953",
        "name" : "saveScreenShot",
        "source" : "735d1f0035c3b953.png",
        "type" : "image/png",
        "size" : 154116
      } ],
      "parameters" : [ {
        "name" : "url",
        "value" : "https://client-portal-staging.staging.au-ap-southeast-2.bridj.info/#/"
      } ],
      "stepsCount" : 0,
      "hasContent" : true,
      "attachmentsCount" : 3,
      "shouldDisplayMessage" : false
    } ],
    "attachments" : [ ],
    "parameters" : [ ],
    "stepsCount" : 5,
    "hasContent" : true,
    "attachmentsCount" : 21,
    "shouldDisplayMessage" : false
  }, {
    "name" : "beforeSuites",
    "time" : {
      "start" : 1679966521389,
      "stop" : 1679966522217,
      "duration" : 828
    },
    "description" : "",
    "status" : "passed",
    "steps" : [ {
      "name" : "Get token from API response",
      "time" : {
        "start" : 1679966521389,
        "stop" : 1679966522217,
        "duration" : 828
      },
      "status" : "passed",
      "steps" : [ {
        "name" : "Login Operation Portal to generate token",
        "time" : {
          "start" : 1679966521389,
          "stop" : 1679966522217,
          "duration" : 828
        },
        "status" : "passed",
        "steps" : [ ],
        "attachments" : [ ],
        "parameters" : [ {
          "name" : "email",
          "value" : "daohuyt@bridj.com"
        }, {
          "name" : "passWord",
          "value" : "userPass@123"
        } ],
        "stepsCount" : 0,
        "hasContent" : true,
        "attachmentsCount" : 0,
        "shouldDisplayMessage" : false
      } ],
      "attachments" : [ ],
      "parameters" : [ {
        "name" : "email",
        "value" : "daohuyt@bridj.com"
      }, {
        "name" : "password",
        "value" : "userPass@123"
      } ],
      "stepsCount" : 1,
      "hasContent" : true,
      "attachmentsCount" : 0,
      "shouldDisplayMessage" : false
    } ],
    "attachments" : [ ],
    "parameters" : [ ],
    "stepsCount" : 2,
    "hasContent" : true,
    "attachmentsCount" : 0,
    "shouldDisplayMessage" : false
  }, {
    "name" : "beforeScenario",
    "time" : {
      "start" : 1679966522217,
      "stop" : 1679966525300,
      "duration" : 3083
    },
    "description" : "",
    "status" : "passed",
    "steps" : [ ],
    "attachments" : [ {
      "uid" : "c0e01472f936f9c4",
      "name" : "Driver setup: ",
      "source" : "c0e01472f936f9c4.txt",
      "type" : "text/plain",
      "size" : 119
    } ],
    "parameters" : [ ],
    "stepsCount" : 0,
    "hasContent" : true,
    "attachmentsCount" : 1,
    "shouldDisplayMessage" : false
  } ],
  "testStage" : {
    "description" : "Verify user can search bookings by address",
    "status" : "broken",
    "statusMessage" : "Expected condition failed: waiting for presence of element located by: By.xpath: (//div[@class='gs-entity-list']//span)[1] (tried for 30 second(s) with 500 milliseconds interval)",
    "statusTrace" : "org.openqa.selenium.TimeoutException: Expected condition failed: waiting for presence of element located by: By.xpath: (//div[@class='gs-entity-list']//span)[1] (tried for 30 second(s) with 500 milliseconds interval)\r\n\tat org.openqa.selenium.support.ui.WebDriverWait.timeoutException(WebDriverWait.java:138)\r\n\tat org.openqa.selenium.support.ui.FluentWait.until(FluentWait.java:231)\r\n\tat selenium.core.BaseLocator.waitUntilPresent(BaseLocator.java:45)\r\n\tat selenium.pages.Header.clickOnRecord_aroundBody16(Header.java:47)\r\n\tat selenium.pages.Header$AjcClosure17.run(Header.java:1)\r\n\tat org.aspectj.runtime.reflect.JoinPointImpl.proceed(JoinPointImpl.java:167)\r\n\tat utils.logging.AspectJ.doConcurrentOperation(AspectJ.java:94)\r\n\tat selenium.pages.Header.clickOnRecord(Header.java:47)\r\n\tat selenium.steps.HeaderSteps.clickOnRecord(HeaderSteps.java:36)\r\n\tat selenium.steps.HeaderSteps.tryToSearchBookingsWithAddress(HeaderSteps.java:51)\r\n\tat testcases.web.global_search.GlobalSearch.TC_02(GlobalSearch.java:56)\r\n\tat sun.reflect.NativeMethodAccessorImpl.invoke0(Native Method)\r\n\tat sun.reflect.NativeMethodAccessorImpl.invoke(NativeMethodAccessorImpl.java:62)\r\n\tat sun.reflect.DelegatingMethodAccessorImpl.invoke(DelegatingMethodAccessorImpl.java:43)\r\n\tat java.lang.reflect.Method.invoke(Method.java:498)\r\n\tat org.testng.internal.MethodInvocationHelper.invokeMethod(MethodInvocationHelper.java:124)\r\n\tat org.testng.internal.Invoker.invokeMethod(Invoker.java:583)\r\n\tat org.testng.internal.Invoker.invokeTestMethod(Invoker.java:719)\r\n\tat org.testng.internal.Invoker.invokeTestMethods(Invoker.java:989)\r\n\tat org.testng.internal.TestMethodWorker.invokeTestMethods(TestMethodWorker.java:125)\r\n\tat org.testng.internal.TestMethodWorker.run(TestMethodWorker.java:109)\r\n\tat java.util.concurrent.ThreadPoolExecutor.runWorker(ThreadPoolExecutor.java:1149)\r\n\tat java.util.concurrent.ThreadPoolExecutor$Worker.run(ThreadPoolExecutor.java:624)\r\n\tat java.lang.Thread.run(Thread.java:748)\r\nCaused by: org.openqa.selenium.NoSuchElementException: no such element: Unable to locate element: {\"method\":\"xpath\",\"selector\":\"(//div[@class='gs-entity-list']//span)[1]\"}\n  (Session info: headless MicrosoftEdge=111.0.1661.54)\nFor documentation on this error, please visit: https://selenium.dev/exceptions/#no_such_element\nBuild info: version: '4.1.2', revision: '9a5a329c5a'\nSystem info: host: 'DAOTIEN', ip: '192.168.0.103', os.name: 'Windows 10', os.arch: 'amd64', os.version: '10.0', java.version: '1.8.0_291'\nDriver info: org.openqa.selenium.edge.EdgeDriver\nCommand: [78a22aacd2f421114662b5082a737161, findElement {using=xpath, value=(//div[@class='gs-entity-list']//span)[1]}]\nCapabilities {acceptInsecureCerts: false, browserName: msedge, browserVersion: 111.0.1661.54, javascriptEnabled: true, ms:edgeOptions: {debuggerAddress: localhost:57224}, msedge: {msedgedriverVersion: 111.0.1661.54 (9e410ec23a36..., userDataDir: C:\\Users\\daohu\\AppData\\Loca...}, networkConnectionEnabled: false, pageLoadStrategy: normal, platform: WINDOWS, platformName: WINDOWS, proxy: Proxy(), se:cdp: ws://localhost:57224/devtoo..., se:cdpVersion: 111.0.1661.54, setWindowRect: true, strictFileInteractability: false, timeouts: {implicit: 0, pageLoad: 300000, script: 30000}, unhandledPromptBehavior: dismiss and notify, webauthn:extension:credBlob: true, webauthn:extension:largeBlob: true, webauthn:extension:minPinLength: true, webauthn:extension:prf: true, webauthn:virtualAuthenticators: true}\nSession ID: 78a22aacd2f421114662b5082a737161\r\n\tat sun.reflect.GeneratedConstructorAccessor130.newInstance(Unknown Source)\r\n\tat sun.reflect.DelegatingConstructorAccessorImpl.newInstance(DelegatingConstructorAccessorImpl.java:45)\r\n\tat java.lang.reflect.Constructor.newInstance(Constructor.java:423)\r\n\tat org.openqa.selenium.remote.codec.w3c.W3CHttpResponseCodec.createException(W3CHttpResponseCodec.java:200)\r\n\tat org.openqa.selenium.remote.codec.w3c.W3CHttpResponseCodec.decode(W3CHttpResponseCodec.java:133)\r\n\tat org.openqa.selenium.remote.codec.w3c.W3CHttpResponseCodec.decode(W3CHttpResponseCodec.java:53)\r\n\tat org.openqa.selenium.remote.HttpCommandExecutor.execute(HttpCommandExecutor.java:184)\r\n\tat org.openqa.selenium.remote.service.DriverCommandExecutor.invokeExecute(DriverCommandExecutor.java:167)\r\n\tat org.openqa.selenium.remote.service.DriverCommandExecutor.execute(DriverCommandExecutor.java:142)\r\n\tat org.openqa.selenium.remote.RemoteWebDriver.execute(RemoteWebDriver.java:558)\r\n\tat org.openqa.selenium.remote.ElementLocation$ElementFinder$2.findElement(ElementLocation.java:162)\r\n\tat org.openqa.selenium.remote.ElementLocation.findElement(ElementLocation.java:60)\r\n\tat org.openqa.selenium.remote.RemoteWebDriver.findElement(RemoteWebDriver.java:382)\r\n\tat org.openqa.selenium.remote.RemoteWebDriver.findElement(RemoteWebDriver.java:374)\r\n\tat org.openqa.selenium.support.ui.ExpectedConditions$6.apply(ExpectedConditions.java:174)\r\n\tat org.openqa.selenium.support.ui.ExpectedConditions$6.apply(ExpectedConditions.java:171)\r\n\tat org.openqa.selenium.support.ui.FluentWait.until(FluentWait.java:208)\r\n\t... 22 more\r\n",
    "steps" : [ {
      "name" : "Try to search bookings with address",
      "time" : {
        "start" : 1679966530975,
        "stop" : 1679966564970,
        "duration" : 33995
      },
      "status" : "broken",
      "statusMessage" : "Expected condition failed: waiting for presence of element located by: By.xpath: (//div[@class='gs-entity-list']//span)[1] (tried for 30 second(s) with 500 milliseconds interval)",
      "statusTrace" : "org.openqa.selenium.TimeoutException: Expected condition failed: waiting for presence of element located by: By.xpath: (//div[@class='gs-entity-list']//span)[1] (tried for 30 second(s) with 500 milliseconds interval)\r\n\tat org.openqa.selenium.support.ui.WebDriverWait.timeoutException(WebDriverWait.java:138)\r\n\tat org.openqa.selenium.support.ui.FluentWait.until(FluentWait.java:231)\r\n\tat selenium.core.BaseLocator.waitUntilPresent(BaseLocator.java:45)\r\n\tat selenium.pages.Header.clickOnRecord_aroundBody16(Header.java:47)\r\n\tat selenium.pages.Header$AjcClosure17.run(Header.java:1)\r\n\tat org.aspectj.runtime.reflect.JoinPointImpl.proceed(JoinPointImpl.java:167)\r\n\tat utils.logging.AspectJ.doConcurrentOperation(AspectJ.java:94)\r\n\tat selenium.pages.Header.clickOnRecord(Header.java:47)\r\n\tat selenium.steps.HeaderSteps.clickOnRecord(HeaderSteps.java:36)\r\n\tat selenium.steps.HeaderSteps.tryToSearchBookingsWithAddress(HeaderSteps.java:51)\r\n\tat testcases.web.global_search.GlobalSearch.TC_02(GlobalSearch.java:56)\r\n\tat sun.reflect.NativeMethodAccessorImpl.invoke0(Native Method)\r\n\tat sun.reflect.NativeMethodAccessorImpl.invoke(NativeMethodAccessorImpl.java:62)\r\n\tat sun.reflect.DelegatingMethodAccessorImpl.invoke(DelegatingMethodAccessorImpl.java:43)\r\n\tat java.lang.reflect.Method.invoke(Method.java:498)\r\n\tat org.testng.internal.MethodInvocationHelper.invokeMethod(MethodInvocationHelper.java:124)\r\n\tat org.testng.internal.Invoker.invokeMethod(Invoker.java:583)\r\n\tat org.testng.internal.Invoker.invokeTestMethod(Invoker.java:719)\r\n\tat org.testng.internal.Invoker.invokeTestMethods(Invoker.java:989)\r\n\tat org.testng.internal.TestMethodWorker.invokeTestMethods(TestMethodWorker.java:125)\r\n\tat org.testng.internal.TestMethodWorker.run(TestMethodWorker.java:109)\r\n\tat java.util.concurrent.ThreadPoolExecutor.runWorker(ThreadPoolExecutor.java:1149)\r\n\tat java.util.concurrent.ThreadPoolExecutor$Worker.run(ThreadPoolExecutor.java:624)\r\n\tat java.lang.Thread.run(Thread.java:748)\r\nCaused by: org.openqa.selenium.NoSuchElementException: no such element: Unable to locate element: {\"method\":\"xpath\",\"selector\":\"(//div[@class='gs-entity-list']//span)[1]\"}\n  (Session info: headless MicrosoftEdge=111.0.1661.54)\nFor documentation on this error, please visit: https://selenium.dev/exceptions/#no_such_element\nBuild info: version: '4.1.2', revision: '9a5a329c5a'\nSystem info: host: 'DAOTIEN', ip: '192.168.0.103', os.name: 'Windows 10', os.arch: 'amd64', os.version: '10.0', java.version: '1.8.0_291'\nDriver info: org.openqa.selenium.edge.EdgeDriver\nCommand: [78a22aacd2f421114662b5082a737161, findElement {using=xpath, value=(//div[@class='gs-entity-list']//span)[1]}]\nCapabilities {acceptInsecureCerts: false, browserName: msedge, browserVersion: 111.0.1661.54, javascriptEnabled: true, ms:edgeOptions: {debuggerAddress: localhost:57224}, msedge: {msedgedriverVersion: 111.0.1661.54 (9e410ec23a36..., userDataDir: C:\\Users\\daohu\\AppData\\Loca...}, networkConnectionEnabled: false, pageLoadStrategy: normal, platform: WINDOWS, platformName: WINDOWS, proxy: Proxy(), se:cdp: ws://localhost:57224/devtoo..., se:cdpVersion: 111.0.1661.54, setWindowRect: true, strictFileInteractability: false, timeouts: {implicit: 0, pageLoad: 300000, script: 30000}, unhandledPromptBehavior: dismiss and notify, webauthn:extension:credBlob: true, webauthn:extension:largeBlob: true, webauthn:extension:minPinLength: true, webauthn:extension:prf: true, webauthn:virtualAuthenticators: true}\nSession ID: 78a22aacd2f421114662b5082a737161\r\n\tat sun.reflect.GeneratedConstructorAccessor130.newInstance(Unknown Source)\r\n\tat sun.reflect.DelegatingConstructorAccessorImpl.newInstance(DelegatingConstructorAccessorImpl.java:45)\r\n\tat java.lang.reflect.Constructor.newInstance(Constructor.java:423)\r\n\tat org.openqa.selenium.remote.codec.w3c.W3CHttpResponseCodec.createException(W3CHttpResponseCodec.java:200)\r\n\tat org.openqa.selenium.remote.codec.w3c.W3CHttpResponseCodec.decode(W3CHttpResponseCodec.java:133)\r\n\tat org.openqa.selenium.remote.codec.w3c.W3CHttpResponseCodec.decode(W3CHttpResponseCodec.java:53)\r\n\tat org.openqa.selenium.remote.HttpCommandExecutor.execute(HttpCommandExecutor.java:184)\r\n\tat org.openqa.selenium.remote.service.DriverCommandExecutor.invokeExecute(DriverCommandExecutor.java:167)\r\n\tat org.openqa.selenium.remote.service.DriverCommandExecutor.execute(DriverCommandExecutor.java:142)\r\n\tat org.openqa.selenium.remote.RemoteWebDriver.execute(RemoteWebDriver.java:558)\r\n\tat org.openqa.selenium.remote.ElementLocation$ElementFinder$2.findElement(ElementLocation.java:162)\r\n\tat org.openqa.selenium.remote.ElementLocation.findElement(ElementLocation.java:60)\r\n\tat org.openqa.selenium.remote.RemoteWebDriver.findElement(RemoteWebDriver.java:382)\r\n\tat org.openqa.selenium.remote.RemoteWebDriver.findElement(RemoteWebDriver.java:374)\r\n\tat org.openqa.selenium.support.ui.ExpectedConditions$6.apply(ExpectedConditions.java:174)\r\n\tat org.openqa.selenium.support.ui.ExpectedConditions$6.apply(ExpectedConditions.java:171)\r\n\tat org.openqa.selenium.support.ui.FluentWait.until(FluentWait.java:208)\r\n\t... 22 more\r\n",
      "steps" : [ {
        "name" : "Select global search entity",
        "time" : {
          "start" : 1679966530975,
          "stop" : 1679966531545,
          "duration" : 570
        },
        "status" : "passed",
        "steps" : [ ],
        "attachments" : [ {
          "uid" : "9466319ca77fb24b",
          "name" : "Starting action: ",
          "source" : "9466319ca77fb24b.txt",
          "type" : "text/plain",
          "size" : 43
        }, {
          "uid" : "52df2e20e3692d02",
          "name" : "Action Done! ",
          "source" : "52df2e20e3692d02.txt",
          "type" : "text/plain",
          "size" : 9
        }, {
          "uid" : "fc76d7abc4f679e",
          "name" : "saveScreenShot",
          "source" : "fc76d7abc4f679e.png",
          "type" : "image/png",
          "size" : 159523
        }, {
          "uid" : "5a758a202c1bd654",
          "name" : "Starting action: ",
          "source" : "5a758a202c1bd654.txt",
          "type" : "text/plain",
          "size" : 46
        }, {
          "uid" : "c4cdd8c120f940cd",
          "name" : "Action Done! ",
          "source" : "c4cdd8c120f940cd.txt",
          "type" : "text/plain",
          "size" : 9
        }, {
          "uid" : "f19f14b8a2548589",
          "name" : "saveScreenShot",
          "source" : "f19f14b8a2548589.png",
          "type" : "image/png",
          "size" : 163289
        } ],
        "parameters" : [ {
          "name" : "entity",
          "value" : "Bookings"
        } ],
        "stepsCount" : 0,
        "hasContent" : true,
        "attachmentsCount" : 6,
        "shouldDisplayMessage" : false
      }, {
        "name" : "Enter text for global searching",
        "time" : {
          "start" : 1679966531545,
          "stop" : 1679966532130,
          "duration" : 585
        },
        "status" : "passed",
        "steps" : [ ],
        "attachments" : [ {
          "uid" : "c16d084d20a0cd85",
          "name" : "Starting action: ",
          "source" : "c16d084d20a0cd85.txt",
          "type" : "text/plain",
          "size" : 114
        }, {
          "uid" : "c5dcd650d281ece4",
          "name" : "Action Done! ",
          "source" : "c5dcd650d281ece4.txt",
          "type" : "text/plain",
          "size" : 9
        }, {
          "uid" : "6e0562ce2290f70f",
          "name" : "saveScreenShot",
          "source" : "6e0562ce2290f70f.png",
          "type" : "image/png",
          "size" : 148199
        } ],
        "parameters" : [ {
          "name" : "text",
          "value" : "36 Barton St, Everton Park QLD 4053, Australia"
        }, {
          "name" : "placeHolder",
          "value" : "Passenger name, address"
        } ],
        "stepsCount" : 0,
        "hasContent" : true,
        "attachmentsCount" : 3,
        "shouldDisplayMessage" : false
      }, {
        "name" : "Click on 1 record",
        "time" : {
          "start" : 1679966532130,
          "stop" : 1679966564970,
          "duration" : 32840
        },
        "status" : "broken",
        "statusMessage" : "Expected condition failed: waiting for presence of element located by: By.xpath: (//div[@class='gs-entity-list']//span)[1] (tried for 30 second(s) with 500 milliseconds interval)",
        "statusTrace" : "org.openqa.selenium.TimeoutException: Expected condition failed: waiting for presence of element located by: By.xpath: (//div[@class='gs-entity-list']//span)[1] (tried for 30 second(s) with 500 milliseconds interval)\r\n\tat org.openqa.selenium.support.ui.WebDriverWait.timeoutException(WebDriverWait.java:138)\r\n\tat org.openqa.selenium.support.ui.FluentWait.until(FluentWait.java:231)\r\n\tat selenium.core.BaseLocator.waitUntilPresent(BaseLocator.java:45)\r\n\tat selenium.pages.Header.clickOnRecord_aroundBody16(Header.java:47)\r\n\tat selenium.pages.Header$AjcClosure17.run(Header.java:1)\r\n\tat org.aspectj.runtime.reflect.JoinPointImpl.proceed(JoinPointImpl.java:167)\r\n\tat utils.logging.AspectJ.doConcurrentOperation(AspectJ.java:94)\r\n\tat selenium.pages.Header.clickOnRecord(Header.java:47)\r\n\tat selenium.steps.HeaderSteps.clickOnRecord(HeaderSteps.java:36)\r\n\tat selenium.steps.HeaderSteps.tryToSearchBookingsWithAddress(HeaderSteps.java:51)\r\n\tat testcases.web.global_search.GlobalSearch.TC_02(GlobalSearch.java:56)\r\n\tat sun.reflect.NativeMethodAccessorImpl.invoke0(Native Method)\r\n\tat sun.reflect.NativeMethodAccessorImpl.invoke(NativeMethodAccessorImpl.java:62)\r\n\tat sun.reflect.DelegatingMethodAccessorImpl.invoke(DelegatingMethodAccessorImpl.java:43)\r\n\tat java.lang.reflect.Method.invoke(Method.java:498)\r\n\tat org.testng.internal.MethodInvocationHelper.invokeMethod(MethodInvocationHelper.java:124)\r\n\tat org.testng.internal.Invoker.invokeMethod(Invoker.java:583)\r\n\tat org.testng.internal.Invoker.invokeTestMethod(Invoker.java:719)\r\n\tat org.testng.internal.Invoker.invokeTestMethods(Invoker.java:989)\r\n\tat org.testng.internal.TestMethodWorker.invokeTestMethods(TestMethodWorker.java:125)\r\n\tat org.testng.internal.TestMethodWorker.run(TestMethodWorker.java:109)\r\n\tat java.util.concurrent.ThreadPoolExecutor.runWorker(ThreadPoolExecutor.java:1149)\r\n\tat java.util.concurrent.ThreadPoolExecutor$Worker.run(ThreadPoolExecutor.java:624)\r\n\tat java.lang.Thread.run(Thread.java:748)\r\nCaused by: org.openqa.selenium.NoSuchElementException: no such element: Unable to locate element: {\"method\":\"xpath\",\"selector\":\"(//div[@class='gs-entity-list']//span)[1]\"}\n  (Session info: headless MicrosoftEdge=111.0.1661.54)\nFor documentation on this error, please visit: https://selenium.dev/exceptions/#no_such_element\nBuild info: version: '4.1.2', revision: '9a5a329c5a'\nSystem info: host: 'DAOTIEN', ip: '192.168.0.103', os.name: 'Windows 10', os.arch: 'amd64', os.version: '10.0', java.version: '1.8.0_291'\nDriver info: org.openqa.selenium.edge.EdgeDriver\nCommand: [78a22aacd2f421114662b5082a737161, findElement {using=xpath, value=(//div[@class='gs-entity-list']//span)[1]}]\nCapabilities {acceptInsecureCerts: false, browserName: msedge, browserVersion: 111.0.1661.54, javascriptEnabled: true, ms:edgeOptions: {debuggerAddress: localhost:57224}, msedge: {msedgedriverVersion: 111.0.1661.54 (9e410ec23a36..., userDataDir: C:\\Users\\daohu\\AppData\\Loca...}, networkConnectionEnabled: false, pageLoadStrategy: normal, platform: WINDOWS, platformName: WINDOWS, proxy: Proxy(), se:cdp: ws://localhost:57224/devtoo..., se:cdpVersion: 111.0.1661.54, setWindowRect: true, strictFileInteractability: false, timeouts: {implicit: 0, pageLoad: 300000, script: 30000}, unhandledPromptBehavior: dismiss and notify, webauthn:extension:credBlob: true, webauthn:extension:largeBlob: true, webauthn:extension:minPinLength: true, webauthn:extension:prf: true, webauthn:virtualAuthenticators: true}\nSession ID: 78a22aacd2f421114662b5082a737161\r\n\tat sun.reflect.GeneratedConstructorAccessor130.newInstance(Unknown Source)\r\n\tat sun.reflect.DelegatingConstructorAccessorImpl.newInstance(DelegatingConstructorAccessorImpl.java:45)\r\n\tat java.lang.reflect.Constructor.newInstance(Constructor.java:423)\r\n\tat org.openqa.selenium.remote.codec.w3c.W3CHttpResponseCodec.createException(W3CHttpResponseCodec.java:200)\r\n\tat org.openqa.selenium.remote.codec.w3c.W3CHttpResponseCodec.decode(W3CHttpResponseCodec.java:133)\r\n\tat org.openqa.selenium.remote.codec.w3c.W3CHttpResponseCodec.decode(W3CHttpResponseCodec.java:53)\r\n\tat org.openqa.selenium.remote.HttpCommandExecutor.execute(HttpCommandExecutor.java:184)\r\n\tat org.openqa.selenium.remote.service.DriverCommandExecutor.invokeExecute(DriverCommandExecutor.java:167)\r\n\tat org.openqa.selenium.remote.service.DriverCommandExecutor.execute(DriverCommandExecutor.java:142)\r\n\tat org.openqa.selenium.remote.RemoteWebDriver.execute(RemoteWebDriver.java:558)\r\n\tat org.openqa.selenium.remote.ElementLocation$ElementFinder$2.findElement(ElementLocation.java:162)\r\n\tat org.openqa.selenium.remote.ElementLocation.findElement(ElementLocation.java:60)\r\n\tat org.openqa.selenium.remote.RemoteWebDriver.findElement(RemoteWebDriver.java:382)\r\n\tat org.openqa.selenium.remote.RemoteWebDriver.findElement(RemoteWebDriver.java:374)\r\n\tat org.openqa.selenium.support.ui.ExpectedConditions$6.apply(ExpectedConditions.java:174)\r\n\tat org.openqa.selenium.support.ui.ExpectedConditions$6.apply(ExpectedConditions.java:171)\r\n\tat org.openqa.selenium.support.ui.FluentWait.until(FluentWait.java:208)\r\n\t... 22 more\r\n",
        "steps" : [ ],
        "attachments" : [ {
          "uid" : "cdb5d3566d23c814",
          "name" : "Starting action: ",
          "source" : "cdb5d3566d23c814.txt",
          "type" : "text/plain",
          "size" : 40
        }, {
          "uid" : "e4cacb26a2f319cc",
          "name" : "Action failed: ",
          "source" : "e4cacb26a2f319cc.txt",
          "type" : "text/plain",
          "size" : 193
        }, {
          "uid" : "182b13e84ebacedf",
          "name" : "saveScreenShot",
          "source" : "182b13e84ebacedf.png",
          "type" : "image/png",
          "size" : 138151
        } ],
        "parameters" : [ {
          "name" : "order",
          "value" : "1"
        } ],
        "stepsCount" : 0,
        "hasContent" : true,
        "attachmentsCount" : 3,
        "shouldDisplayMessage" : true
      } ],
      "attachments" : [ ],
      "parameters" : [ {
        "name" : "booking",
        "value" : "utils.models.MBooking@53e961d1"
      } ],
      "stepsCount" : 3,
      "hasContent" : true,
      "attachmentsCount" : 12,
      "shouldDisplayMessage" : false
    } ],
    "attachments" : [ ],
    "parameters" : [ ],
    "stepsCount" : 4,
    "hasContent" : true,
    "attachmentsCount" : 12,
    "shouldDisplayMessage" : false
  },
  "afterStages" : [ {
    "name" : "afterScenario",
    "time" : {
      "start" : 1679966564971,
      "stop" : 1679966565735,
      "duration" : 764
    },
    "description" : "",
    "status" : "passed",
    "steps" : [ ],
    "attachments" : [ {
      "uid" : "682b8ca48c63456",
      "name" : "saveScreenShot",
      "source" : "682b8ca48c63456.png",
      "type" : "image/png",
      "size" : 138170
    } ],
    "parameters" : [ ],
    "stepsCount" : 0,
    "hasContent" : true,
    "attachmentsCount" : 1,
    "shouldDisplayMessage" : false
  }, {
    "name" : "afterTest",
    "time" : {
      "start" : 1679966566683,
      "stop" : 1679966566683,
      "duration" : 0
    },
    "description" : "",
    "status" : "passed",
    "steps" : [ ],
    "attachments" : [ ],
    "parameters" : [ ],
    "stepsCount" : 0,
    "hasContent" : false,
    "attachmentsCount" : 0,
    "shouldDisplayMessage" : false
  }, {
    "name" : "afterSuites",
    "time" : {
      "start" : 1679966566683,
      "stop" : 1679966566683,
      "duration" : 0
    },
    "description" : "",
    "status" : "passed",
    "steps" : [ ],
    "attachments" : [ ],
    "parameters" : [ ],
    "stepsCount" : 0,
    "hasContent" : false,
    "attachmentsCount" : 0,
    "shouldDisplayMessage" : false
  } ],
  "labels" : [ {
    "name" : "package",
    "value" : "testcases.web.global_search.GlobalSearch"
  }, {
    "name" : "testClass",
    "value" : "testcases.web.global_search.GlobalSearch"
  }, {
    "name" : "testMethod",
    "value" : "TC_02"
  }, {
    "name" : "parentSuite",
    "value" : "Regression"
  }, {
    "name" : "suite",
    "value" : "Global Search"
  }, {
    "name" : "subSuite",
    "value" : "testcases.web.global_search.GlobalSearch"
  }, {
    "name" : "host",
    "value" : "DaoTien"
  }, {
    "name" : "thread",
    "value" : "16232@DaoTien.TestNG-test=Global Search-2(2213)"
  }, {
    "name" : "framework",
    "value" : "testng"
  }, {
    "name" : "language",
    "value" : "java"
  }, {
    "name" : "resultFormat",
    "value" : "allure2"
  } ],
  "parameters" : [ ],
  "links" : [ {
    "name" : "[Operation Portal][Booking flow] Can not find a trip due to #14 error",
    "url" : "https://atlassian-jira-prod-core.prod-core.au-ap-southeast-2.bridj.info/browse/BP-1033",
    "type" : "issue"
  } ],
  "hidden" : false,
  "retry" : false,
  "extra" : {
    "severity" : "normal",
    "retries" : [ ],
    "categories" : [ {
      "name" : "Test defects",
      "matchedStatuses" : [ ],
      "flaky" : false
    } ],
    "tags" : [ ]
  },
  "source" : "533cf4b46eebe10d.json",
  "parameterValues" : [ ]
}