{
  "uid" : "588563238b665a4c",
  "name" : "Verify Reporting user can not create new User Group",
  "fullName" : "testcases.web.permission.Permission.TC_23",
  "historyId" : "e2b7d91d11c6ecdf209596564bde997e",
  "time" : {
    "start" : 1680235966328,
    "stop" : 1680236003052,
    "duration" : 36724
  },
  "description" : "Verify Reporting user can not create new User Group",
  "descriptionHtml" : "<p>Verify Reporting user can not create new User Group</p>\n",
  "status" : "broken",
  "statusMessage" : "Expected condition failed: waiting for element to be clickable: By.xpath: //header//div[contains(@class,'sign-out')] (tried for 30 second(s) with 500 milliseconds interval)\nBuild info: version: '4.1.2', revision: '9a5a329c5a'\nSystem info: host: 'DAOTIEN', ip: '192.168.0.103', os.name: 'Windows 10', os.arch: 'amd64', os.version: '10.0', java.version: '1.8.0_291'\nDriver info: org.openqa.selenium.edge.EdgeDriver\nCapabilities {acceptInsecureCerts: false, browserName: msedge, browserVersion: 111.0.1661.54, javascriptEnabled: true, ms:edgeOptions: {debuggerAddress: localhost:58007}, msedge: {msedgedriverVersion: 111.0.1661.54 (9e410ec23a36..., userDataDir: C:\\Users\\daohu\\AppData\\Loca...}, networkConnectionEnabled: false, pageLoadStrategy: normal, platform: WINDOWS, platformName: WINDOWS, proxy: Proxy(), se:cdp: ws://localhost:58007/devtoo..., se:cdpVersion: 111.0.1661.54, setWindowRect: true, strictFileInteractability: false, timeouts: {implicit: 0, pageLoad: 300000, script: 30000}, unhandledPromptBehavior: dismiss and notify, webauthn:extension:credBlob: true, webauthn:extension:largeBlob: true, webauthn:extension:minPinLength: true, webauthn:extension:prf: true, webauthn:virtualAuthenticators: true}\nSession ID: 91510967e541884522c746721fa7be94",
  "statusTrace" : "org.openqa.selenium.TimeoutException: Expected condition failed: waiting for element to be clickable: By.xpath: //header//div[contains(@class,'sign-out')] (tried for 30 second(s) with 500 milliseconds interval)\nBuild info: version: '4.1.2', revision: '9a5a329c5a'\nSystem info: host: 'DAOTIEN', ip: '192.168.0.103', os.name: 'Windows 10', os.arch: 'amd64', os.version: '10.0', java.version: '1.8.0_291'\nDriver info: org.openqa.selenium.edge.EdgeDriver\nCapabilities {acceptInsecureCerts: false, browserName: msedge, browserVersion: 111.0.1661.54, javascriptEnabled: true, ms:edgeOptions: {debuggerAddress: localhost:58007}, msedge: {msedgedriverVersion: 111.0.1661.54 (9e410ec23a36..., userDataDir: C:\\Users\\daohu\\AppData\\Loca...}, networkConnectionEnabled: false, pageLoadStrategy: normal, platform: WINDOWS, platformName: WINDOWS, proxy: Proxy(), se:cdp: ws://localhost:58007/devtoo..., se:cdpVersion: 111.0.1661.54, setWindowRect: true, strictFileInteractability: false, timeouts: {implicit: 0, pageLoad: 300000, script: 30000}, unhandledPromptBehavior: dismiss and notify, webauthn:extension:credBlob: true, webauthn:extension:largeBlob: true, webauthn:extension:minPinLength: true, webauthn:extension:prf: true, webauthn:virtualAuthenticators: true}\nSession ID: 91510967e541884522c746721fa7be94\r\n\tat org.openqa.selenium.support.ui.WebDriverWait.timeoutException(WebDriverWait.java:138)\r\n\tat org.openqa.selenium.support.ui.FluentWait.until(FluentWait.java:231)\r\n\tat selenium.core.BaseLocator.waitUntilClickable(BaseLocator.java:160)\r\n\tat selenium.pages.DashboardPage.waitBtnLogOutShow_aroundBody4(DashboardPage.java:24)\r\n\tat selenium.pages.DashboardPage$AjcClosure5.run(DashboardPage.java:1)\r\n\tat org.aspectj.runtime.reflect.JoinPointImpl.proceed(JoinPointImpl.java:167)\r\n\tat utils.logging.AspectJ.doConcurrentOperation(AspectJ.java:94)\r\n\tat selenium.pages.DashboardPage.waitBtnLogOutShow(DashboardPage.java:24)\r\n\tat selenium.steps.LoginSteps.verifyLoginSuccessfully(LoginSteps.java:32)\r\n\tat testcases.web.permission.Permission.TC_23(Permission.java:967)\r\n\tat sun.reflect.NativeMethodAccessorImpl.invoke0(Native Method)\r\n\tat sun.reflect.NativeMethodAccessorImpl.invoke(NativeMethodAccessorImpl.java:62)\r\n\tat sun.reflect.DelegatingMethodAccessorImpl.invoke(DelegatingMethodAccessorImpl.java:43)\r\n\tat java.lang.reflect.Method.invoke(Method.java:498)\r\n\tat org.testng.internal.MethodInvocationHelper.invokeMethod(MethodInvocationHelper.java:124)\r\n\tat org.testng.internal.Invoker.invokeMethod(Invoker.java:583)\r\n\tat org.testng.internal.Invoker.invokeTestMethod(Invoker.java:719)\r\n\tat org.testng.internal.Invoker.invokeTestMethods(Invoker.java:989)\r\n\tat org.testng.internal.TestMethodWorker.invokeTestMethods(TestMethodWorker.java:125)\r\n\tat org.testng.internal.TestMethodWorker.run(TestMethodWorker.java:109)\r\n\tat java.util.concurrent.ThreadPoolExecutor.runWorker(ThreadPoolExecutor.java:1149)\r\n\tat java.util.concurrent.ThreadPoolExecutor$Worker.run(ThreadPoolExecutor.java:624)\r\n\tat java.lang.Thread.run(Thread.java:748)\r\n",
  "flaky" : false,
  "newFailed" : false,
  "newBroken" : false,
  "newPassed" : false,
  "retriesCount" : 0,
  "retriesStatusChange" : false,
  "beforeStages" : [ {
    "name" : "beforeTest",
    "time" : {
      "start" : 1680235757108,
      "stop" : 1680235757109,
      "duration" : 1
    },
    "description" : "",
    "status" : "passed",
    "steps" : [ ],
    "attachments" : [ ],
    "parameters" : [ ],
    "stepsCount" : 0,
    "attachmentsCount" : 0,
    "shouldDisplayMessage" : false,
    "hasContent" : false
  }, {
    "name" : "beforeSuites",
    "time" : {
      "start" : 1680235757110,
      "stop" : 1680235757943,
      "duration" : 833
    },
    "description" : "",
    "status" : "passed",
    "steps" : [ {
      "name" : "Get token from API response",
      "time" : {
        "start" : 1680235757110,
        "stop" : 1680235757943,
        "duration" : 833
      },
      "status" : "passed",
      "steps" : [ {
        "name" : "Login Operation Portal to generate token",
        "time" : {
          "start" : 1680235757110,
          "stop" : 1680235757943,
          "duration" : 833
        },
        "status" : "passed",
        "steps" : [ ],
        "attachments" : [ ],
        "parameters" : [ {
          "name" : "email",
          "value" : "daohuyt@bridj.com"
        }, {
          "name" : "passWord",
          "value" : "userPass@123"
        } ],
        "stepsCount" : 0,
        "attachmentsCount" : 0,
        "shouldDisplayMessage" : false,
        "hasContent" : true
      } ],
      "attachments" : [ ],
      "parameters" : [ {
        "name" : "email",
        "value" : "daohuyt@bridj.com"
      }, {
        "name" : "password",
        "value" : "userPass@123"
      } ],
      "stepsCount" : 1,
      "attachmentsCount" : 0,
      "shouldDisplayMessage" : false,
      "hasContent" : true
    } ],
    "attachments" : [ ],
    "parameters" : [ ],
    "stepsCount" : 2,
    "attachmentsCount" : 0,
    "shouldDisplayMessage" : false,
    "hasContent" : true
  }, {
    "name" : "beforeScenario",
    "time" : {
      "start" : 1680235963417,
      "stop" : 1680235966326,
      "duration" : 2909
    },
    "description" : "",
    "status" : "passed",
    "steps" : [ ],
    "attachments" : [ {
      "uid" : "f3243cd5b8876ca8",
      "name" : "Driver setup: ",
      "source" : "f3243cd5b8876ca8.txt",
      "type" : "text/plain",
      "size" : 119
    } ],
    "parameters" : [ ],
    "stepsCount" : 0,
    "attachmentsCount" : 1,
    "shouldDisplayMessage" : false,
    "hasContent" : true
  } ],
  "testStage" : {
    "description" : "Verify Reporting user can not create new User Group",
    "status" : "broken",
    "statusMessage" : "Expected condition failed: waiting for element to be clickable: By.xpath: //header//div[contains(@class,'sign-out')] (tried for 30 second(s) with 500 milliseconds interval)\nBuild info: version: '4.1.2', revision: '9a5a329c5a'\nSystem info: host: 'DAOTIEN', ip: '192.168.0.103', os.name: 'Windows 10', os.arch: 'amd64', os.version: '10.0', java.version: '1.8.0_291'\nDriver info: org.openqa.selenium.edge.EdgeDriver\nCapabilities {acceptInsecureCerts: false, browserName: msedge, browserVersion: 111.0.1661.54, javascriptEnabled: true, ms:edgeOptions: {debuggerAddress: localhost:58007}, msedge: {msedgedriverVersion: 111.0.1661.54 (9e410ec23a36..., userDataDir: C:\\Users\\daohu\\AppData\\Loca...}, networkConnectionEnabled: false, pageLoadStrategy: normal, platform: WINDOWS, platformName: WINDOWS, proxy: Proxy(), se:cdp: ws://localhost:58007/devtoo..., se:cdpVersion: 111.0.1661.54, setWindowRect: true, strictFileInteractability: false, timeouts: {implicit: 0, pageLoad: 300000, script: 30000}, unhandledPromptBehavior: dismiss and notify, webauthn:extension:credBlob: true, webauthn:extension:largeBlob: true, webauthn:extension:minPinLength: true, webauthn:extension:prf: true, webauthn:virtualAuthenticators: true}\nSession ID: 91510967e541884522c746721fa7be94",
    "statusTrace" : "org.openqa.selenium.TimeoutException: Expected condition failed: waiting for element to be clickable: By.xpath: //header//div[contains(@class,'sign-out')] (tried for 30 second(s) with 500 milliseconds interval)\nBuild info: version: '4.1.2', revision: '9a5a329c5a'\nSystem info: host: 'DAOTIEN', ip: '192.168.0.103', os.name: 'Windows 10', os.arch: 'amd64', os.version: '10.0', java.version: '1.8.0_291'\nDriver info: org.openqa.selenium.edge.EdgeDriver\nCapabilities {acceptInsecureCerts: false, browserName: msedge, browserVersion: 111.0.1661.54, javascriptEnabled: true, ms:edgeOptions: {debuggerAddress: localhost:58007}, msedge: {msedgedriverVersion: 111.0.1661.54 (9e410ec23a36..., userDataDir: C:\\Users\\daohu\\AppData\\Loca...}, networkConnectionEnabled: false, pageLoadStrategy: normal, platform: WINDOWS, platformName: WINDOWS, proxy: Proxy(), se:cdp: ws://localhost:58007/devtoo..., se:cdpVersion: 111.0.1661.54, setWindowRect: true, strictFileInteractability: false, timeouts: {implicit: 0, pageLoad: 300000, script: 30000}, unhandledPromptBehavior: dismiss and notify, webauthn:extension:credBlob: true, webauthn:extension:largeBlob: true, webauthn:extension:minPinLength: true, webauthn:extension:prf: true, webauthn:virtualAuthenticators: true}\nSession ID: 91510967e541884522c746721fa7be94\r\n\tat org.openqa.selenium.support.ui.WebDriverWait.timeoutException(WebDriverWait.java:138)\r\n\tat org.openqa.selenium.support.ui.FluentWait.until(FluentWait.java:231)\r\n\tat selenium.core.BaseLocator.waitUntilClickable(BaseLocator.java:160)\r\n\tat selenium.pages.DashboardPage.waitBtnLogOutShow_aroundBody4(DashboardPage.java:24)\r\n\tat selenium.pages.DashboardPage$AjcClosure5.run(DashboardPage.java:1)\r\n\tat org.aspectj.runtime.reflect.JoinPointImpl.proceed(JoinPointImpl.java:167)\r\n\tat utils.logging.AspectJ.doConcurrentOperation(AspectJ.java:94)\r\n\tat selenium.pages.DashboardPage.waitBtnLogOutShow(DashboardPage.java:24)\r\n\tat selenium.steps.LoginSteps.verifyLoginSuccessfully(LoginSteps.java:32)\r\n\tat testcases.web.permission.Permission.TC_23(Permission.java:967)\r\n\tat sun.reflect.NativeMethodAccessorImpl.invoke0(Native Method)\r\n\tat sun.reflect.NativeMethodAccessorImpl.invoke(NativeMethodAccessorImpl.java:62)\r\n\tat sun.reflect.DelegatingMethodAccessorImpl.invoke(DelegatingMethodAccessorImpl.java:43)\r\n\tat java.lang.reflect.Method.invoke(Method.java:498)\r\n\tat org.testng.internal.MethodInvocationHelper.invokeMethod(MethodInvocationHelper.java:124)\r\n\tat org.testng.internal.Invoker.invokeMethod(Invoker.java:583)\r\n\tat org.testng.internal.Invoker.invokeTestMethod(Invoker.java:719)\r\n\tat org.testng.internal.Invoker.invokeTestMethods(Invoker.java:989)\r\n\tat org.testng.internal.TestMethodWorker.invokeTestMethods(TestMethodWorker.java:125)\r\n\tat org.testng.internal.TestMethodWorker.run(TestMethodWorker.java:109)\r\n\tat java.util.concurrent.ThreadPoolExecutor.runWorker(ThreadPoolExecutor.java:1149)\r\n\tat java.util.concurrent.ThreadPoolExecutor$Worker.run(ThreadPoolExecutor.java:624)\r\n\tat java.lang.Thread.run(Thread.java:748)\r\n",
    "steps" : [ {
      "name" : "Log in with account: reporting.write@gmail.com",
      "time" : {
        "start" : 1680235966328,
        "stop" : 1680235969936,
        "duration" : 3608
      },
      "status" : "passed",
      "steps" : [ ],
      "attachments" : [ {
        "uid" : "50d8f9fb60ed0315",
        "name" : "Starting action: ",
        "source" : "50d8f9fb60ed0315.txt",
        "type" : "text/plain",
        "size" : 109
      }, {
        "uid" : "e0010974e35e6fca",
        "name" : "Action Done! ",
        "source" : "e0010974e35e6fca.txt",
        "type" : "text/plain",
        "size" : 9
      }, {
        "uid" : "33430e5655630d2b",
        "name" : "saveScreenShot",
        "source" : "33430e5655630d2b.png",
        "type" : "image/png",
        "size" : 61481
      }, {
        "uid" : "fb0f6a719ae70c1b",
        "name" : "Starting action: ",
        "source" : "fb0f6a719ae70c1b.txt",
        "type" : "text/plain",
        "size" : 64
      }, {
        "uid" : "5ac7b12debbece6f",
        "name" : "Action Done! ",
        "source" : "5ac7b12debbece6f.txt",
        "type" : "text/plain",
        "size" : 9
      }, {
        "uid" : "2ce4ce2401080b2d",
        "name" : "saveScreenShot",
        "source" : "2ce4ce2401080b2d.png",
        "type" : "image/png",
        "size" : 62103
      }, {
        "uid" : "88b6fe4d07557f2e",
        "name" : "Starting action: ",
        "source" : "88b6fe4d07557f2e.txt",
        "type" : "text/plain",
        "size" : 54
      }, {
        "uid" : "d4eadcc61dff2ff",
        "name" : "Action Done! ",
        "source" : "d4eadcc61dff2ff.txt",
        "type" : "text/plain",
        "size" : 9
      }, {
        "uid" : "fb79c98cb94fd031",
        "name" : "saveScreenShot",
        "source" : "fb79c98cb94fd031.png",
        "type" : "image/png",
        "size" : 62581
      }, {
        "uid" : "e32c577330e67c55",
        "name" : "Starting action: ",
        "source" : "e32c577330e67c55.txt",
        "type" : "text/plain",
        "size" : 40
      }, {
        "uid" : "9d6f1800baddf6a3",
        "name" : "Action Done! ",
        "source" : "9d6f1800baddf6a3.txt",
        "type" : "text/plain",
        "size" : 9
      }, {
        "uid" : "9968386cf802fe5a",
        "name" : "saveScreenShot",
        "source" : "9968386cf802fe5a.png",
        "type" : "image/png",
        "size" : 62688
      } ],
      "parameters" : [ {
        "name" : "email",
        "value" : "reporting.write@gmail.com"
      }, {
        "name" : "passWord",
        "value" : "userPass@123"
      } ],
      "stepsCount" : 0,
      "attachmentsCount" : 12,
      "shouldDisplayMessage" : false,
      "hasContent" : true
    }, {
      "name" : "Verify login successfully",
      "time" : {
        "start" : 1680235969936,
        "stop" : 1680236003051,
        "duration" : 33115
      },
      "status" : "broken",
      "statusMessage" : "Expected condition failed: waiting for element to be clickable: By.xpath: //header//div[contains(@class,'sign-out')] (tried for 30 second(s) with 500 milliseconds interval)\nBuild info: version: '4.1.2', revision: '9a5a329c5a'\nSystem info: host: 'DAOTIEN', ip: '192.168.0.103', os.name: 'Windows 10', os.arch: 'amd64', os.version: '10.0', java.version: '1.8.0_291'\nDriver info: org.openqa.selenium.edge.EdgeDriver\nCapabilities {acceptInsecureCerts: false, browserName: msedge, browserVersion: 111.0.1661.54, javascriptEnabled: true, ms:edgeOptions: {debuggerAddress: localhost:58007}, msedge: {msedgedriverVersion: 111.0.1661.54 (9e410ec23a36..., userDataDir: C:\\Users\\daohu\\AppData\\Loca...}, networkConnectionEnabled: false, pageLoadStrategy: normal, platform: WINDOWS, platformName: WINDOWS, proxy: Proxy(), se:cdp: ws://localhost:58007/devtoo..., se:cdpVersion: 111.0.1661.54, setWindowRect: true, strictFileInteractability: false, timeouts: {implicit: 0, pageLoad: 300000, script: 30000}, unhandledPromptBehavior: dismiss and notify, webauthn:extension:credBlob: true, webauthn:extension:largeBlob: true, webauthn:extension:minPinLength: true, webauthn:extension:prf: true, webauthn:virtualAuthenticators: true}\nSession ID: 91510967e541884522c746721fa7be94",
      "statusTrace" : "org.openqa.selenium.TimeoutException: Expected condition failed: waiting for element to be clickable: By.xpath: //header//div[contains(@class,'sign-out')] (tried for 30 second(s) with 500 milliseconds interval)\nBuild info: version: '4.1.2', revision: '9a5a329c5a'\nSystem info: host: 'DAOTIEN', ip: '192.168.0.103', os.name: 'Windows 10', os.arch: 'amd64', os.version: '10.0', java.version: '1.8.0_291'\nDriver info: org.openqa.selenium.edge.EdgeDriver\nCapabilities {acceptInsecureCerts: false, browserName: msedge, browserVersion: 111.0.1661.54, javascriptEnabled: true, ms:edgeOptions: {debuggerAddress: localhost:58007}, msedge: {msedgedriverVersion: 111.0.1661.54 (9e410ec23a36..., userDataDir: C:\\Users\\daohu\\AppData\\Loca...}, networkConnectionEnabled: false, pageLoadStrategy: normal, platform: WINDOWS, platformName: WINDOWS, proxy: Proxy(), se:cdp: ws://localhost:58007/devtoo..., se:cdpVersion: 111.0.1661.54, setWindowRect: true, strictFileInteractability: false, timeouts: {implicit: 0, pageLoad: 300000, script: 30000}, unhandledPromptBehavior: dismiss and notify, webauthn:extension:credBlob: true, webauthn:extension:largeBlob: true, webauthn:extension:minPinLength: true, webauthn:extension:prf: true, webauthn:virtualAuthenticators: true}\nSession ID: 91510967e541884522c746721fa7be94\r\n\tat org.openqa.selenium.support.ui.WebDriverWait.timeoutException(WebDriverWait.java:138)\r\n\tat org.openqa.selenium.support.ui.FluentWait.until(FluentWait.java:231)\r\n\tat selenium.core.BaseLocator.waitUntilClickable(BaseLocator.java:160)\r\n\tat selenium.pages.DashboardPage.waitBtnLogOutShow_aroundBody4(DashboardPage.java:24)\r\n\tat selenium.pages.DashboardPage$AjcClosure5.run(DashboardPage.java:1)\r\n\tat org.aspectj.runtime.reflect.JoinPointImpl.proceed(JoinPointImpl.java:167)\r\n\tat utils.logging.AspectJ.doConcurrentOperation(AspectJ.java:94)\r\n\tat selenium.pages.DashboardPage.waitBtnLogOutShow(DashboardPage.java:24)\r\n\tat selenium.steps.LoginSteps.verifyLoginSuccessfully(LoginSteps.java:32)\r\n\tat testcases.web.permission.Permission.TC_23(Permission.java:967)\r\n\tat sun.reflect.NativeMethodAccessorImpl.invoke0(Native Method)\r\n\tat sun.reflect.NativeMethodAccessorImpl.invoke(NativeMethodAccessorImpl.java:62)\r\n\tat sun.reflect.DelegatingMethodAccessorImpl.invoke(DelegatingMethodAccessorImpl.java:43)\r\n\tat java.lang.reflect.Method.invoke(Method.java:498)\r\n\tat org.testng.internal.MethodInvocationHelper.invokeMethod(MethodInvocationHelper.java:124)\r\n\tat org.testng.internal.Invoker.invokeMethod(Invoker.java:583)\r\n\tat org.testng.internal.Invoker.invokeTestMethod(Invoker.java:719)\r\n\tat org.testng.internal.Invoker.invokeTestMethods(Invoker.java:989)\r\n\tat org.testng.internal.TestMethodWorker.invokeTestMethods(TestMethodWorker.java:125)\r\n\tat org.testng.internal.TestMethodWorker.run(TestMethodWorker.java:109)\r\n\tat java.util.concurrent.ThreadPoolExecutor.runWorker(ThreadPoolExecutor.java:1149)\r\n\tat java.util.concurrent.ThreadPoolExecutor$Worker.run(ThreadPoolExecutor.java:624)\r\n\tat java.lang.Thread.run(Thread.java:748)\r\n",
      "steps" : [ ],
      "attachments" : [ {
        "uid" : "438d61b3450a34ac",
        "name" : "Starting action: ",
        "source" : "438d61b3450a34ac.txt",
        "type" : "text/plain",
        "size" : 111
      }, {
        "uid" : "e9b01b3d52d0fb49",
        "name" : "Action Done! ",
        "source" : "e9b01b3d52d0fb49.txt",
        "type" : "text/plain",
        "size" : 9
      }, {
        "uid" : "cc081a76b7d3f786",
        "name" : "saveScreenShot",
        "source" : "cc081a76b7d3f786.png",
        "type" : "image/png",
        "size" : 62735
      }, {
        "uid" : "41cbc4b1f95a6412",
        "name" : "Starting action: ",
        "source" : "41cbc4b1f95a6412.txt",
        "type" : "text/plain",
        "size" : 48
      }, {
        "uid" : "5a79f9bbc99b0b20",
        "name" : "Action failed: ",
        "source" : "5a79f9bbc99b0b20.txt",
        "type" : "text/plain",
        "size" : 1273
      }, {
        "uid" : "ac2132dbaf1e8d2b",
        "name" : "saveScreenShot",
        "source" : "ac2132dbaf1e8d2b.png",
        "type" : "image/png",
        "size" : 100964
      } ],
      "parameters" : [ ],
      "stepsCount" : 0,
      "attachmentsCount" : 6,
      "shouldDisplayMessage" : true,
      "hasContent" : true
    } ],
    "attachments" : [ ],
    "parameters" : [ ],
    "stepsCount" : 2,
    "attachmentsCount" : 18,
    "shouldDisplayMessage" : false,
    "hasContent" : true
  },
  "afterStages" : [ {
    "name" : "afterScenario",
    "time" : {
      "start" : 1680236003053,
      "stop" : 1680236003849,
      "duration" : 796
    },
    "description" : "",
    "status" : "passed",
    "steps" : [ ],
    "attachments" : [ {
      "uid" : "2ce19ad0a42d0fe1",
      "name" : "saveScreenShot",
      "source" : "2ce19ad0a42d0fe1.png",
      "type" : "image/png",
      "size" : 100964
    } ],
    "parameters" : [ ],
    "stepsCount" : 0,
    "attachmentsCount" : 1,
    "shouldDisplayMessage" : false,
    "hasContent" : true
  }, {
    "name" : "afterSuites",
    "time" : {
      "start" : 1680236238759,
      "stop" : 1680236238759,
      "duration" : 0
    },
    "description" : "",
    "status" : "passed",
    "steps" : [ ],
    "attachments" : [ ],
    "parameters" : [ ],
    "stepsCount" : 0,
    "attachmentsCount" : 0,
    "shouldDisplayMessage" : false,
    "hasContent" : false
  }, {
    "name" : "afterTest",
    "time" : {
      "start" : 1680236388979,
      "stop" : 1680236388979,
      "duration" : 0
    },
    "description" : "",
    "status" : "passed",
    "steps" : [ ],
    "attachments" : [ ],
    "parameters" : [ ],
    "stepsCount" : 0,
    "attachmentsCount" : 0,
    "shouldDisplayMessage" : false,
    "hasContent" : false
  } ],
  "labels" : [ {
    "name" : "package",
    "value" : "testcases.web.permission.Permission"
  }, {
    "name" : "testClass",
    "value" : "testcases.web.permission.Permission"
  }, {
    "name" : "testMethod",
    "value" : "TC_23"
  }, {
    "name" : "parentSuite",
    "value" : "Regression"
  }, {
    "name" : "suite",
    "value" : "Permission"
  }, {
    "name" : "subSuite",
    "value" : "testcases.web.permission.Permission"
  }, {
    "name" : "host",
    "value" : "DaoTien"
  }, {
    "name" : "thread",
    "value" : "16880@DaoTien.TestNG-test=Permission-3(1188)"
  }, {
    "name" : "framework",
    "value" : "testng"
  }, {
    "name" : "language",
    "value" : "java"
  }, {
    "name" : "resultFormat",
    "value" : "allure2"
  } ],
  "parameters" : [ {
    "name" : "arg0",
    "value" : "utils.models.MUser@d892e98"
  } ],
  "links" : [ ],
  "hidden" : false,
  "retry" : false,
  "extra" : {
    "severity" : "normal",
    "retries" : [ ],
    "categories" : [ {
      "name" : "Test defects",
      "matchedStatuses" : [ ],
      "flaky" : false
    } ],
    "tags" : [ ]
  },
  "source" : "588563238b665a4c.json",
  "parameterValues" : [ "utils.models.MUser@d892e98" ]
}