{
  "uid" : "5a0402d3b7c3e579",
  "name" : "Verify user can search bookings by address",
  "fullName" : "testcases.web.global_search.GlobalSearch.TC_02",
  "historyId" : "e88abb3c9d08cc942530f6db82e49c45",
  "time" : {
    "start" : 1680236879244,
    "stop" : 1680236913536,
    "duration" : 34292
  },
  "description" : "Verify user can search bookings by address",
  "descriptionHtml" : "<p>Verify user can search bookings by address</p>\n",
  "status" : "broken",
  "statusMessage" : "Expected condition failed: waiting for presence of element located by: By.xpath: (//div[@class='gs-entity-list']//span)[1] (tried for 30 second(s) with 500 milliseconds interval)",
  "statusTrace" : "org.openqa.selenium.TimeoutException: Expected condition failed: waiting for presence of element located by: By.xpath: (//div[@class='gs-entity-list']//span)[1] (tried for 30 second(s) with 500 milliseconds interval)\r\n\tat org.openqa.selenium.support.ui.WebDriverWait.timeoutException(WebDriverWait.java:138)\r\n\tat org.openqa.selenium.support.ui.FluentWait.until(FluentWait.java:231)\r\n\tat selenium.core.BaseLocator.waitUntilPresent(BaseLocator.java:45)\r\n\tat selenium.pages.Header.clickOnRecord_aroundBody16(Header.java:47)\r\n\tat selenium.pages.Header$AjcClosure17.run(Header.java:1)\r\n\tat org.aspectj.runtime.reflect.JoinPointImpl.proceed(JoinPointImpl.java:167)\r\n\tat utils.logging.AspectJ.doConcurrentOperation(AspectJ.java:94)\r\n\tat selenium.pages.Header.clickOnRecord(Header.java:47)\r\n\tat selenium.steps.HeaderSteps.clickOnRecord(HeaderSteps.java:36)\r\n\tat selenium.steps.HeaderSteps.tryToSearchBookingsWithAddress(HeaderSteps.java:51)\r\n\tat testcases.web.global_search.GlobalSearch.TC_02(GlobalSearch.java:56)\r\n\tat sun.reflect.NativeMethodAccessorImpl.invoke0(Native Method)\r\n\tat sun.reflect.NativeMethodAccessorImpl.invoke(NativeMethodAccessorImpl.java:62)\r\n\tat sun.reflect.DelegatingMethodAccessorImpl.invoke(DelegatingMethodAccessorImpl.java:43)\r\n\tat java.lang.reflect.Method.invoke(Method.java:498)\r\n\tat org.testng.internal.MethodInvocationHelper.invokeMethod(MethodInvocationHelper.java:124)\r\n\tat org.testng.internal.Invoker.invokeMethod(Invoker.java:583)\r\n\tat org.testng.internal.Invoker.invokeTestMethod(Invoker.java:719)\r\n\tat org.testng.internal.Invoker.invokeTestMethods(Invoker.java:989)\r\n\tat org.testng.internal.TestMethodWorker.invokeTestMethods(TestMethodWorker.java:125)\r\n\tat org.testng.internal.TestMethodWorker.run(TestMethodWorker.java:109)\r\n\tat java.util.concurrent.ThreadPoolExecutor.runWorker(ThreadPoolExecutor.java:1149)\r\n\tat java.util.concurrent.ThreadPoolExecutor$Worker.run(ThreadPoolExecutor.java:624)\r\n\tat java.lang.Thread.run(Thread.java:748)\r\nCaused by: org.openqa.selenium.NoSuchElementException: no such element: Unable to locate element: {\"method\":\"xpath\",\"selector\":\"(//div[@class='gs-entity-list']//span)[1]\"}\n  (Session info: headless MicrosoftEdge=111.0.1661.54)\nFor documentation on this error, please visit: https://selenium.dev/exceptions/#no_such_element\nBuild info: version: '4.1.2', revision: '9a5a329c5a'\nSystem info: host: 'DAOTIEN', ip: '192.168.0.103', os.name: 'Windows 10', os.arch: 'amd64', os.version: '10.0', java.version: '1.8.0_291'\nDriver info: org.openqa.selenium.edge.EdgeDriver\nCommand: [c8693f5e98a1b1c05f9208013c232479, findElement {using=xpath, value=(//div[@class='gs-entity-list']//span)[1]}]\nCapabilities {acceptInsecureCerts: false, browserName: msedge, browserVersion: 111.0.1661.54, javascriptEnabled: true, ms:edgeOptions: {debuggerAddress: localhost:59776}, msedge: {msedgedriverVersion: 111.0.1661.54 (9e410ec23a36..., userDataDir: C:\\Users\\daohu\\AppData\\Loca...}, networkConnectionEnabled: false, pageLoadStrategy: normal, platform: WINDOWS, platformName: WINDOWS, proxy: Proxy(), se:cdp: ws://localhost:59776/devtoo..., se:cdpVersion: 111.0.1661.54, setWindowRect: true, strictFileInteractability: false, timeouts: {implicit: 0, pageLoad: 300000, script: 30000}, unhandledPromptBehavior: dismiss and notify, webauthn:extension:credBlob: true, webauthn:extension:largeBlob: true, webauthn:extension:minPinLength: true, webauthn:extension:prf: true, webauthn:virtualAuthenticators: true}\nSession ID: c8693f5e98a1b1c05f9208013c232479\r\n\tat sun.reflect.GeneratedConstructorAccessor55.newInstance(Unknown Source)\r\n\tat sun.reflect.DelegatingConstructorAccessorImpl.newInstance(DelegatingConstructorAccessorImpl.java:45)\r\n\tat java.lang.reflect.Constructor.newInstance(Constructor.java:423)\r\n\tat org.openqa.selenium.remote.codec.w3c.W3CHttpResponseCodec.createException(W3CHttpResponseCodec.java:200)\r\n\tat org.openqa.selenium.remote.codec.w3c.W3CHttpResponseCodec.decode(W3CHttpResponseCodec.java:133)\r\n\tat org.openqa.selenium.remote.codec.w3c.W3CHttpResponseCodec.decode(W3CHttpResponseCodec.java:53)\r\n\tat org.openqa.selenium.remote.HttpCommandExecutor.execute(HttpCommandExecutor.java:184)\r\n\tat org.openqa.selenium.remote.service.DriverCommandExecutor.invokeExecute(DriverCommandExecutor.java:167)\r\n\tat org.openqa.selenium.remote.service.DriverCommandExecutor.execute(DriverCommandExecutor.java:142)\r\n\tat org.openqa.selenium.remote.RemoteWebDriver.execute(RemoteWebDriver.java:558)\r\n\tat org.openqa.selenium.remote.ElementLocation$ElementFinder$2.findElement(ElementLocation.java:162)\r\n\tat org.openqa.selenium.remote.ElementLocation.findElement(ElementLocation.java:60)\r\n\tat org.openqa.selenium.remote.RemoteWebDriver.findElement(RemoteWebDriver.java:382)\r\n\tat org.openqa.selenium.remote.RemoteWebDriver.findElement(RemoteWebDriver.java:374)\r\n\tat org.openqa.selenium.support.ui.ExpectedConditions$6.apply(ExpectedConditions.java:174)\r\n\tat org.openqa.selenium.support.ui.ExpectedConditions$6.apply(ExpectedConditions.java:171)\r\n\tat org.openqa.selenium.support.ui.FluentWait.until(FluentWait.java:208)\r\n\t... 22 more\r\n",
  "flaky" : false,
  "newFailed" : false,
  "newBroken" : false,
  "newPassed" : false,
  "retriesCount" : 0,
  "retriesStatusChange" : false,
  "beforeStages" : [ {
    "name" : "beforeTest",
    "time" : {
      "start" : 1680236869333,
      "stop" : 1680236869333,
      "duration" : 0
    },
    "description" : "",
    "status" : "passed",
    "steps" : [ ],
    "attachments" : [ ],
    "parameters" : [ ],
    "stepsCount" : 0,
    "attachmentsCount" : 0,
    "shouldDisplayMessage" : false,
    "hasContent" : false
  }, {
    "name" : "beforeSuites",
    "time" : {
      "start" : 1680236869333,
      "stop" : 1680236870151,
      "duration" : 818
    },
    "description" : "",
    "status" : "passed",
    "steps" : [ {
      "name" : "Get token from API response",
      "time" : {
        "start" : 1680236869333,
        "stop" : 1680236870151,
        "duration" : 818
      },
      "status" : "passed",
      "steps" : [ {
        "name" : "Login Operation Portal to generate token",
        "time" : {
          "start" : 1680236869333,
          "stop" : 1680236870151,
          "duration" : 818
        },
        "status" : "passed",
        "steps" : [ ],
        "attachments" : [ ],
        "parameters" : [ {
          "name" : "email",
          "value" : "daohuyt@bridj.com"
        }, {
          "name" : "passWord",
          "value" : "userPass@123"
        } ],
        "stepsCount" : 0,
        "attachmentsCount" : 0,
        "shouldDisplayMessage" : false,
        "hasContent" : true
      } ],
      "attachments" : [ ],
      "parameters" : [ {
        "name" : "email",
        "value" : "daohuyt@bridj.com"
      }, {
        "name" : "password",
        "value" : "userPass@123"
      } ],
      "stepsCount" : 1,
      "attachmentsCount" : 0,
      "shouldDisplayMessage" : false,
      "hasContent" : true
    } ],
    "attachments" : [ ],
    "parameters" : [ ],
    "stepsCount" : 2,
    "attachmentsCount" : 0,
    "shouldDisplayMessage" : false,
    "hasContent" : true
  }, {
    "name" : "beforeScenario",
    "time" : {
      "start" : 1680236870151,
      "stop" : 1680236873479,
      "duration" : 3328
    },
    "description" : "",
    "status" : "passed",
    "steps" : [ ],
    "attachments" : [ {
      "uid" : "4577612c8bb13075",
      "name" : "Driver setup: ",
      "source" : "4577612c8bb13075.txt",
      "type" : "text/plain",
      "size" : 119
    } ],
    "parameters" : [ ],
    "stepsCount" : 0,
    "attachmentsCount" : 1,
    "shouldDisplayMessage" : false,
    "hasContent" : true
  }, {
    "name" : "beforeEachScenario",
    "time" : {
      "start" : 1680236873480,
      "stop" : 1680236879242,
      "duration" : 5762
    },
    "description" : "",
    "status" : "passed",
    "steps" : [ {
      "name" : "Log in with account: daohuyt@bridj.com",
      "time" : {
        "start" : 1680236873480,
        "stop" : 1680236878622,
        "duration" : 5142
      },
      "status" : "passed",
      "steps" : [ {
        "name" : "Get token from API response",
        "time" : {
          "start" : 1680236877734,
          "stop" : 1680236878622,
          "duration" : 888
        },
        "status" : "passed",
        "steps" : [ {
          "name" : "Login Operation Portal to generate token",
          "time" : {
            "start" : 1680236877734,
            "stop" : 1680236878621,
            "duration" : 887
          },
          "status" : "passed",
          "steps" : [ ],
          "attachments" : [ ],
          "parameters" : [ {
            "name" : "email",
            "value" : "daohuyt@bridj.com"
          }, {
            "name" : "passWord",
            "value" : "userPass@123"
          } ],
          "stepsCount" : 0,
          "attachmentsCount" : 0,
          "shouldDisplayMessage" : false,
          "hasContent" : true
        } ],
        "attachments" : [ ],
        "parameters" : [ {
          "name" : "email",
          "value" : "daohuyt@bridj.com"
        }, {
          "name" : "password",
          "value" : "userPass@123"
        } ],
        "stepsCount" : 1,
        "attachmentsCount" : 0,
        "shouldDisplayMessage" : false,
        "hasContent" : true
      } ],
      "attachments" : [ {
        "uid" : "888ba18f43f6897a",
        "name" : "Starting action: ",
        "source" : "888ba18f43f6897a.txt",
        "type" : "text/plain",
        "size" : 109
      }, {
        "uid" : "2f8b4e3a9aa8b296",
        "name" : "Action Done! ",
        "source" : "2f8b4e3a9aa8b296.txt",
        "type" : "text/plain",
        "size" : 9
      }, {
        "uid" : "cd96feea46da79bf",
        "name" : "saveScreenShot",
        "source" : "cd96feea46da79bf.png",
        "type" : "image/png",
        "size" : 61481
      }, {
        "uid" : "302f639cade06247",
        "name" : "Starting action: ",
        "source" : "302f639cade06247.txt",
        "type" : "text/plain",
        "size" : 56
      }, {
        "uid" : "368ffae696f0e3cb",
        "name" : "Action Done! ",
        "source" : "368ffae696f0e3cb.txt",
        "type" : "text/plain",
        "size" : 9
      }, {
        "uid" : "da54289d49ef0b0b",
        "name" : "saveScreenShot",
        "source" : "da54289d49ef0b0b.png",
        "type" : "image/png",
        "size" : 61630
      }, {
        "uid" : "e23843122b6fdde8",
        "name" : "Starting action: ",
        "source" : "e23843122b6fdde8.txt",
        "type" : "text/plain",
        "size" : 54
      }, {
        "uid" : "1bb065b2a134c001",
        "name" : "Action Done! ",
        "source" : "1bb065b2a134c001.txt",
        "type" : "text/plain",
        "size" : 9
      }, {
        "uid" : "6d5936784bc099b1",
        "name" : "saveScreenShot",
        "source" : "6d5936784bc099b1.png",
        "type" : "image/png",
        "size" : 62294
      }, {
        "uid" : "6f25bc6e93d6fc32",
        "name" : "Starting action: ",
        "source" : "6f25bc6e93d6fc32.txt",
        "type" : "text/plain",
        "size" : 40
      }, {
        "uid" : "54c27b9ac4549342",
        "name" : "Action Done! ",
        "source" : "54c27b9ac4549342.txt",
        "type" : "text/plain",
        "size" : 9
      }, {
        "uid" : "f7753ac5aef1f3a2",
        "name" : "saveScreenShot",
        "source" : "f7753ac5aef1f3a2.png",
        "type" : "image/png",
        "size" : 62292
      } ],
      "parameters" : [ {
        "name" : "email",
        "value" : "daohuyt@bridj.com"
      }, {
        "name" : "passWord",
        "value" : "userPass@123"
      } ],
      "stepsCount" : 2,
      "attachmentsCount" : 12,
      "shouldDisplayMessage" : false,
      "hasContent" : true
    }, {
      "name" : "Verify login successfully",
      "time" : {
        "start" : 1680236878622,
        "stop" : 1680236879050,
        "duration" : 428
      },
      "status" : "passed",
      "steps" : [ ],
      "attachments" : [ {
        "uid" : "fbfe8a207f9be85a",
        "name" : "Starting action: ",
        "source" : "fbfe8a207f9be85a.txt",
        "type" : "text/plain",
        "size" : 111
      }, {
        "uid" : "a3948b47cb4644fc",
        "name" : "Action Done! ",
        "source" : "a3948b47cb4644fc.txt",
        "type" : "text/plain",
        "size" : 9
      }, {
        "uid" : "f05f30d4717bc6c1",
        "name" : "saveScreenShot",
        "source" : "f05f30d4717bc6c1.png",
        "type" : "image/png",
        "size" : 154098
      }, {
        "uid" : "9555c3252f994b61",
        "name" : "Starting action: ",
        "source" : "9555c3252f994b61.txt",
        "type" : "text/plain",
        "size" : 48
      }, {
        "uid" : "bc448ad3a4f5e9d6",
        "name" : "Action Done! ",
        "source" : "bc448ad3a4f5e9d6.txt",
        "type" : "text/plain",
        "size" : 9
      }, {
        "uid" : "fda3c1cc42f15e80",
        "name" : "saveScreenShot",
        "source" : "fda3c1cc42f15e80.png",
        "type" : "image/png",
        "size" : 154087
      } ],
      "parameters" : [ ],
      "stepsCount" : 0,
      "attachmentsCount" : 6,
      "shouldDisplayMessage" : false,
      "hasContent" : true
    }, {
      "name" : "Can access page 'https://client-portal-staging.staging.au-ap-southeast-2.bridj.info/#/' successfully",
      "time" : {
        "start" : 1680236879051,
        "stop" : 1680236879242,
        "duration" : 191
      },
      "status" : "passed",
      "steps" : [ ],
      "attachments" : [ {
        "uid" : "c9822435acbf5080",
        "name" : "Starting action: ",
        "source" : "c9822435acbf5080.txt",
        "type" : "text/plain",
        "size" : 111
      }, {
        "uid" : "85cff73452f5cd70",
        "name" : "Action Done! ",
        "source" : "85cff73452f5cd70.txt",
        "type" : "text/plain",
        "size" : 9
      }, {
        "uid" : "9b30552177bbcaa",
        "name" : "saveScreenShot",
        "source" : "9b30552177bbcaa.png",
        "type" : "image/png",
        "size" : 154087
      } ],
      "parameters" : [ {
        "name" : "url",
        "value" : "https://client-portal-staging.staging.au-ap-southeast-2.bridj.info/#/"
      } ],
      "stepsCount" : 0,
      "attachmentsCount" : 3,
      "shouldDisplayMessage" : false,
      "hasContent" : true
    } ],
    "attachments" : [ ],
    "parameters" : [ ],
    "stepsCount" : 5,
    "attachmentsCount" : 21,
    "shouldDisplayMessage" : false,
    "hasContent" : true
  } ],
  "testStage" : {
    "description" : "Verify user can search bookings by address",
    "status" : "broken",
    "statusMessage" : "Expected condition failed: waiting for presence of element located by: By.xpath: (//div[@class='gs-entity-list']//span)[1] (tried for 30 second(s) with 500 milliseconds interval)",
    "statusTrace" : "org.openqa.selenium.TimeoutException: Expected condition failed: waiting for presence of element located by: By.xpath: (//div[@class='gs-entity-list']//span)[1] (tried for 30 second(s) with 500 milliseconds interval)\r\n\tat org.openqa.selenium.support.ui.WebDriverWait.timeoutException(WebDriverWait.java:138)\r\n\tat org.openqa.selenium.support.ui.FluentWait.until(FluentWait.java:231)\r\n\tat selenium.core.BaseLocator.waitUntilPresent(BaseLocator.java:45)\r\n\tat selenium.pages.Header.clickOnRecord_aroundBody16(Header.java:47)\r\n\tat selenium.pages.Header$AjcClosure17.run(Header.java:1)\r\n\tat org.aspectj.runtime.reflect.JoinPointImpl.proceed(JoinPointImpl.java:167)\r\n\tat utils.logging.AspectJ.doConcurrentOperation(AspectJ.java:94)\r\n\tat selenium.pages.Header.clickOnRecord(Header.java:47)\r\n\tat selenium.steps.HeaderSteps.clickOnRecord(HeaderSteps.java:36)\r\n\tat selenium.steps.HeaderSteps.tryToSearchBookingsWithAddress(HeaderSteps.java:51)\r\n\tat testcases.web.global_search.GlobalSearch.TC_02(GlobalSearch.java:56)\r\n\tat sun.reflect.NativeMethodAccessorImpl.invoke0(Native Method)\r\n\tat sun.reflect.NativeMethodAccessorImpl.invoke(NativeMethodAccessorImpl.java:62)\r\n\tat sun.reflect.DelegatingMethodAccessorImpl.invoke(DelegatingMethodAccessorImpl.java:43)\r\n\tat java.lang.reflect.Method.invoke(Method.java:498)\r\n\tat org.testng.internal.MethodInvocationHelper.invokeMethod(MethodInvocationHelper.java:124)\r\n\tat org.testng.internal.Invoker.invokeMethod(Invoker.java:583)\r\n\tat org.testng.internal.Invoker.invokeTestMethod(Invoker.java:719)\r\n\tat org.testng.internal.Invoker.invokeTestMethods(Invoker.java:989)\r\n\tat org.testng.internal.TestMethodWorker.invokeTestMethods(TestMethodWorker.java:125)\r\n\tat org.testng.internal.TestMethodWorker.run(TestMethodWorker.java:109)\r\n\tat java.util.concurrent.ThreadPoolExecutor.runWorker(ThreadPoolExecutor.java:1149)\r\n\tat java.util.concurrent.ThreadPoolExecutor$Worker.run(ThreadPoolExecutor.java:624)\r\n\tat java.lang.Thread.run(Thread.java:748)\r\nCaused by: org.openqa.selenium.NoSuchElementException: no such element: Unable to locate element: {\"method\":\"xpath\",\"selector\":\"(//div[@class='gs-entity-list']//span)[1]\"}\n  (Session info: headless MicrosoftEdge=111.0.1661.54)\nFor documentation on this error, please visit: https://selenium.dev/exceptions/#no_such_element\nBuild info: version: '4.1.2', revision: '9a5a329c5a'\nSystem info: host: 'DAOTIEN', ip: '192.168.0.103', os.name: 'Windows 10', os.arch: 'amd64', os.version: '10.0', java.version: '1.8.0_291'\nDriver info: org.openqa.selenium.edge.EdgeDriver\nCommand: [c8693f5e98a1b1c05f9208013c232479, findElement {using=xpath, value=(//div[@class='gs-entity-list']//span)[1]}]\nCapabilities {acceptInsecureCerts: false, browserName: msedge, browserVersion: 111.0.1661.54, javascriptEnabled: true, ms:edgeOptions: {debuggerAddress: localhost:59776}, msedge: {msedgedriverVersion: 111.0.1661.54 (9e410ec23a36..., userDataDir: C:\\Users\\daohu\\AppData\\Loca...}, networkConnectionEnabled: false, pageLoadStrategy: normal, platform: WINDOWS, platformName: WINDOWS, proxy: Proxy(), se:cdp: ws://localhost:59776/devtoo..., se:cdpVersion: 111.0.1661.54, setWindowRect: true, strictFileInteractability: false, timeouts: {implicit: 0, pageLoad: 300000, script: 30000}, unhandledPromptBehavior: dismiss and notify, webauthn:extension:credBlob: true, webauthn:extension:largeBlob: true, webauthn:extension:minPinLength: true, webauthn:extension:prf: true, webauthn:virtualAuthenticators: true}\nSession ID: c8693f5e98a1b1c05f9208013c232479\r\n\tat sun.reflect.GeneratedConstructorAccessor55.newInstance(Unknown Source)\r\n\tat sun.reflect.DelegatingConstructorAccessorImpl.newInstance(DelegatingConstructorAccessorImpl.java:45)\r\n\tat java.lang.reflect.Constructor.newInstance(Constructor.java:423)\r\n\tat org.openqa.selenium.remote.codec.w3c.W3CHttpResponseCodec.createException(W3CHttpResponseCodec.java:200)\r\n\tat org.openqa.selenium.remote.codec.w3c.W3CHttpResponseCodec.decode(W3CHttpResponseCodec.java:133)\r\n\tat org.openqa.selenium.remote.codec.w3c.W3CHttpResponseCodec.decode(W3CHttpResponseCodec.java:53)\r\n\tat org.openqa.selenium.remote.HttpCommandExecutor.execute(HttpCommandExecutor.java:184)\r\n\tat org.openqa.selenium.remote.service.DriverCommandExecutor.invokeExecute(DriverCommandExecutor.java:167)\r\n\tat org.openqa.selenium.remote.service.DriverCommandExecutor.execute(DriverCommandExecutor.java:142)\r\n\tat org.openqa.selenium.remote.RemoteWebDriver.execute(RemoteWebDriver.java:558)\r\n\tat org.openqa.selenium.remote.ElementLocation$ElementFinder$2.findElement(ElementLocation.java:162)\r\n\tat org.openqa.selenium.remote.ElementLocation.findElement(ElementLocation.java:60)\r\n\tat org.openqa.selenium.remote.RemoteWebDriver.findElement(RemoteWebDriver.java:382)\r\n\tat org.openqa.selenium.remote.RemoteWebDriver.findElement(RemoteWebDriver.java:374)\r\n\tat org.openqa.selenium.support.ui.ExpectedConditions$6.apply(ExpectedConditions.java:174)\r\n\tat org.openqa.selenium.support.ui.ExpectedConditions$6.apply(ExpectedConditions.java:171)\r\n\tat org.openqa.selenium.support.ui.FluentWait.until(FluentWait.java:208)\r\n\t... 22 more\r\n",
    "steps" : [ {
      "name" : "Try to search bookings with address",
      "time" : {
        "start" : 1680236879245,
        "stop" : 1680236913536,
        "duration" : 34291
      },
      "status" : "broken",
      "statusMessage" : "Expected condition failed: waiting for presence of element located by: By.xpath: (//div[@class='gs-entity-list']//span)[1] (tried for 30 second(s) with 500 milliseconds interval)",
      "statusTrace" : "org.openqa.selenium.TimeoutException: Expected condition failed: waiting for presence of element located by: By.xpath: (//div[@class='gs-entity-list']//span)[1] (tried for 30 second(s) with 500 milliseconds interval)\r\n\tat org.openqa.selenium.support.ui.WebDriverWait.timeoutException(WebDriverWait.java:138)\r\n\tat org.openqa.selenium.support.ui.FluentWait.until(FluentWait.java:231)\r\n\tat selenium.core.BaseLocator.waitUntilPresent(BaseLocator.java:45)\r\n\tat selenium.pages.Header.clickOnRecord_aroundBody16(Header.java:47)\r\n\tat selenium.pages.Header$AjcClosure17.run(Header.java:1)\r\n\tat org.aspectj.runtime.reflect.JoinPointImpl.proceed(JoinPointImpl.java:167)\r\n\tat utils.logging.AspectJ.doConcurrentOperation(AspectJ.java:94)\r\n\tat selenium.pages.Header.clickOnRecord(Header.java:47)\r\n\tat selenium.steps.HeaderSteps.clickOnRecord(HeaderSteps.java:36)\r\n\tat selenium.steps.HeaderSteps.tryToSearchBookingsWithAddress(HeaderSteps.java:51)\r\n\tat testcases.web.global_search.GlobalSearch.TC_02(GlobalSearch.java:56)\r\n\tat sun.reflect.NativeMethodAccessorImpl.invoke0(Native Method)\r\n\tat sun.reflect.NativeMethodAccessorImpl.invoke(NativeMethodAccessorImpl.java:62)\r\n\tat sun.reflect.DelegatingMethodAccessorImpl.invoke(DelegatingMethodAccessorImpl.java:43)\r\n\tat java.lang.reflect.Method.invoke(Method.java:498)\r\n\tat org.testng.internal.MethodInvocationHelper.invokeMethod(MethodInvocationHelper.java:124)\r\n\tat org.testng.internal.Invoker.invokeMethod(Invoker.java:583)\r\n\tat org.testng.internal.Invoker.invokeTestMethod(Invoker.java:719)\r\n\tat org.testng.internal.Invoker.invokeTestMethods(Invoker.java:989)\r\n\tat org.testng.internal.TestMethodWorker.invokeTestMethods(TestMethodWorker.java:125)\r\n\tat org.testng.internal.TestMethodWorker.run(TestMethodWorker.java:109)\r\n\tat java.util.concurrent.ThreadPoolExecutor.runWorker(ThreadPoolExecutor.java:1149)\r\n\tat java.util.concurrent.ThreadPoolExecutor$Worker.run(ThreadPoolExecutor.java:624)\r\n\tat java.lang.Thread.run(Thread.java:748)\r\nCaused by: org.openqa.selenium.NoSuchElementException: no such element: Unable to locate element: {\"method\":\"xpath\",\"selector\":\"(//div[@class='gs-entity-list']//span)[1]\"}\n  (Session info: headless MicrosoftEdge=111.0.1661.54)\nFor documentation on this error, please visit: https://selenium.dev/exceptions/#no_such_element\nBuild info: version: '4.1.2', revision: '9a5a329c5a'\nSystem info: host: 'DAOTIEN', ip: '192.168.0.103', os.name: 'Windows 10', os.arch: 'amd64', os.version: '10.0', java.version: '1.8.0_291'\nDriver info: org.openqa.selenium.edge.EdgeDriver\nCommand: [c8693f5e98a1b1c05f9208013c232479, findElement {using=xpath, value=(//div[@class='gs-entity-list']//span)[1]}]\nCapabilities {acceptInsecureCerts: false, browserName: msedge, browserVersion: 111.0.1661.54, javascriptEnabled: true, ms:edgeOptions: {debuggerAddress: localhost:59776}, msedge: {msedgedriverVersion: 111.0.1661.54 (9e410ec23a36..., userDataDir: C:\\Users\\daohu\\AppData\\Loca...}, networkConnectionEnabled: false, pageLoadStrategy: normal, platform: WINDOWS, platformName: WINDOWS, proxy: Proxy(), se:cdp: ws://localhost:59776/devtoo..., se:cdpVersion: 111.0.1661.54, setWindowRect: true, strictFileInteractability: false, timeouts: {implicit: 0, pageLoad: 300000, script: 30000}, unhandledPromptBehavior: dismiss and notify, webauthn:extension:credBlob: true, webauthn:extension:largeBlob: true, webauthn:extension:minPinLength: true, webauthn:extension:prf: true, webauthn:virtualAuthenticators: true}\nSession ID: c8693f5e98a1b1c05f9208013c232479\r\n\tat sun.reflect.GeneratedConstructorAccessor55.newInstance(Unknown Source)\r\n\tat sun.reflect.DelegatingConstructorAccessorImpl.newInstance(DelegatingConstructorAccessorImpl.java:45)\r\n\tat java.lang.reflect.Constructor.newInstance(Constructor.java:423)\r\n\tat org.openqa.selenium.remote.codec.w3c.W3CHttpResponseCodec.createException(W3CHttpResponseCodec.java:200)\r\n\tat org.openqa.selenium.remote.codec.w3c.W3CHttpResponseCodec.decode(W3CHttpResponseCodec.java:133)\r\n\tat org.openqa.selenium.remote.codec.w3c.W3CHttpResponseCodec.decode(W3CHttpResponseCodec.java:53)\r\n\tat org.openqa.selenium.remote.HttpCommandExecutor.execute(HttpCommandExecutor.java:184)\r\n\tat org.openqa.selenium.remote.service.DriverCommandExecutor.invokeExecute(DriverCommandExecutor.java:167)\r\n\tat org.openqa.selenium.remote.service.DriverCommandExecutor.execute(DriverCommandExecutor.java:142)\r\n\tat org.openqa.selenium.remote.RemoteWebDriver.execute(RemoteWebDriver.java:558)\r\n\tat org.openqa.selenium.remote.ElementLocation$ElementFinder$2.findElement(ElementLocation.java:162)\r\n\tat org.openqa.selenium.remote.ElementLocation.findElement(ElementLocation.java:60)\r\n\tat org.openqa.selenium.remote.RemoteWebDriver.findElement(RemoteWebDriver.java:382)\r\n\tat org.openqa.selenium.remote.RemoteWebDriver.findElement(RemoteWebDriver.java:374)\r\n\tat org.openqa.selenium.support.ui.ExpectedConditions$6.apply(ExpectedConditions.java:174)\r\n\tat org.openqa.selenium.support.ui.ExpectedConditions$6.apply(ExpectedConditions.java:171)\r\n\tat org.openqa.selenium.support.ui.FluentWait.until(FluentWait.java:208)\r\n\t... 22 more\r\n",
      "steps" : [ {
        "name" : "Select global search entity",
        "time" : {
          "start" : 1680236879245,
          "stop" : 1680236879900,
          "duration" : 655
        },
        "status" : "passed",
        "steps" : [ ],
        "attachments" : [ {
          "uid" : "eb1247696e25eacb",
          "name" : "Starting action: ",
          "source" : "eb1247696e25eacb.txt",
          "type" : "text/plain",
          "size" : 43
        }, {
          "uid" : "d5ea1677effd72f",
          "name" : "Action Done! ",
          "source" : "d5ea1677effd72f.txt",
          "type" : "text/plain",
          "size" : 9
        }, {
          "uid" : "b8c6c2b6382ab59d",
          "name" : "saveScreenShot",
          "source" : "b8c6c2b6382ab59d.png",
          "type" : "image/png",
          "size" : 161364
        }, {
          "uid" : "964550f0aec04ee3",
          "name" : "Starting action: ",
          "source" : "964550f0aec04ee3.txt",
          "type" : "text/plain",
          "size" : 46
        }, {
          "uid" : "3e3dee752317ad5f",
          "name" : "Action Done! ",
          "source" : "3e3dee752317ad5f.txt",
          "type" : "text/plain",
          "size" : 8
        }, {
          "uid" : "fb1b27cab1fe4863",
          "name" : "saveScreenShot",
          "source" : "fb1b27cab1fe4863.png",
          "type" : "image/png",
          "size" : 166050
        } ],
        "parameters" : [ {
          "name" : "entity",
          "value" : "Bookings"
        } ],
        "stepsCount" : 0,
        "attachmentsCount" : 6,
        "shouldDisplayMessage" : false,
        "hasContent" : true
      }, {
        "name" : "Enter text for global searching",
        "time" : {
          "start" : 1680236879901,
          "stop" : 1680236880600,
          "duration" : 699
        },
        "status" : "passed",
        "steps" : [ ],
        "attachments" : [ {
          "uid" : "461cbb00b72ce17e",
          "name" : "Starting action: ",
          "source" : "461cbb00b72ce17e.txt",
          "type" : "text/plain",
          "size" : 114
        }, {
          "uid" : "571ad439bb22bfa0",
          "name" : "Action Done! ",
          "source" : "571ad439bb22bfa0.txt",
          "type" : "text/plain",
          "size" : 9
        }, {
          "uid" : "df9426dba55e992d",
          "name" : "saveScreenShot",
          "source" : "df9426dba55e992d.png",
          "type" : "image/png",
          "size" : 148153
        } ],
        "parameters" : [ {
          "name" : "text",
          "value" : "36 Barton St, Everton Park QLD 4053, Australia"
        }, {
          "name" : "placeHolder",
          "value" : "Passenger name, address"
        } ],
        "stepsCount" : 0,
        "attachmentsCount" : 3,
        "shouldDisplayMessage" : false,
        "hasContent" : true
      }, {
        "name" : "Click on 1 record",
        "time" : {
          "start" : 1680236880600,
          "stop" : 1680236913536,
          "duration" : 32936
        },
        "status" : "broken",
        "statusMessage" : "Expected condition failed: waiting for presence of element located by: By.xpath: (//div[@class='gs-entity-list']//span)[1] (tried for 30 second(s) with 500 milliseconds interval)",
        "statusTrace" : "org.openqa.selenium.TimeoutException: Expected condition failed: waiting for presence of element located by: By.xpath: (//div[@class='gs-entity-list']//span)[1] (tried for 30 second(s) with 500 milliseconds interval)\r\n\tat org.openqa.selenium.support.ui.WebDriverWait.timeoutException(WebDriverWait.java:138)\r\n\tat org.openqa.selenium.support.ui.FluentWait.until(FluentWait.java:231)\r\n\tat selenium.core.BaseLocator.waitUntilPresent(BaseLocator.java:45)\r\n\tat selenium.pages.Header.clickOnRecord_aroundBody16(Header.java:47)\r\n\tat selenium.pages.Header$AjcClosure17.run(Header.java:1)\r\n\tat org.aspectj.runtime.reflect.JoinPointImpl.proceed(JoinPointImpl.java:167)\r\n\tat utils.logging.AspectJ.doConcurrentOperation(AspectJ.java:94)\r\n\tat selenium.pages.Header.clickOnRecord(Header.java:47)\r\n\tat selenium.steps.HeaderSteps.clickOnRecord(HeaderSteps.java:36)\r\n\tat selenium.steps.HeaderSteps.tryToSearchBookingsWithAddress(HeaderSteps.java:51)\r\n\tat testcases.web.global_search.GlobalSearch.TC_02(GlobalSearch.java:56)\r\n\tat sun.reflect.NativeMethodAccessorImpl.invoke0(Native Method)\r\n\tat sun.reflect.NativeMethodAccessorImpl.invoke(NativeMethodAccessorImpl.java:62)\r\n\tat sun.reflect.DelegatingMethodAccessorImpl.invoke(DelegatingMethodAccessorImpl.java:43)\r\n\tat java.lang.reflect.Method.invoke(Method.java:498)\r\n\tat org.testng.internal.MethodInvocationHelper.invokeMethod(MethodInvocationHelper.java:124)\r\n\tat org.testng.internal.Invoker.invokeMethod(Invoker.java:583)\r\n\tat org.testng.internal.Invoker.invokeTestMethod(Invoker.java:719)\r\n\tat org.testng.internal.Invoker.invokeTestMethods(Invoker.java:989)\r\n\tat org.testng.internal.TestMethodWorker.invokeTestMethods(TestMethodWorker.java:125)\r\n\tat org.testng.internal.TestMethodWorker.run(TestMethodWorker.java:109)\r\n\tat java.util.concurrent.ThreadPoolExecutor.runWorker(ThreadPoolExecutor.java:1149)\r\n\tat java.util.concurrent.ThreadPoolExecutor$Worker.run(ThreadPoolExecutor.java:624)\r\n\tat java.lang.Thread.run(Thread.java:748)\r\nCaused by: org.openqa.selenium.NoSuchElementException: no such element: Unable to locate element: {\"method\":\"xpath\",\"selector\":\"(//div[@class='gs-entity-list']//span)[1]\"}\n  (Session info: headless MicrosoftEdge=111.0.1661.54)\nFor documentation on this error, please visit: https://selenium.dev/exceptions/#no_such_element\nBuild info: version: '4.1.2', revision: '9a5a329c5a'\nSystem info: host: 'DAOTIEN', ip: '192.168.0.103', os.name: 'Windows 10', os.arch: 'amd64', os.version: '10.0', java.version: '1.8.0_291'\nDriver info: org.openqa.selenium.edge.EdgeDriver\nCommand: [c8693f5e98a1b1c05f9208013c232479, findElement {using=xpath, value=(//div[@class='gs-entity-list']//span)[1]}]\nCapabilities {acceptInsecureCerts: false, browserName: msedge, browserVersion: 111.0.1661.54, javascriptEnabled: true, ms:edgeOptions: {debuggerAddress: localhost:59776}, msedge: {msedgedriverVersion: 111.0.1661.54 (9e410ec23a36..., userDataDir: C:\\Users\\daohu\\AppData\\Loca...}, networkConnectionEnabled: false, pageLoadStrategy: normal, platform: WINDOWS, platformName: WINDOWS, proxy: Proxy(), se:cdp: ws://localhost:59776/devtoo..., se:cdpVersion: 111.0.1661.54, setWindowRect: true, strictFileInteractability: false, timeouts: {implicit: 0, pageLoad: 300000, script: 30000}, unhandledPromptBehavior: dismiss and notify, webauthn:extension:credBlob: true, webauthn:extension:largeBlob: true, webauthn:extension:minPinLength: true, webauthn:extension:prf: true, webauthn:virtualAuthenticators: true}\nSession ID: c8693f5e98a1b1c05f9208013c232479\r\n\tat sun.reflect.GeneratedConstructorAccessor55.newInstance(Unknown Source)\r\n\tat sun.reflect.DelegatingConstructorAccessorImpl.newInstance(DelegatingConstructorAccessorImpl.java:45)\r\n\tat java.lang.reflect.Constructor.newInstance(Constructor.java:423)\r\n\tat org.openqa.selenium.remote.codec.w3c.W3CHttpResponseCodec.createException(W3CHttpResponseCodec.java:200)\r\n\tat org.openqa.selenium.remote.codec.w3c.W3CHttpResponseCodec.decode(W3CHttpResponseCodec.java:133)\r\n\tat org.openqa.selenium.remote.codec.w3c.W3CHttpResponseCodec.decode(W3CHttpResponseCodec.java:53)\r\n\tat org.openqa.selenium.remote.HttpCommandExecutor.execute(HttpCommandExecutor.java:184)\r\n\tat org.openqa.selenium.remote.service.DriverCommandExecutor.invokeExecute(DriverCommandExecutor.java:167)\r\n\tat org.openqa.selenium.remote.service.DriverCommandExecutor.execute(DriverCommandExecutor.java:142)\r\n\tat org.openqa.selenium.remote.RemoteWebDriver.execute(RemoteWebDriver.java:558)\r\n\tat org.openqa.selenium.remote.ElementLocation$ElementFinder$2.findElement(ElementLocation.java:162)\r\n\tat org.openqa.selenium.remote.ElementLocation.findElement(ElementLocation.java:60)\r\n\tat org.openqa.selenium.remote.RemoteWebDriver.findElement(RemoteWebDriver.java:382)\r\n\tat org.openqa.selenium.remote.RemoteWebDriver.findElement(RemoteWebDriver.java:374)\r\n\tat org.openqa.selenium.support.ui.ExpectedConditions$6.apply(ExpectedConditions.java:174)\r\n\tat org.openqa.selenium.support.ui.ExpectedConditions$6.apply(ExpectedConditions.java:171)\r\n\tat org.openqa.selenium.support.ui.FluentWait.until(FluentWait.java:208)\r\n\t... 22 more\r\n",
        "steps" : [ ],
        "attachments" : [ {
          "uid" : "f11f08d7b2329cb4",
          "name" : "Starting action: ",
          "source" : "f11f08d7b2329cb4.txt",
          "type" : "text/plain",
          "size" : 40
        }, {
          "uid" : "e2e403f30626b32a",
          "name" : "Action failed: ",
          "source" : "e2e403f30626b32a.txt",
          "type" : "text/plain",
          "size" : 194
        }, {
          "uid" : "767e3c0e9ba81aa3",
          "name" : "saveScreenShot",
          "source" : "767e3c0e9ba81aa3.png",
          "type" : "image/png",
          "size" : 138115
        } ],
        "parameters" : [ {
          "name" : "order",
          "value" : "1"
        } ],
        "stepsCount" : 0,
        "attachmentsCount" : 3,
        "shouldDisplayMessage" : true,
        "hasContent" : true
      } ],
      "attachments" : [ ],
      "parameters" : [ {
        "name" : "booking",
        "value" : "utils.models.MBooking@5b16668b"
      } ],
      "stepsCount" : 3,
      "attachmentsCount" : 12,
      "shouldDisplayMessage" : false,
      "hasContent" : true
    } ],
    "attachments" : [ ],
    "parameters" : [ ],
    "stepsCount" : 4,
    "attachmentsCount" : 12,
    "shouldDisplayMessage" : false,
    "hasContent" : true
  },
  "afterStages" : [ {
    "name" : "afterScenario",
    "time" : {
      "start" : 1680236913537,
      "stop" : 1680236914299,
      "duration" : 762
    },
    "description" : "",
    "status" : "passed",
    "steps" : [ ],
    "attachments" : [ {
      "uid" : "1d4a8eaa4121b45b",
      "name" : "saveScreenShot",
      "source" : "1d4a8eaa4121b45b.png",
      "type" : "image/png",
      "size" : 138134
    } ],
    "parameters" : [ ],
    "stepsCount" : 0,
    "attachmentsCount" : 1,
    "shouldDisplayMessage" : false,
    "hasContent" : true
  }, {
    "name" : "afterSuites",
    "time" : {
      "start" : 1680236914534,
      "stop" : 1680236914534,
      "duration" : 0
    },
    "description" : "",
    "status" : "passed",
    "steps" : [ ],
    "attachments" : [ ],
    "parameters" : [ ],
    "stepsCount" : 0,
    "attachmentsCount" : 0,
    "shouldDisplayMessage" : false,
    "hasContent" : false
  }, {
    "name" : "afterTest",
    "time" : {
      "start" : 1680236914535,
      "stop" : 1680236914535,
      "duration" : 0
    },
    "description" : "",
    "status" : "passed",
    "steps" : [ ],
    "attachments" : [ ],
    "parameters" : [ ],
    "stepsCount" : 0,
    "attachmentsCount" : 0,
    "shouldDisplayMessage" : false,
    "hasContent" : false
  } ],
  "labels" : [ {
    "name" : "package",
    "value" : "testcases.web.global_search.GlobalSearch"
  }, {
    "name" : "testClass",
    "value" : "testcases.web.global_search.GlobalSearch"
  }, {
    "name" : "testMethod",
    "value" : "TC_02"
  }, {
    "name" : "parentSuite",
    "value" : "Regression"
  }, {
    "name" : "suite",
    "value" : "Global Search"
  }, {
    "name" : "subSuite",
    "value" : "testcases.web.global_search.GlobalSearch"
  }, {
    "name" : "host",
    "value" : "DaoTien"
  }, {
    "name" : "thread",
    "value" : "16880@DaoTien.TestNG-test=Global Search-2(2234)"
  }, {
    "name" : "framework",
    "value" : "testng"
  }, {
    "name" : "language",
    "value" : "java"
  }, {
    "name" : "resultFormat",
    "value" : "allure2"
  } ],
  "parameters" : [ ],
  "links" : [ {
    "name" : "[Operation Portal][Booking flow] Can not find a trip due to #14 error",
    "url" : "https://atlassian-jira-prod-core.prod-core.au-ap-southeast-2.bridj.info/browse/BP-1033",
    "type" : "issue"
  } ],
  "hidden" : false,
  "retry" : false,
  "extra" : {
    "severity" : "normal",
    "retries" : [ ],
    "categories" : [ {
      "name" : "Test defects",
      "matchedStatuses" : [ ],
      "flaky" : false
    } ],
    "tags" : [ ]
  },
  "source" : "5a0402d3b7c3e579.json",
  "parameterValues" : [ ]
}