{
  "uid" : "63e873ee467458f8",
  "name" : "Verify Configuration Read user can not view the 'Feedback' page",
  "fullName" : "testcases.web.permission.Permission.TC_24",
  "historyId" : "fa79867ee3bcba390ac5d60acc90f599",
  "time" : {
    "start" : 1679965866427,
    "stop" : 1679965903702,
    "duration" : 37275
  },
  "description" : "Verify Configuration Read user can not view the 'Feedback' page",
  "descriptionHtml" : "<p>Verify Configuration Read user can not view the 'Feedback' page</p>\n",
  "status" : "broken",
  "statusMessage" : "Expected condition failed: waiting for element to be clickable: By.xpath: //nav//div[normalize-space(text())='Feedback'] (tried for 30 second(s) with 500 milliseconds interval)\nBuild info: version: '4.1.2', revision: '9a5a329c5a'\nSystem info: host: 'DAOTIEN', ip: '192.168.0.103', os.name: 'Windows 10', os.arch: 'amd64', os.version: '10.0', java.version: '1.8.0_291'\nDriver info: org.openqa.selenium.edge.EdgeDriver\nCapabilities {acceptInsecureCerts: false, browserName: msedge, browserVersion: 111.0.1661.54, javascriptEnabled: true, ms:edgeOptions: {debuggerAddress: localhost:56236}, msedge: {msedgedriverVersion: 111.0.1661.54 (9e410ec23a36..., userDataDir: C:\\Users\\daohu\\AppData\\Loca...}, networkConnectionEnabled: false, pageLoadStrategy: normal, platform: WINDOWS, platformName: WINDOWS, proxy: Proxy(), se:cdp: ws://localhost:56236/devtoo..., se:cdpVersion: 111.0.1661.54, setWindowRect: true, strictFileInteractability: false, timeouts: {implicit: 0, pageLoad: 300000, script: 30000}, unhandledPromptBehavior: dismiss and notify, webauthn:extension:credBlob: true, webauthn:extension:largeBlob: true, webauthn:extension:minPinLength: true, webauthn:extension:prf: true, webauthn:virtualAuthenticators: true}\nSession ID: a1edf0de5ed5a1dfae37c8514cf04ef4",
  "statusTrace" : "org.openqa.selenium.TimeoutException: Expected condition failed: waiting for element to be clickable: By.xpath: //nav//div[normalize-space(text())='Feedback'] (tried for 30 second(s) with 500 milliseconds interval)\nBuild info: version: '4.1.2', revision: '9a5a329c5a'\nSystem info: host: 'DAOTIEN', ip: '192.168.0.103', os.name: 'Windows 10', os.arch: 'amd64', os.version: '10.0', java.version: '1.8.0_291'\nDriver info: org.openqa.selenium.edge.EdgeDriver\nCapabilities {acceptInsecureCerts: false, browserName: msedge, browserVersion: 111.0.1661.54, javascriptEnabled: true, ms:edgeOptions: {debuggerAddress: localhost:56236}, msedge: {msedgedriverVersion: 111.0.1661.54 (9e410ec23a36..., userDataDir: C:\\Users\\daohu\\AppData\\Loca...}, networkConnectionEnabled: false, pageLoadStrategy: normal, platform: WINDOWS, platformName: WINDOWS, proxy: Proxy(), se:cdp: ws://localhost:56236/devtoo..., se:cdpVersion: 111.0.1661.54, setWindowRect: true, strictFileInteractability: false, timeouts: {implicit: 0, pageLoad: 300000, script: 30000}, unhandledPromptBehavior: dismiss and notify, webauthn:extension:credBlob: true, webauthn:extension:largeBlob: true, webauthn:extension:minPinLength: true, webauthn:extension:prf: true, webauthn:virtualAuthenticators: true}\nSession ID: a1edf0de5ed5a1dfae37c8514cf04ef4\r\n\tat org.openqa.selenium.support.ui.WebDriverWait.timeoutException(WebDriverWait.java:138)\r\n\tat org.openqa.selenium.support.ui.FluentWait.until(FluentWait.java:231)\r\n\tat selenium.core.BaseLocator.waitUntilClickable(BaseLocator.java:160)\r\n\tat selenium.core.SideMenu.navigateToPage_aroundBody0(SideMenu.java:15)\r\n\tat selenium.core.SideMenu$AjcClosure1.run(SideMenu.java:1)\r\n\tat org.aspectj.runtime.reflect.JoinPointImpl.proceed(JoinPointImpl.java:167)\r\n\tat utils.logging.AspectJ.doConcurrentOperation(AspectJ.java:94)\r\n\tat selenium.core.SideMenu.navigateToPage(SideMenu.java:15)\r\n\tat selenium.steps.SideMenuSteps.navigateToPage(SideMenuSteps.java:20)\r\n\tat testcases.web.permission.Permission.TC_24(Permission.java:986)\r\n\tat sun.reflect.NativeMethodAccessorImpl.invoke0(Native Method)\r\n\tat sun.reflect.NativeMethodAccessorImpl.invoke(NativeMethodAccessorImpl.java:62)\r\n\tat sun.reflect.DelegatingMethodAccessorImpl.invoke(DelegatingMethodAccessorImpl.java:43)\r\n\tat java.lang.reflect.Method.invoke(Method.java:498)\r\n\tat org.testng.internal.MethodInvocationHelper.invokeMethod(MethodInvocationHelper.java:124)\r\n\tat org.testng.internal.Invoker.invokeMethod(Invoker.java:583)\r\n\tat org.testng.internal.Invoker.invokeTestMethod(Invoker.java:719)\r\n\tat org.testng.internal.Invoker.invokeTestMethods(Invoker.java:989)\r\n\tat org.testng.internal.TestMethodWorker.invokeTestMethods(TestMethodWorker.java:125)\r\n\tat org.testng.internal.TestMethodWorker.run(TestMethodWorker.java:109)\r\n\tat java.util.concurrent.ThreadPoolExecutor.runWorker(ThreadPoolExecutor.java:1149)\r\n\tat java.util.concurrent.ThreadPoolExecutor$Worker.run(ThreadPoolExecutor.java:624)\r\n\tat java.lang.Thread.run(Thread.java:748)\r\n",
  "flaky" : false,
  "beforeStages" : [ {
    "name" : "beforeSuites",
    "time" : {
      "start" : 1679965678074,
      "stop" : 1679965678893,
      "duration" : 819
    },
    "description" : "",
    "status" : "passed",
    "steps" : [ {
      "name" : "Get token from API response",
      "time" : {
        "start" : 1679965678074,
        "stop" : 1679965678893,
        "duration" : 819
      },
      "status" : "passed",
      "steps" : [ {
        "name" : "Login Operation Portal to generate token",
        "time" : {
          "start" : 1679965678074,
          "stop" : 1679965678893,
          "duration" : 819
        },
        "status" : "passed",
        "steps" : [ ],
        "attachments" : [ ],
        "parameters" : [ {
          "name" : "email",
          "value" : "daohuyt@bridj.com"
        }, {
          "name" : "passWord",
          "value" : "userPass@123"
        } ],
        "stepsCount" : 0,
        "hasContent" : true,
        "attachmentsCount" : 0,
        "shouldDisplayMessage" : false
      } ],
      "attachments" : [ ],
      "parameters" : [ {
        "name" : "email",
        "value" : "daohuyt@bridj.com"
      }, {
        "name" : "password",
        "value" : "userPass@123"
      } ],
      "stepsCount" : 1,
      "hasContent" : true,
      "attachmentsCount" : 0,
      "shouldDisplayMessage" : false
    } ],
    "attachments" : [ ],
    "parameters" : [ ],
    "stepsCount" : 2,
    "hasContent" : true,
    "attachmentsCount" : 0,
    "shouldDisplayMessage" : false
  }, {
    "name" : "beforeTest",
    "time" : {
      "start" : 1679965678072,
      "stop" : 1679965678073,
      "duration" : 1
    },
    "description" : "",
    "status" : "passed",
    "steps" : [ ],
    "attachments" : [ ],
    "parameters" : [ ],
    "stepsCount" : 0,
    "hasContent" : false,
    "attachmentsCount" : 0,
    "shouldDisplayMessage" : false
  }, {
    "name" : "beforeScenario",
    "time" : {
      "start" : 1679965863534,
      "stop" : 1679965866426,
      "duration" : 2892
    },
    "description" : "",
    "status" : "passed",
    "steps" : [ ],
    "attachments" : [ {
      "uid" : "cdabb8dc0d84d987",
      "name" : "Driver setup: ",
      "source" : "cdabb8dc0d84d987.txt",
      "type" : "text/plain",
      "size" : 119
    } ],
    "parameters" : [ ],
    "stepsCount" : 0,
    "hasContent" : true,
    "attachmentsCount" : 1,
    "shouldDisplayMessage" : false
  } ],
  "testStage" : {
    "description" : "Verify Configuration Read user can not view the 'Feedback' page",
    "status" : "broken",
    "statusMessage" : "Expected condition failed: waiting for element to be clickable: By.xpath: //nav//div[normalize-space(text())='Feedback'] (tried for 30 second(s) with 500 milliseconds interval)\nBuild info: version: '4.1.2', revision: '9a5a329c5a'\nSystem info: host: 'DAOTIEN', ip: '192.168.0.103', os.name: 'Windows 10', os.arch: 'amd64', os.version: '10.0', java.version: '1.8.0_291'\nDriver info: org.openqa.selenium.edge.EdgeDriver\nCapabilities {acceptInsecureCerts: false, browserName: msedge, browserVersion: 111.0.1661.54, javascriptEnabled: true, ms:edgeOptions: {debuggerAddress: localhost:56236}, msedge: {msedgedriverVersion: 111.0.1661.54 (9e410ec23a36..., userDataDir: C:\\Users\\daohu\\AppData\\Loca...}, networkConnectionEnabled: false, pageLoadStrategy: normal, platform: WINDOWS, platformName: WINDOWS, proxy: Proxy(), se:cdp: ws://localhost:56236/devtoo..., se:cdpVersion: 111.0.1661.54, setWindowRect: true, strictFileInteractability: false, timeouts: {implicit: 0, pageLoad: 300000, script: 30000}, unhandledPromptBehavior: dismiss and notify, webauthn:extension:credBlob: true, webauthn:extension:largeBlob: true, webauthn:extension:minPinLength: true, webauthn:extension:prf: true, webauthn:virtualAuthenticators: true}\nSession ID: a1edf0de5ed5a1dfae37c8514cf04ef4",
    "statusTrace" : "org.openqa.selenium.TimeoutException: Expected condition failed: waiting for element to be clickable: By.xpath: //nav//div[normalize-space(text())='Feedback'] (tried for 30 second(s) with 500 milliseconds interval)\nBuild info: version: '4.1.2', revision: '9a5a329c5a'\nSystem info: host: 'DAOTIEN', ip: '192.168.0.103', os.name: 'Windows 10', os.arch: 'amd64', os.version: '10.0', java.version: '1.8.0_291'\nDriver info: org.openqa.selenium.edge.EdgeDriver\nCapabilities {acceptInsecureCerts: false, browserName: msedge, browserVersion: 111.0.1661.54, javascriptEnabled: true, ms:edgeOptions: {debuggerAddress: localhost:56236}, msedge: {msedgedriverVersion: 111.0.1661.54 (9e410ec23a36..., userDataDir: C:\\Users\\daohu\\AppData\\Loca...}, networkConnectionEnabled: false, pageLoadStrategy: normal, platform: WINDOWS, platformName: WINDOWS, proxy: Proxy(), se:cdp: ws://localhost:56236/devtoo..., se:cdpVersion: 111.0.1661.54, setWindowRect: true, strictFileInteractability: false, timeouts: {implicit: 0, pageLoad: 300000, script: 30000}, unhandledPromptBehavior: dismiss and notify, webauthn:extension:credBlob: true, webauthn:extension:largeBlob: true, webauthn:extension:minPinLength: true, webauthn:extension:prf: true, webauthn:virtualAuthenticators: true}\nSession ID: a1edf0de5ed5a1dfae37c8514cf04ef4\r\n\tat org.openqa.selenium.support.ui.WebDriverWait.timeoutException(WebDriverWait.java:138)\r\n\tat org.openqa.selenium.support.ui.FluentWait.until(FluentWait.java:231)\r\n\tat selenium.core.BaseLocator.waitUntilClickable(BaseLocator.java:160)\r\n\tat selenium.core.SideMenu.navigateToPage_aroundBody0(SideMenu.java:15)\r\n\tat selenium.core.SideMenu$AjcClosure1.run(SideMenu.java:1)\r\n\tat org.aspectj.runtime.reflect.JoinPointImpl.proceed(JoinPointImpl.java:167)\r\n\tat utils.logging.AspectJ.doConcurrentOperation(AspectJ.java:94)\r\n\tat selenium.core.SideMenu.navigateToPage(SideMenu.java:15)\r\n\tat selenium.steps.SideMenuSteps.navigateToPage(SideMenuSteps.java:20)\r\n\tat testcases.web.permission.Permission.TC_24(Permission.java:986)\r\n\tat sun.reflect.NativeMethodAccessorImpl.invoke0(Native Method)\r\n\tat sun.reflect.NativeMethodAccessorImpl.invoke(NativeMethodAccessorImpl.java:62)\r\n\tat sun.reflect.DelegatingMethodAccessorImpl.invoke(DelegatingMethodAccessorImpl.java:43)\r\n\tat java.lang.reflect.Method.invoke(Method.java:498)\r\n\tat org.testng.internal.MethodInvocationHelper.invokeMethod(MethodInvocationHelper.java:124)\r\n\tat org.testng.internal.Invoker.invokeMethod(Invoker.java:583)\r\n\tat org.testng.internal.Invoker.invokeTestMethod(Invoker.java:719)\r\n\tat org.testng.internal.Invoker.invokeTestMethods(Invoker.java:989)\r\n\tat org.testng.internal.TestMethodWorker.invokeTestMethods(TestMethodWorker.java:125)\r\n\tat org.testng.internal.TestMethodWorker.run(TestMethodWorker.java:109)\r\n\tat java.util.concurrent.ThreadPoolExecutor.runWorker(ThreadPoolExecutor.java:1149)\r\n\tat java.util.concurrent.ThreadPoolExecutor$Worker.run(ThreadPoolExecutor.java:624)\r\n\tat java.lang.Thread.run(Thread.java:748)\r\n",
    "steps" : [ {
      "name" : "Log in with account: plan.read.user@gmail.com",
      "time" : {
        "start" : 1679965866427,
        "stop" : 1679965869824,
        "duration" : 3397
      },
      "status" : "passed",
      "steps" : [ ],
      "attachments" : [ {
        "uid" : "d961ccacea64c7e4",
        "name" : "Starting action: ",
        "source" : "d961ccacea64c7e4.txt",
        "type" : "text/plain",
        "size" : 109
      }, {
        "uid" : "3d5e100c6a52a87d",
        "name" : "Action Done! ",
        "source" : "3d5e100c6a52a87d.txt",
        "type" : "text/plain",
        "size" : 9
      }, {
        "uid" : "79c3e24a61cc9a71",
        "name" : "saveScreenShot",
        "source" : "79c3e24a61cc9a71.png",
        "type" : "image/png",
        "size" : 61481
      }, {
        "uid" : "de315e9492a1582",
        "name" : "Starting action: ",
        "source" : "de315e9492a1582.txt",
        "type" : "text/plain",
        "size" : 63
      }, {
        "uid" : "bdf126016349e1bd",
        "name" : "Action Done! ",
        "source" : "bdf126016349e1bd.txt",
        "type" : "text/plain",
        "size" : 9
      }, {
        "uid" : "34b3462c52adffb0",
        "name" : "saveScreenShot",
        "source" : "34b3462c52adffb0.png",
        "type" : "image/png",
        "size" : 61977
      }, {
        "uid" : "590bfc19eee9a860",
        "name" : "Starting action: ",
        "source" : "590bfc19eee9a860.txt",
        "type" : "text/plain",
        "size" : 54
      }, {
        "uid" : "ba228448c0fc43e4",
        "name" : "Action Done! ",
        "source" : "ba228448c0fc43e4.txt",
        "type" : "text/plain",
        "size" : 9
      }, {
        "uid" : "9fb508eea8830fc4",
        "name" : "saveScreenShot",
        "source" : "9fb508eea8830fc4.png",
        "type" : "image/png",
        "size" : 62475
      }, {
        "uid" : "cbc970194c74f02a",
        "name" : "Starting action: ",
        "source" : "cbc970194c74f02a.txt",
        "type" : "text/plain",
        "size" : 40
      }, {
        "uid" : "7b2335db7e4f2db7",
        "name" : "Action Done! ",
        "source" : "7b2335db7e4f2db7.txt",
        "type" : "text/plain",
        "size" : 8
      }, {
        "uid" : "4404e5159b98a3b6",
        "name" : "saveScreenShot",
        "source" : "4404e5159b98a3b6.png",
        "type" : "image/png",
        "size" : 62575
      } ],
      "parameters" : [ {
        "name" : "email",
        "value" : "plan.read.user@gmail.com"
      }, {
        "name" : "passWord",
        "value" : "userPass@123"
      } ],
      "stepsCount" : 0,
      "hasContent" : true,
      "attachmentsCount" : 12,
      "shouldDisplayMessage" : false
    }, {
      "name" : "Verify login successfully",
      "time" : {
        "start" : 1679965869824,
        "stop" : 1679965870783,
        "duration" : 959
      },
      "status" : "passed",
      "steps" : [ ],
      "attachments" : [ {
        "uid" : "89e7c4b9cf11f2cf",
        "name" : "Starting action: ",
        "source" : "89e7c4b9cf11f2cf.txt",
        "type" : "text/plain",
        "size" : 111
      }, {
        "uid" : "97316359ca28d2fe",
        "name" : "Action Done! ",
        "source" : "97316359ca28d2fe.txt",
        "type" : "text/plain",
        "size" : 9
      }, {
        "uid" : "ac8f77ea70ef4a64",
        "name" : "saveScreenShot",
        "source" : "ac8f77ea70ef4a64.png",
        "type" : "image/png",
        "size" : 62639
      }, {
        "uid" : "f35197d1f4d7340e",
        "name" : "Starting action: ",
        "source" : "f35197d1f4d7340e.txt",
        "type" : "text/plain",
        "size" : 48
      }, {
        "uid" : "bea329451a293eed",
        "name" : "Action Done! ",
        "source" : "bea329451a293eed.txt",
        "type" : "text/plain",
        "size" : 9
      }, {
        "uid" : "ea29f2fefa1bd73f",
        "name" : "saveScreenShot",
        "source" : "ea29f2fefa1bd73f.png",
        "type" : "image/png",
        "size" : 153364
      } ],
      "parameters" : [ ],
      "stepsCount" : 0,
      "hasContent" : true,
      "attachmentsCount" : 6,
      "shouldDisplayMessage" : false
    }, {
      "name" : "Navigate to page Feedback",
      "time" : {
        "start" : 1679965870783,
        "stop" : 1679965903701,
        "duration" : 32918
      },
      "status" : "broken",
      "statusMessage" : "Expected condition failed: waiting for element to be clickable: By.xpath: //nav//div[normalize-space(text())='Feedback'] (tried for 30 second(s) with 500 milliseconds interval)\nBuild info: version: '4.1.2', revision: '9a5a329c5a'\nSystem info: host: 'DAOTIEN', ip: '192.168.0.103', os.name: 'Windows 10', os.arch: 'amd64', os.version: '10.0', java.version: '1.8.0_291'\nDriver info: org.openqa.selenium.edge.EdgeDriver\nCapabilities {acceptInsecureCerts: false, browserName: msedge, browserVersion: 111.0.1661.54, javascriptEnabled: true, ms:edgeOptions: {debuggerAddress: localhost:56236}, msedge: {msedgedriverVersion: 111.0.1661.54 (9e410ec23a36..., userDataDir: C:\\Users\\daohu\\AppData\\Loca...}, networkConnectionEnabled: false, pageLoadStrategy: normal, platform: WINDOWS, platformName: WINDOWS, proxy: Proxy(), se:cdp: ws://localhost:56236/devtoo..., se:cdpVersion: 111.0.1661.54, setWindowRect: true, strictFileInteractability: false, timeouts: {implicit: 0, pageLoad: 300000, script: 30000}, unhandledPromptBehavior: dismiss and notify, webauthn:extension:credBlob: true, webauthn:extension:largeBlob: true, webauthn:extension:minPinLength: true, webauthn:extension:prf: true, webauthn:virtualAuthenticators: true}\nSession ID: a1edf0de5ed5a1dfae37c8514cf04ef4",
      "statusTrace" : "org.openqa.selenium.TimeoutException: Expected condition failed: waiting for element to be clickable: By.xpath: //nav//div[normalize-space(text())='Feedback'] (tried for 30 second(s) with 500 milliseconds interval)\nBuild info: version: '4.1.2', revision: '9a5a329c5a'\nSystem info: host: 'DAOTIEN', ip: '192.168.0.103', os.name: 'Windows 10', os.arch: 'amd64', os.version: '10.0', java.version: '1.8.0_291'\nDriver info: org.openqa.selenium.edge.EdgeDriver\nCapabilities {acceptInsecureCerts: false, browserName: msedge, browserVersion: 111.0.1661.54, javascriptEnabled: true, ms:edgeOptions: {debuggerAddress: localhost:56236}, msedge: {msedgedriverVersion: 111.0.1661.54 (9e410ec23a36..., userDataDir: C:\\Users\\daohu\\AppData\\Loca...}, networkConnectionEnabled: false, pageLoadStrategy: normal, platform: WINDOWS, platformName: WINDOWS, proxy: Proxy(), se:cdp: ws://localhost:56236/devtoo..., se:cdpVersion: 111.0.1661.54, setWindowRect: true, strictFileInteractability: false, timeouts: {implicit: 0, pageLoad: 300000, script: 30000}, unhandledPromptBehavior: dismiss and notify, webauthn:extension:credBlob: true, webauthn:extension:largeBlob: true, webauthn:extension:minPinLength: true, webauthn:extension:prf: true, webauthn:virtualAuthenticators: true}\nSession ID: a1edf0de5ed5a1dfae37c8514cf04ef4\r\n\tat org.openqa.selenium.support.ui.WebDriverWait.timeoutException(WebDriverWait.java:138)\r\n\tat org.openqa.selenium.support.ui.FluentWait.until(FluentWait.java:231)\r\n\tat selenium.core.BaseLocator.waitUntilClickable(BaseLocator.java:160)\r\n\tat selenium.core.SideMenu.navigateToPage_aroundBody0(SideMenu.java:15)\r\n\tat selenium.core.SideMenu$AjcClosure1.run(SideMenu.java:1)\r\n\tat org.aspectj.runtime.reflect.JoinPointImpl.proceed(JoinPointImpl.java:167)\r\n\tat utils.logging.AspectJ.doConcurrentOperation(AspectJ.java:94)\r\n\tat selenium.core.SideMenu.navigateToPage(SideMenu.java:15)\r\n\tat selenium.steps.SideMenuSteps.navigateToPage(SideMenuSteps.java:20)\r\n\tat testcases.web.permission.Permission.TC_24(Permission.java:986)\r\n\tat sun.reflect.NativeMethodAccessorImpl.invoke0(Native Method)\r\n\tat sun.reflect.NativeMethodAccessorImpl.invoke(NativeMethodAccessorImpl.java:62)\r\n\tat sun.reflect.DelegatingMethodAccessorImpl.invoke(DelegatingMethodAccessorImpl.java:43)\r\n\tat java.lang.reflect.Method.invoke(Method.java:498)\r\n\tat org.testng.internal.MethodInvocationHelper.invokeMethod(MethodInvocationHelper.java:124)\r\n\tat org.testng.internal.Invoker.invokeMethod(Invoker.java:583)\r\n\tat org.testng.internal.Invoker.invokeTestMethod(Invoker.java:719)\r\n\tat org.testng.internal.Invoker.invokeTestMethods(Invoker.java:989)\r\n\tat org.testng.internal.TestMethodWorker.invokeTestMethods(TestMethodWorker.java:125)\r\n\tat org.testng.internal.TestMethodWorker.run(TestMethodWorker.java:109)\r\n\tat java.util.concurrent.ThreadPoolExecutor.runWorker(ThreadPoolExecutor.java:1149)\r\n\tat java.util.concurrent.ThreadPoolExecutor$Worker.run(ThreadPoolExecutor.java:624)\r\n\tat java.lang.Thread.run(Thread.java:748)\r\n",
      "steps" : [ ],
      "attachments" : [ {
        "uid" : "f38f76e082151c9b",
        "name" : "Starting action: ",
        "source" : "f38f76e082151c9b.txt",
        "type" : "text/plain",
        "size" : 49
      }, {
        "uid" : "644785e35d73227d",
        "name" : "Action failed: ",
        "source" : "644785e35d73227d.txt",
        "type" : "text/plain",
        "size" : 1276
      }, {
        "uid" : "3d4b0834d10d5fb5",
        "name" : "saveScreenShot",
        "source" : "3d4b0834d10d5fb5.png",
        "type" : "image/png",
        "size" : 143718
      } ],
      "parameters" : [ {
        "name" : "page",
        "value" : "Feedback"
      } ],
      "stepsCount" : 0,
      "hasContent" : true,
      "attachmentsCount" : 3,
      "shouldDisplayMessage" : true
    } ],
    "attachments" : [ ],
    "parameters" : [ ],
    "stepsCount" : 3,
    "hasContent" : true,
    "attachmentsCount" : 21,
    "shouldDisplayMessage" : false
  },
  "afterStages" : [ {
    "name" : "afterScenario",
    "time" : {
      "start" : 1679965903702,
      "stop" : 1679965904481,
      "duration" : 779
    },
    "description" : "",
    "status" : "passed",
    "steps" : [ ],
    "attachments" : [ {
      "uid" : "3735cc4c3adf16f6",
      "name" : "saveScreenShot",
      "source" : "3735cc4c3adf16f6.png",
      "type" : "image/png",
      "size" : 143718
    } ],
    "parameters" : [ ],
    "stepsCount" : 0,
    "hasContent" : true,
    "attachmentsCount" : 1,
    "shouldDisplayMessage" : false
  }, {
    "name" : "afterSuites",
    "time" : {
      "start" : 1679965964278,
      "stop" : 1679965964278,
      "duration" : 0
    },
    "description" : "",
    "status" : "passed",
    "steps" : [ ],
    "attachments" : [ ],
    "parameters" : [ ],
    "stepsCount" : 0,
    "hasContent" : false,
    "attachmentsCount" : 0,
    "shouldDisplayMessage" : false
  }, {
    "name" : "afterTest",
    "time" : {
      "start" : 1679966035083,
      "stop" : 1679966035083,
      "duration" : 0
    },
    "description" : "",
    "status" : "passed",
    "steps" : [ ],
    "attachments" : [ ],
    "parameters" : [ ],
    "stepsCount" : 0,
    "hasContent" : false,
    "attachmentsCount" : 0,
    "shouldDisplayMessage" : false
  } ],
  "labels" : [ {
    "name" : "package",
    "value" : "testcases.web.permission.Permission"
  }, {
    "name" : "testClass",
    "value" : "testcases.web.permission.Permission"
  }, {
    "name" : "testMethod",
    "value" : "TC_24"
  }, {
    "name" : "parentSuite",
    "value" : "Regression"
  }, {
    "name" : "suite",
    "value" : "Permission"
  }, {
    "name" : "subSuite",
    "value" : "testcases.web.permission.Permission"
  }, {
    "name" : "host",
    "value" : "DaoTien"
  }, {
    "name" : "thread",
    "value" : "16232@DaoTien.TestNG-test=Permission-4(1171)"
  }, {
    "name" : "framework",
    "value" : "testng"
  }, {
    "name" : "language",
    "value" : "java"
  }, {
    "name" : "resultFormat",
    "value" : "allure2"
  } ],
  "parameters" : [ {
    "name" : "arg0",
    "value" : "utils.models.MUser@789df449"
  } ],
  "links" : [ ],
  "hidden" : false,
  "retry" : false,
  "extra" : {
    "severity" : "normal",
    "retries" : [ ],
    "categories" : [ {
      "name" : "Test defects",
      "matchedStatuses" : [ ],
      "flaky" : false
    } ],
    "tags" : [ ]
  },
  "source" : "63e873ee467458f8.json",
  "parameterValues" : [ "utils.models.MUser@789df449" ]
}