{
  "uid" : "a9fe3c5d20cf7111",
  "name" : "Verify System Write user can create new User Group",
  "fullName" : "testcases.web.permission.Permission.TC_30",
  "historyId" : "98e276e165be7651b5ce8e859e19fcb1",
  "time" : {
    "start" : 1680236045739,
    "stop" : 1680236081602,
    "duration" : 35863
  },
  "description" : "Verify System Write user can create new User Group",
  "descriptionHtml" : "<p>Verify System Write user can create new User Group</p>\n",
  "status" : "broken",
  "statusMessage" : "Expected condition failed: waiting for element to be clickable: By.xpath: //header//div[contains(@class,'sign-out')] (tried for 30 second(s) with 500 milliseconds interval)\nBuild info: version: '4.1.2', revision: '9a5a329c5a'\nSystem info: host: 'DAOTIEN', ip: '192.168.0.103', os.name: 'Windows 10', os.arch: 'amd64', os.version: '10.0', java.version: '1.8.0_291'\nDriver info: org.openqa.selenium.edge.EdgeDriver\nCapabilities {acceptInsecureCerts: false, browserName: msedge, browserVersion: 111.0.1661.54, javascriptEnabled: true, ms:edgeOptions: {debuggerAddress: localhost:58375}, msedge: {msedgedriverVersion: 111.0.1661.54 (9e410ec23a36..., userDataDir: C:\\Users\\daohu\\AppData\\Loca...}, networkConnectionEnabled: false, pageLoadStrategy: normal, platform: WINDOWS, platformName: WINDOWS, proxy: Proxy(), se:cdp: ws://localhost:58375/devtoo..., se:cdpVersion: 111.0.1661.54, setWindowRect: true, strictFileInteractability: false, timeouts: {implicit: 0, pageLoad: 300000, script: 30000}, unhandledPromptBehavior: dismiss and notify, webauthn:extension:credBlob: true, webauthn:extension:largeBlob: true, webauthn:extension:minPinLength: true, webauthn:extension:prf: true, webauthn:virtualAuthenticators: true}\nSession ID: 96c3fc8d6edec8efa8c45fd071d88342",
  "statusTrace" : "org.openqa.selenium.TimeoutException: Expected condition failed: waiting for element to be clickable: By.xpath: //header//div[contains(@class,'sign-out')] (tried for 30 second(s) with 500 milliseconds interval)\nBuild info: version: '4.1.2', revision: '9a5a329c5a'\nSystem info: host: 'DAOTIEN', ip: '192.168.0.103', os.name: 'Windows 10', os.arch: 'amd64', os.version: '10.0', java.version: '1.8.0_291'\nDriver info: org.openqa.selenium.edge.EdgeDriver\nCapabilities {acceptInsecureCerts: false, browserName: msedge, browserVersion: 111.0.1661.54, javascriptEnabled: true, ms:edgeOptions: {debuggerAddress: localhost:58375}, msedge: {msedgedriverVersion: 111.0.1661.54 (9e410ec23a36..., userDataDir: C:\\Users\\daohu\\AppData\\Loca...}, networkConnectionEnabled: false, pageLoadStrategy: normal, platform: WINDOWS, platformName: WINDOWS, proxy: Proxy(), se:cdp: ws://localhost:58375/devtoo..., se:cdpVersion: 111.0.1661.54, setWindowRect: true, strictFileInteractability: false, timeouts: {implicit: 0, pageLoad: 300000, script: 30000}, unhandledPromptBehavior: dismiss and notify, webauthn:extension:credBlob: true, webauthn:extension:largeBlob: true, webauthn:extension:minPinLength: true, webauthn:extension:prf: true, webauthn:virtualAuthenticators: true}\nSession ID: 96c3fc8d6edec8efa8c45fd071d88342\r\n\tat org.openqa.selenium.support.ui.WebDriverWait.timeoutException(WebDriverWait.java:138)\r\n\tat org.openqa.selenium.support.ui.FluentWait.until(FluentWait.java:231)\r\n\tat selenium.core.BaseLocator.waitUntilClickable(BaseLocator.java:160)\r\n\tat selenium.pages.DashboardPage.waitBtnLogOutShow_aroundBody4(DashboardPage.java:24)\r\n\tat selenium.pages.DashboardPage$AjcClosure5.run(DashboardPage.java:1)\r\n\tat org.aspectj.runtime.reflect.JoinPointImpl.proceed(JoinPointImpl.java:167)\r\n\tat utils.logging.AspectJ.doConcurrentOperation(AspectJ.java:94)\r\n\tat selenium.pages.DashboardPage.waitBtnLogOutShow(DashboardPage.java:24)\r\n\tat selenium.steps.LoginSteps.verifyLoginSuccessfully(LoginSteps.java:32)\r\n\tat testcases.web.permission.Permission.TC_30(Permission.java:1104)\r\n\tat sun.reflect.NativeMethodAccessorImpl.invoke0(Native Method)\r\n\tat sun.reflect.NativeMethodAccessorImpl.invoke(NativeMethodAccessorImpl.java:62)\r\n\tat sun.reflect.DelegatingMethodAccessorImpl.invoke(DelegatingMethodAccessorImpl.java:43)\r\n\tat java.lang.reflect.Method.invoke(Method.java:498)\r\n\tat org.testng.internal.MethodInvocationHelper.invokeMethod(MethodInvocationHelper.java:124)\r\n\tat org.testng.internal.Invoker.invokeMethod(Invoker.java:583)\r\n\tat org.testng.internal.Invoker.invokeTestMethod(Invoker.java:719)\r\n\tat org.testng.internal.Invoker.invokeTestMethods(Invoker.java:989)\r\n\tat org.testng.internal.TestMethodWorker.invokeTestMethods(TestMethodWorker.java:125)\r\n\tat org.testng.internal.TestMethodWorker.run(TestMethodWorker.java:109)\r\n\tat java.util.concurrent.ThreadPoolExecutor.runWorker(ThreadPoolExecutor.java:1149)\r\n\tat java.util.concurrent.ThreadPoolExecutor$Worker.run(ThreadPoolExecutor.java:624)\r\n\tat java.lang.Thread.run(Thread.java:748)\r\n",
  "flaky" : false,
  "newFailed" : false,
  "newBroken" : false,
  "newPassed" : false,
  "retriesCount" : 0,
  "retriesStatusChange" : false,
  "beforeStages" : [ {
    "name" : "beforeTest",
    "time" : {
      "start" : 1680235757108,
      "stop" : 1680235757109,
      "duration" : 1
    },
    "description" : "",
    "status" : "passed",
    "steps" : [ ],
    "attachments" : [ ],
    "parameters" : [ ],
    "stepsCount" : 0,
    "attachmentsCount" : 0,
    "shouldDisplayMessage" : false,
    "hasContent" : false
  }, {
    "name" : "beforeSuites",
    "time" : {
      "start" : 1680235757110,
      "stop" : 1680235757943,
      "duration" : 833
    },
    "description" : "",
    "status" : "passed",
    "steps" : [ {
      "name" : "Get token from API response",
      "time" : {
        "start" : 1680235757110,
        "stop" : 1680235757943,
        "duration" : 833
      },
      "status" : "passed",
      "steps" : [ {
        "name" : "Login Operation Portal to generate token",
        "time" : {
          "start" : 1680235757110,
          "stop" : 1680235757943,
          "duration" : 833
        },
        "status" : "passed",
        "steps" : [ ],
        "attachments" : [ ],
        "parameters" : [ {
          "name" : "email",
          "value" : "daohuyt@bridj.com"
        }, {
          "name" : "passWord",
          "value" : "userPass@123"
        } ],
        "stepsCount" : 0,
        "attachmentsCount" : 0,
        "shouldDisplayMessage" : false,
        "hasContent" : true
      } ],
      "attachments" : [ ],
      "parameters" : [ {
        "name" : "email",
        "value" : "daohuyt@bridj.com"
      }, {
        "name" : "password",
        "value" : "userPass@123"
      } ],
      "stepsCount" : 1,
      "attachmentsCount" : 0,
      "shouldDisplayMessage" : false,
      "hasContent" : true
    } ],
    "attachments" : [ ],
    "parameters" : [ ],
    "stepsCount" : 2,
    "attachmentsCount" : 0,
    "shouldDisplayMessage" : false,
    "hasContent" : true
  }, {
    "name" : "beforeScenario",
    "time" : {
      "start" : 1680236042935,
      "stop" : 1680236045737,
      "duration" : 2802
    },
    "description" : "",
    "status" : "passed",
    "steps" : [ ],
    "attachments" : [ {
      "uid" : "e2d3877df74973ed",
      "name" : "Driver setup: ",
      "source" : "e2d3877df74973ed.txt",
      "type" : "text/plain",
      "size" : 119
    } ],
    "parameters" : [ ],
    "stepsCount" : 0,
    "attachmentsCount" : 1,
    "shouldDisplayMessage" : false,
    "hasContent" : true
  } ],
  "testStage" : {
    "description" : "Verify System Write user can create new User Group",
    "status" : "broken",
    "statusMessage" : "Expected condition failed: waiting for element to be clickable: By.xpath: //header//div[contains(@class,'sign-out')] (tried for 30 second(s) with 500 milliseconds interval)\nBuild info: version: '4.1.2', revision: '9a5a329c5a'\nSystem info: host: 'DAOTIEN', ip: '192.168.0.103', os.name: 'Windows 10', os.arch: 'amd64', os.version: '10.0', java.version: '1.8.0_291'\nDriver info: org.openqa.selenium.edge.EdgeDriver\nCapabilities {acceptInsecureCerts: false, browserName: msedge, browserVersion: 111.0.1661.54, javascriptEnabled: true, ms:edgeOptions: {debuggerAddress: localhost:58375}, msedge: {msedgedriverVersion: 111.0.1661.54 (9e410ec23a36..., userDataDir: C:\\Users\\daohu\\AppData\\Loca...}, networkConnectionEnabled: false, pageLoadStrategy: normal, platform: WINDOWS, platformName: WINDOWS, proxy: Proxy(), se:cdp: ws://localhost:58375/devtoo..., se:cdpVersion: 111.0.1661.54, setWindowRect: true, strictFileInteractability: false, timeouts: {implicit: 0, pageLoad: 300000, script: 30000}, unhandledPromptBehavior: dismiss and notify, webauthn:extension:credBlob: true, webauthn:extension:largeBlob: true, webauthn:extension:minPinLength: true, webauthn:extension:prf: true, webauthn:virtualAuthenticators: true}\nSession ID: 96c3fc8d6edec8efa8c45fd071d88342",
    "statusTrace" : "org.openqa.selenium.TimeoutException: Expected condition failed: waiting for element to be clickable: By.xpath: //header//div[contains(@class,'sign-out')] (tried for 30 second(s) with 500 milliseconds interval)\nBuild info: version: '4.1.2', revision: '9a5a329c5a'\nSystem info: host: 'DAOTIEN', ip: '192.168.0.103', os.name: 'Windows 10', os.arch: 'amd64', os.version: '10.0', java.version: '1.8.0_291'\nDriver info: org.openqa.selenium.edge.EdgeDriver\nCapabilities {acceptInsecureCerts: false, browserName: msedge, browserVersion: 111.0.1661.54, javascriptEnabled: true, ms:edgeOptions: {debuggerAddress: localhost:58375}, msedge: {msedgedriverVersion: 111.0.1661.54 (9e410ec23a36..., userDataDir: C:\\Users\\daohu\\AppData\\Loca...}, networkConnectionEnabled: false, pageLoadStrategy: normal, platform: WINDOWS, platformName: WINDOWS, proxy: Proxy(), se:cdp: ws://localhost:58375/devtoo..., se:cdpVersion: 111.0.1661.54, setWindowRect: true, strictFileInteractability: false, timeouts: {implicit: 0, pageLoad: 300000, script: 30000}, unhandledPromptBehavior: dismiss and notify, webauthn:extension:credBlob: true, webauthn:extension:largeBlob: true, webauthn:extension:minPinLength: true, webauthn:extension:prf: true, webauthn:virtualAuthenticators: true}\nSession ID: 96c3fc8d6edec8efa8c45fd071d88342\r\n\tat org.openqa.selenium.support.ui.WebDriverWait.timeoutException(WebDriverWait.java:138)\r\n\tat org.openqa.selenium.support.ui.FluentWait.until(FluentWait.java:231)\r\n\tat selenium.core.BaseLocator.waitUntilClickable(BaseLocator.java:160)\r\n\tat selenium.pages.DashboardPage.waitBtnLogOutShow_aroundBody4(DashboardPage.java:24)\r\n\tat selenium.pages.DashboardPage$AjcClosure5.run(DashboardPage.java:1)\r\n\tat org.aspectj.runtime.reflect.JoinPointImpl.proceed(JoinPointImpl.java:167)\r\n\tat utils.logging.AspectJ.doConcurrentOperation(AspectJ.java:94)\r\n\tat selenium.pages.DashboardPage.waitBtnLogOutShow(DashboardPage.java:24)\r\n\tat selenium.steps.LoginSteps.verifyLoginSuccessfully(LoginSteps.java:32)\r\n\tat testcases.web.permission.Permission.TC_30(Permission.java:1104)\r\n\tat sun.reflect.NativeMethodAccessorImpl.invoke0(Native Method)\r\n\tat sun.reflect.NativeMethodAccessorImpl.invoke(NativeMethodAccessorImpl.java:62)\r\n\tat sun.reflect.DelegatingMethodAccessorImpl.invoke(DelegatingMethodAccessorImpl.java:43)\r\n\tat java.lang.reflect.Method.invoke(Method.java:498)\r\n\tat org.testng.internal.MethodInvocationHelper.invokeMethod(MethodInvocationHelper.java:124)\r\n\tat org.testng.internal.Invoker.invokeMethod(Invoker.java:583)\r\n\tat org.testng.internal.Invoker.invokeTestMethod(Invoker.java:719)\r\n\tat org.testng.internal.Invoker.invokeTestMethods(Invoker.java:989)\r\n\tat org.testng.internal.TestMethodWorker.invokeTestMethods(TestMethodWorker.java:125)\r\n\tat org.testng.internal.TestMethodWorker.run(TestMethodWorker.java:109)\r\n\tat java.util.concurrent.ThreadPoolExecutor.runWorker(ThreadPoolExecutor.java:1149)\r\n\tat java.util.concurrent.ThreadPoolExecutor$Worker.run(ThreadPoolExecutor.java:624)\r\n\tat java.lang.Thread.run(Thread.java:748)\r\n",
    "steps" : [ {
      "name" : "Log in with account: system.write@gmail.com",
      "time" : {
        "start" : 1680236045739,
        "stop" : 1680236048543,
        "duration" : 2804
      },
      "status" : "passed",
      "steps" : [ ],
      "attachments" : [ {
        "uid" : "18c6b711ed5bb893",
        "name" : "Starting action: ",
        "source" : "18c6b711ed5bb893.txt",
        "type" : "text/plain",
        "size" : 109
      }, {
        "uid" : "7934e32ff257a9df",
        "name" : "Action Done! ",
        "source" : "7934e32ff257a9df.txt",
        "type" : "text/plain",
        "size" : 9
      }, {
        "uid" : "9f1746753b9b8c5f",
        "name" : "saveScreenShot",
        "source" : "9f1746753b9b8c5f.png",
        "type" : "image/png",
        "size" : 61481
      }, {
        "uid" : "c10cd5971fe80686",
        "name" : "Starting action: ",
        "source" : "c10cd5971fe80686.txt",
        "type" : "text/plain",
        "size" : 61
      }, {
        "uid" : "29d2c3d046afedbb",
        "name" : "Action Done! ",
        "source" : "29d2c3d046afedbb.txt",
        "type" : "text/plain",
        "size" : 9
      }, {
        "uid" : "2796052160f56491",
        "name" : "saveScreenShot",
        "source" : "2796052160f56491.png",
        "type" : "image/png",
        "size" : 61901
      }, {
        "uid" : "c5a05bb74dccf2ea",
        "name" : "Starting action: ",
        "source" : "c5a05bb74dccf2ea.txt",
        "type" : "text/plain",
        "size" : 54
      }, {
        "uid" : "a3ccd5478961bbb",
        "name" : "Action Done! ",
        "source" : "a3ccd5478961bbb.txt",
        "type" : "text/plain",
        "size" : 9
      }, {
        "uid" : "3291f659a841a659",
        "name" : "saveScreenShot",
        "source" : "3291f659a841a659.png",
        "type" : "image/png",
        "size" : 62199
      }, {
        "uid" : "1a73b674e2d94836",
        "name" : "Starting action: ",
        "source" : "1a73b674e2d94836.txt",
        "type" : "text/plain",
        "size" : 40
      }, {
        "uid" : "44fe83fb646e49b4",
        "name" : "Action Done! ",
        "source" : "44fe83fb646e49b4.txt",
        "type" : "text/plain",
        "size" : 9
      }, {
        "uid" : "8fec90d5e1667672",
        "name" : "saveScreenShot",
        "source" : "8fec90d5e1667672.png",
        "type" : "image/png",
        "size" : 62476
      } ],
      "parameters" : [ {
        "name" : "email",
        "value" : "system.write@gmail.com"
      }, {
        "name" : "passWord",
        "value" : "userPass@123"
      } ],
      "stepsCount" : 0,
      "attachmentsCount" : 12,
      "shouldDisplayMessage" : false,
      "hasContent" : true
    }, {
      "name" : "Verify login successfully",
      "time" : {
        "start" : 1680236048543,
        "stop" : 1680236081602,
        "duration" : 33059
      },
      "status" : "broken",
      "statusMessage" : "Expected condition failed: waiting for element to be clickable: By.xpath: //header//div[contains(@class,'sign-out')] (tried for 30 second(s) with 500 milliseconds interval)\nBuild info: version: '4.1.2', revision: '9a5a329c5a'\nSystem info: host: 'DAOTIEN', ip: '192.168.0.103', os.name: 'Windows 10', os.arch: 'amd64', os.version: '10.0', java.version: '1.8.0_291'\nDriver info: org.openqa.selenium.edge.EdgeDriver\nCapabilities {acceptInsecureCerts: false, browserName: msedge, browserVersion: 111.0.1661.54, javascriptEnabled: true, ms:edgeOptions: {debuggerAddress: localhost:58375}, msedge: {msedgedriverVersion: 111.0.1661.54 (9e410ec23a36..., userDataDir: C:\\Users\\daohu\\AppData\\Loca...}, networkConnectionEnabled: false, pageLoadStrategy: normal, platform: WINDOWS, platformName: WINDOWS, proxy: Proxy(), se:cdp: ws://localhost:58375/devtoo..., se:cdpVersion: 111.0.1661.54, setWindowRect: true, strictFileInteractability: false, timeouts: {implicit: 0, pageLoad: 300000, script: 30000}, unhandledPromptBehavior: dismiss and notify, webauthn:extension:credBlob: true, webauthn:extension:largeBlob: true, webauthn:extension:minPinLength: true, webauthn:extension:prf: true, webauthn:virtualAuthenticators: true}\nSession ID: 96c3fc8d6edec8efa8c45fd071d88342",
      "statusTrace" : "org.openqa.selenium.TimeoutException: Expected condition failed: waiting for element to be clickable: By.xpath: //header//div[contains(@class,'sign-out')] (tried for 30 second(s) with 500 milliseconds interval)\nBuild info: version: '4.1.2', revision: '9a5a329c5a'\nSystem info: host: 'DAOTIEN', ip: '192.168.0.103', os.name: 'Windows 10', os.arch: 'amd64', os.version: '10.0', java.version: '1.8.0_291'\nDriver info: org.openqa.selenium.edge.EdgeDriver\nCapabilities {acceptInsecureCerts: false, browserName: msedge, browserVersion: 111.0.1661.54, javascriptEnabled: true, ms:edgeOptions: {debuggerAddress: localhost:58375}, msedge: {msedgedriverVersion: 111.0.1661.54 (9e410ec23a36..., userDataDir: C:\\Users\\daohu\\AppData\\Loca...}, networkConnectionEnabled: false, pageLoadStrategy: normal, platform: WINDOWS, platformName: WINDOWS, proxy: Proxy(), se:cdp: ws://localhost:58375/devtoo..., se:cdpVersion: 111.0.1661.54, setWindowRect: true, strictFileInteractability: false, timeouts: {implicit: 0, pageLoad: 300000, script: 30000}, unhandledPromptBehavior: dismiss and notify, webauthn:extension:credBlob: true, webauthn:extension:largeBlob: true, webauthn:extension:minPinLength: true, webauthn:extension:prf: true, webauthn:virtualAuthenticators: true}\nSession ID: 96c3fc8d6edec8efa8c45fd071d88342\r\n\tat org.openqa.selenium.support.ui.WebDriverWait.timeoutException(WebDriverWait.java:138)\r\n\tat org.openqa.selenium.support.ui.FluentWait.until(FluentWait.java:231)\r\n\tat selenium.core.BaseLocator.waitUntilClickable(BaseLocator.java:160)\r\n\tat selenium.pages.DashboardPage.waitBtnLogOutShow_aroundBody4(DashboardPage.java:24)\r\n\tat selenium.pages.DashboardPage$AjcClosure5.run(DashboardPage.java:1)\r\n\tat org.aspectj.runtime.reflect.JoinPointImpl.proceed(JoinPointImpl.java:167)\r\n\tat utils.logging.AspectJ.doConcurrentOperation(AspectJ.java:94)\r\n\tat selenium.pages.DashboardPage.waitBtnLogOutShow(DashboardPage.java:24)\r\n\tat selenium.steps.LoginSteps.verifyLoginSuccessfully(LoginSteps.java:32)\r\n\tat testcases.web.permission.Permission.TC_30(Permission.java:1104)\r\n\tat sun.reflect.NativeMethodAccessorImpl.invoke0(Native Method)\r\n\tat sun.reflect.NativeMethodAccessorImpl.invoke(NativeMethodAccessorImpl.java:62)\r\n\tat sun.reflect.DelegatingMethodAccessorImpl.invoke(DelegatingMethodAccessorImpl.java:43)\r\n\tat java.lang.reflect.Method.invoke(Method.java:498)\r\n\tat org.testng.internal.MethodInvocationHelper.invokeMethod(MethodInvocationHelper.java:124)\r\n\tat org.testng.internal.Invoker.invokeMethod(Invoker.java:583)\r\n\tat org.testng.internal.Invoker.invokeTestMethod(Invoker.java:719)\r\n\tat org.testng.internal.Invoker.invokeTestMethods(Invoker.java:989)\r\n\tat org.testng.internal.TestMethodWorker.invokeTestMethods(TestMethodWorker.java:125)\r\n\tat org.testng.internal.TestMethodWorker.run(TestMethodWorker.java:109)\r\n\tat java.util.concurrent.ThreadPoolExecutor.runWorker(ThreadPoolExecutor.java:1149)\r\n\tat java.util.concurrent.ThreadPoolExecutor$Worker.run(ThreadPoolExecutor.java:624)\r\n\tat java.lang.Thread.run(Thread.java:748)\r\n",
      "steps" : [ ],
      "attachments" : [ {
        "uid" : "942f509b448ff1fd",
        "name" : "Starting action: ",
        "source" : "942f509b448ff1fd.txt",
        "type" : "text/plain",
        "size" : 111
      }, {
        "uid" : "efd1336ac4534afb",
        "name" : "Action Done! ",
        "source" : "efd1336ac4534afb.txt",
        "type" : "text/plain",
        "size" : 9
      }, {
        "uid" : "1e7374c108625e16",
        "name" : "saveScreenShot",
        "source" : "1e7374c108625e16.png",
        "type" : "image/png",
        "size" : 62444
      }, {
        "uid" : "33aae082f870ab76",
        "name" : "Starting action: ",
        "source" : "33aae082f870ab76.txt",
        "type" : "text/plain",
        "size" : 48
      }, {
        "uid" : "b8b2abce43fa5f01",
        "name" : "Action failed: ",
        "source" : "b8b2abce43fa5f01.txt",
        "type" : "text/plain",
        "size" : 1274
      }, {
        "uid" : "f8acfbf88ab20c7e",
        "name" : "saveScreenShot",
        "source" : "f8acfbf88ab20c7e.png",
        "type" : "image/png",
        "size" : 100765
      } ],
      "parameters" : [ ],
      "stepsCount" : 0,
      "attachmentsCount" : 6,
      "shouldDisplayMessage" : true,
      "hasContent" : true
    } ],
    "attachments" : [ ],
    "parameters" : [ ],
    "stepsCount" : 2,
    "attachmentsCount" : 18,
    "shouldDisplayMessage" : false,
    "hasContent" : true
  },
  "afterStages" : [ {
    "name" : "afterScenario",
    "time" : {
      "start" : 1680236081603,
      "stop" : 1680236082373,
      "duration" : 770
    },
    "description" : "",
    "status" : "passed",
    "steps" : [ ],
    "attachments" : [ {
      "uid" : "95c1234642914479",
      "name" : "saveScreenShot",
      "source" : "95c1234642914479.png",
      "type" : "image/png",
      "size" : 100765
    } ],
    "parameters" : [ ],
    "stepsCount" : 0,
    "attachmentsCount" : 1,
    "shouldDisplayMessage" : false,
    "hasContent" : true
  }, {
    "name" : "afterSuites",
    "time" : {
      "start" : 1680236238759,
      "stop" : 1680236238759,
      "duration" : 0
    },
    "description" : "",
    "status" : "passed",
    "steps" : [ ],
    "attachments" : [ ],
    "parameters" : [ ],
    "stepsCount" : 0,
    "attachmentsCount" : 0,
    "shouldDisplayMessage" : false,
    "hasContent" : false
  }, {
    "name" : "afterTest",
    "time" : {
      "start" : 1680236388979,
      "stop" : 1680236388979,
      "duration" : 0
    },
    "description" : "",
    "status" : "passed",
    "steps" : [ ],
    "attachments" : [ ],
    "parameters" : [ ],
    "stepsCount" : 0,
    "attachmentsCount" : 0,
    "shouldDisplayMessage" : false,
    "hasContent" : false
  } ],
  "labels" : [ {
    "name" : "package",
    "value" : "testcases.web.permission.Permission"
  }, {
    "name" : "testClass",
    "value" : "testcases.web.permission.Permission"
  }, {
    "name" : "testMethod",
    "value" : "TC_30"
  }, {
    "name" : "parentSuite",
    "value" : "Regression"
  }, {
    "name" : "suite",
    "value" : "Permission"
  }, {
    "name" : "subSuite",
    "value" : "testcases.web.permission.Permission"
  }, {
    "name" : "host",
    "value" : "DaoTien"
  }, {
    "name" : "thread",
    "value" : "16880@DaoTien.TestNG-test=Permission-10(1195)"
  }, {
    "name" : "framework",
    "value" : "testng"
  }, {
    "name" : "language",
    "value" : "java"
  }, {
    "name" : "resultFormat",
    "value" : "allure2"
  } ],
  "parameters" : [ {
    "name" : "arg0",
    "value" : "utils.models.MUser@1f1f5b53"
  } ],
  "links" : [ ],
  "hidden" : false,
  "retry" : false,
  "extra" : {
    "severity" : "normal",
    "retries" : [ ],
    "categories" : [ {
      "name" : "Test defects",
      "matchedStatuses" : [ ],
      "flaky" : false
    } ],
    "tags" : [ ]
  },
  "source" : "a9fe3c5d20cf7111.json",
  "parameterValues" : [ "utils.models.MUser@1f1f5b53" ]
}