{
  "uid" : "bae453122b226b47",
  "name" : "Verify Configuration Read user can not view Vehicles",
  "fullName" : "testcases.web.permission.Permission.TC_13",
  "historyId" : "e555a7793fb4639bf3aa26fdda25bd73",
  "time" : {
    "start" : 1680235911554,
    "stop" : 1680235947160,
    "duration" : 35606
  },
  "description" : "Verify Configuration Read user can not view Vehicles",
  "descriptionHtml" : "<p>Verify Configuration Read user can not view Vehicles</p>\n",
  "status" : "broken",
  "statusMessage" : "Expected condition failed: waiting for element to be clickable: By.xpath: //header//div[contains(@class,'sign-out')] (tried for 30 second(s) with 500 milliseconds interval)\nBuild info: version: '4.1.2', revision: '9a5a329c5a'\nSystem info: host: 'DAOTIEN', ip: '192.168.0.103', os.name: 'Windows 10', os.arch: 'amd64', os.version: '10.0', java.version: '1.8.0_291'\nDriver info: org.openqa.selenium.edge.EdgeDriver\nCapabilities {acceptInsecureCerts: false, browserName: msedge, browserVersion: 111.0.1661.54, javascriptEnabled: true, ms:edgeOptions: {debuggerAddress: localhost:57676}, msedge: {msedgedriverVersion: 111.0.1661.54 (9e410ec23a36..., userDataDir: C:\\Users\\daohu\\AppData\\Loca...}, networkConnectionEnabled: false, pageLoadStrategy: normal, platform: WINDOWS, platformName: WINDOWS, proxy: Proxy(), se:cdp: ws://localhost:57676/devtoo..., se:cdpVersion: 111.0.1661.54, setWindowRect: true, strictFileInteractability: false, timeouts: {implicit: 0, pageLoad: 300000, script: 30000}, unhandledPromptBehavior: dismiss and notify, webauthn:extension:credBlob: true, webauthn:extension:largeBlob: true, webauthn:extension:minPinLength: true, webauthn:extension:prf: true, webauthn:virtualAuthenticators: true}\nSession ID: 5a5f1a87d53fe7dcbbf9f905aa08f972",
  "statusTrace" : "org.openqa.selenium.TimeoutException: Expected condition failed: waiting for element to be clickable: By.xpath: //header//div[contains(@class,'sign-out')] (tried for 30 second(s) with 500 milliseconds interval)\nBuild info: version: '4.1.2', revision: '9a5a329c5a'\nSystem info: host: 'DAOTIEN', ip: '192.168.0.103', os.name: 'Windows 10', os.arch: 'amd64', os.version: '10.0', java.version: '1.8.0_291'\nDriver info: org.openqa.selenium.edge.EdgeDriver\nCapabilities {acceptInsecureCerts: false, browserName: msedge, browserVersion: 111.0.1661.54, javascriptEnabled: true, ms:edgeOptions: {debuggerAddress: localhost:57676}, msedge: {msedgedriverVersion: 111.0.1661.54 (9e410ec23a36..., userDataDir: C:\\Users\\daohu\\AppData\\Loca...}, networkConnectionEnabled: false, pageLoadStrategy: normal, platform: WINDOWS, platformName: WINDOWS, proxy: Proxy(), se:cdp: ws://localhost:57676/devtoo..., se:cdpVersion: 111.0.1661.54, setWindowRect: true, strictFileInteractability: false, timeouts: {implicit: 0, pageLoad: 300000, script: 30000}, unhandledPromptBehavior: dismiss and notify, webauthn:extension:credBlob: true, webauthn:extension:largeBlob: true, webauthn:extension:minPinLength: true, webauthn:extension:prf: true, webauthn:virtualAuthenticators: true}\nSession ID: 5a5f1a87d53fe7dcbbf9f905aa08f972\r\n\tat org.openqa.selenium.support.ui.WebDriverWait.timeoutException(WebDriverWait.java:138)\r\n\tat org.openqa.selenium.support.ui.FluentWait.until(FluentWait.java:231)\r\n\tat selenium.core.BaseLocator.waitUntilClickable(BaseLocator.java:160)\r\n\tat selenium.pages.DashboardPage.waitBtnLogOutShow_aroundBody4(DashboardPage.java:24)\r\n\tat selenium.pages.DashboardPage$AjcClosure5.run(DashboardPage.java:1)\r\n\tat org.aspectj.runtime.reflect.JoinPointImpl.proceed(JoinPointImpl.java:167)\r\n\tat utils.logging.AspectJ.doConcurrentOperation(AspectJ.java:94)\r\n\tat selenium.pages.DashboardPage.waitBtnLogOutShow(DashboardPage.java:24)\r\n\tat selenium.steps.LoginSteps.verifyLoginSuccessfully(LoginSteps.java:32)\r\n\tat testcases.web.permission.Permission.TC_13(Permission.java:826)\r\n\tat sun.reflect.NativeMethodAccessorImpl.invoke0(Native Method)\r\n\tat sun.reflect.NativeMethodAccessorImpl.invoke(NativeMethodAccessorImpl.java:62)\r\n\tat sun.reflect.DelegatingMethodAccessorImpl.invoke(DelegatingMethodAccessorImpl.java:43)\r\n\tat java.lang.reflect.Method.invoke(Method.java:498)\r\n\tat org.testng.internal.MethodInvocationHelper.invokeMethod(MethodInvocationHelper.java:124)\r\n\tat org.testng.internal.Invoker.invokeMethod(Invoker.java:583)\r\n\tat org.testng.internal.Invoker.invokeTestMethod(Invoker.java:719)\r\n\tat org.testng.internal.Invoker.invokeTestMethods(Invoker.java:989)\r\n\tat org.testng.internal.TestMethodWorker.invokeTestMethods(TestMethodWorker.java:125)\r\n\tat org.testng.internal.TestMethodWorker.run(TestMethodWorker.java:109)\r\n\tat java.util.concurrent.ThreadPoolExecutor.runWorker(ThreadPoolExecutor.java:1149)\r\n\tat java.util.concurrent.ThreadPoolExecutor$Worker.run(ThreadPoolExecutor.java:624)\r\n\tat java.lang.Thread.run(Thread.java:748)\r\n",
  "flaky" : false,
  "newFailed" : false,
  "newBroken" : false,
  "newPassed" : false,
  "retriesCount" : 0,
  "retriesStatusChange" : false,
  "beforeStages" : [ {
    "name" : "beforeTest",
    "time" : {
      "start" : 1680235757108,
      "stop" : 1680235757109,
      "duration" : 1
    },
    "description" : "",
    "status" : "passed",
    "steps" : [ ],
    "attachments" : [ ],
    "parameters" : [ ],
    "stepsCount" : 0,
    "attachmentsCount" : 0,
    "shouldDisplayMessage" : false,
    "hasContent" : false
  }, {
    "name" : "beforeSuites",
    "time" : {
      "start" : 1680235757110,
      "stop" : 1680235757943,
      "duration" : 833
    },
    "description" : "",
    "status" : "passed",
    "steps" : [ {
      "name" : "Get token from API response",
      "time" : {
        "start" : 1680235757110,
        "stop" : 1680235757943,
        "duration" : 833
      },
      "status" : "passed",
      "steps" : [ {
        "name" : "Login Operation Portal to generate token",
        "time" : {
          "start" : 1680235757110,
          "stop" : 1680235757943,
          "duration" : 833
        },
        "status" : "passed",
        "steps" : [ ],
        "attachments" : [ ],
        "parameters" : [ {
          "name" : "email",
          "value" : "daohuyt@bridj.com"
        }, {
          "name" : "passWord",
          "value" : "userPass@123"
        } ],
        "stepsCount" : 0,
        "attachmentsCount" : 0,
        "shouldDisplayMessage" : false,
        "hasContent" : true
      } ],
      "attachments" : [ ],
      "parameters" : [ {
        "name" : "email",
        "value" : "daohuyt@bridj.com"
      }, {
        "name" : "password",
        "value" : "userPass@123"
      } ],
      "stepsCount" : 1,
      "attachmentsCount" : 0,
      "shouldDisplayMessage" : false,
      "hasContent" : true
    } ],
    "attachments" : [ ],
    "parameters" : [ ],
    "stepsCount" : 2,
    "attachmentsCount" : 0,
    "shouldDisplayMessage" : false,
    "hasContent" : true
  }, {
    "name" : "beforeScenario",
    "time" : {
      "start" : 1680235910429,
      "stop" : 1680235911552,
      "duration" : 1123
    },
    "description" : "",
    "status" : "passed",
    "steps" : [ ],
    "attachments" : [ {
      "uid" : "f3b22e0b6e04faf5",
      "name" : "Driver setup: ",
      "source" : "f3b22e0b6e04faf5.txt",
      "type" : "text/plain",
      "size" : 119
    } ],
    "parameters" : [ ],
    "stepsCount" : 0,
    "attachmentsCount" : 1,
    "shouldDisplayMessage" : false,
    "hasContent" : true
  } ],
  "testStage" : {
    "description" : "Verify Configuration Read user can not view Vehicles",
    "status" : "broken",
    "statusMessage" : "Expected condition failed: waiting for element to be clickable: By.xpath: //header//div[contains(@class,'sign-out')] (tried for 30 second(s) with 500 milliseconds interval)\nBuild info: version: '4.1.2', revision: '9a5a329c5a'\nSystem info: host: 'DAOTIEN', ip: '192.168.0.103', os.name: 'Windows 10', os.arch: 'amd64', os.version: '10.0', java.version: '1.8.0_291'\nDriver info: org.openqa.selenium.edge.EdgeDriver\nCapabilities {acceptInsecureCerts: false, browserName: msedge, browserVersion: 111.0.1661.54, javascriptEnabled: true, ms:edgeOptions: {debuggerAddress: localhost:57676}, msedge: {msedgedriverVersion: 111.0.1661.54 (9e410ec23a36..., userDataDir: C:\\Users\\daohu\\AppData\\Loca...}, networkConnectionEnabled: false, pageLoadStrategy: normal, platform: WINDOWS, platformName: WINDOWS, proxy: Proxy(), se:cdp: ws://localhost:57676/devtoo..., se:cdpVersion: 111.0.1661.54, setWindowRect: true, strictFileInteractability: false, timeouts: {implicit: 0, pageLoad: 300000, script: 30000}, unhandledPromptBehavior: dismiss and notify, webauthn:extension:credBlob: true, webauthn:extension:largeBlob: true, webauthn:extension:minPinLength: true, webauthn:extension:prf: true, webauthn:virtualAuthenticators: true}\nSession ID: 5a5f1a87d53fe7dcbbf9f905aa08f972",
    "statusTrace" : "org.openqa.selenium.TimeoutException: Expected condition failed: waiting for element to be clickable: By.xpath: //header//div[contains(@class,'sign-out')] (tried for 30 second(s) with 500 milliseconds interval)\nBuild info: version: '4.1.2', revision: '9a5a329c5a'\nSystem info: host: 'DAOTIEN', ip: '192.168.0.103', os.name: 'Windows 10', os.arch: 'amd64', os.version: '10.0', java.version: '1.8.0_291'\nDriver info: org.openqa.selenium.edge.EdgeDriver\nCapabilities {acceptInsecureCerts: false, browserName: msedge, browserVersion: 111.0.1661.54, javascriptEnabled: true, ms:edgeOptions: {debuggerAddress: localhost:57676}, msedge: {msedgedriverVersion: 111.0.1661.54 (9e410ec23a36..., userDataDir: C:\\Users\\daohu\\AppData\\Loca...}, networkConnectionEnabled: false, pageLoadStrategy: normal, platform: WINDOWS, platformName: WINDOWS, proxy: Proxy(), se:cdp: ws://localhost:57676/devtoo..., se:cdpVersion: 111.0.1661.54, setWindowRect: true, strictFileInteractability: false, timeouts: {implicit: 0, pageLoad: 300000, script: 30000}, unhandledPromptBehavior: dismiss and notify, webauthn:extension:credBlob: true, webauthn:extension:largeBlob: true, webauthn:extension:minPinLength: true, webauthn:extension:prf: true, webauthn:virtualAuthenticators: true}\nSession ID: 5a5f1a87d53fe7dcbbf9f905aa08f972\r\n\tat org.openqa.selenium.support.ui.WebDriverWait.timeoutException(WebDriverWait.java:138)\r\n\tat org.openqa.selenium.support.ui.FluentWait.until(FluentWait.java:231)\r\n\tat selenium.core.BaseLocator.waitUntilClickable(BaseLocator.java:160)\r\n\tat selenium.pages.DashboardPage.waitBtnLogOutShow_aroundBody4(DashboardPage.java:24)\r\n\tat selenium.pages.DashboardPage$AjcClosure5.run(DashboardPage.java:1)\r\n\tat org.aspectj.runtime.reflect.JoinPointImpl.proceed(JoinPointImpl.java:167)\r\n\tat utils.logging.AspectJ.doConcurrentOperation(AspectJ.java:94)\r\n\tat selenium.pages.DashboardPage.waitBtnLogOutShow(DashboardPage.java:24)\r\n\tat selenium.steps.LoginSteps.verifyLoginSuccessfully(LoginSteps.java:32)\r\n\tat testcases.web.permission.Permission.TC_13(Permission.java:826)\r\n\tat sun.reflect.NativeMethodAccessorImpl.invoke0(Native Method)\r\n\tat sun.reflect.NativeMethodAccessorImpl.invoke(NativeMethodAccessorImpl.java:62)\r\n\tat sun.reflect.DelegatingMethodAccessorImpl.invoke(DelegatingMethodAccessorImpl.java:43)\r\n\tat java.lang.reflect.Method.invoke(Method.java:498)\r\n\tat org.testng.internal.MethodInvocationHelper.invokeMethod(MethodInvocationHelper.java:124)\r\n\tat org.testng.internal.Invoker.invokeMethod(Invoker.java:583)\r\n\tat org.testng.internal.Invoker.invokeTestMethod(Invoker.java:719)\r\n\tat org.testng.internal.Invoker.invokeTestMethods(Invoker.java:989)\r\n\tat org.testng.internal.TestMethodWorker.invokeTestMethods(TestMethodWorker.java:125)\r\n\tat org.testng.internal.TestMethodWorker.run(TestMethodWorker.java:109)\r\n\tat java.util.concurrent.ThreadPoolExecutor.runWorker(ThreadPoolExecutor.java:1149)\r\n\tat java.util.concurrent.ThreadPoolExecutor$Worker.run(ThreadPoolExecutor.java:624)\r\n\tat java.lang.Thread.run(Thread.java:748)\r\n",
    "steps" : [ {
      "name" : "Log in with account: plan.read.user@gmail.com",
      "time" : {
        "start" : 1680235911554,
        "stop" : 1680235914226,
        "duration" : 2672
      },
      "status" : "passed",
      "steps" : [ ],
      "attachments" : [ {
        "uid" : "2937f004ff9efefc",
        "name" : "Starting action: ",
        "source" : "2937f004ff9efefc.txt",
        "type" : "text/plain",
        "size" : 109
      }, {
        "uid" : "c6adc5e099e48bf2",
        "name" : "Action Done! ",
        "source" : "c6adc5e099e48bf2.txt",
        "type" : "text/plain",
        "size" : 9
      }, {
        "uid" : "69c292efa52126ed",
        "name" : "saveScreenShot",
        "source" : "69c292efa52126ed.png",
        "type" : "image/png",
        "size" : 61481
      }, {
        "uid" : "6860430be52c7089",
        "name" : "Starting action: ",
        "source" : "6860430be52c7089.txt",
        "type" : "text/plain",
        "size" : 63
      }, {
        "uid" : "c048c1cd03be646a",
        "name" : "Action Done! ",
        "source" : "c048c1cd03be646a.txt",
        "type" : "text/plain",
        "size" : 9
      }, {
        "uid" : "c20eceaca0b9af72",
        "name" : "saveScreenShot",
        "source" : "c20eceaca0b9af72.png",
        "type" : "image/png",
        "size" : 61977
      }, {
        "uid" : "891d40d8db60c305",
        "name" : "Starting action: ",
        "source" : "891d40d8db60c305.txt",
        "type" : "text/plain",
        "size" : 54
      }, {
        "uid" : "47fdd53f8d43fd7a",
        "name" : "Action Done! ",
        "source" : "47fdd53f8d43fd7a.txt",
        "type" : "text/plain",
        "size" : 9
      }, {
        "uid" : "333db40fe6f97a5b",
        "name" : "saveScreenShot",
        "source" : "333db40fe6f97a5b.png",
        "type" : "image/png",
        "size" : 62282
      }, {
        "uid" : "58cc1f109cfde4fe",
        "name" : "Starting action: ",
        "source" : "58cc1f109cfde4fe.txt",
        "type" : "text/plain",
        "size" : 40
      }, {
        "uid" : "46f26514fa077b7",
        "name" : "Action Done! ",
        "source" : "46f26514fa077b7.txt",
        "type" : "text/plain",
        "size" : 9
      }, {
        "uid" : "29b4a64e6ff2c428",
        "name" : "saveScreenShot",
        "source" : "29b4a64e6ff2c428.png",
        "type" : "image/png",
        "size" : 62487
      } ],
      "parameters" : [ {
        "name" : "email",
        "value" : "plan.read.user@gmail.com"
      }, {
        "name" : "passWord",
        "value" : "userPass@123"
      } ],
      "stepsCount" : 0,
      "attachmentsCount" : 12,
      "shouldDisplayMessage" : false,
      "hasContent" : true
    }, {
      "name" : "Verify login successfully",
      "time" : {
        "start" : 1680235914226,
        "stop" : 1680235947160,
        "duration" : 32934
      },
      "status" : "broken",
      "statusMessage" : "Expected condition failed: waiting for element to be clickable: By.xpath: //header//div[contains(@class,'sign-out')] (tried for 30 second(s) with 500 milliseconds interval)\nBuild info: version: '4.1.2', revision: '9a5a329c5a'\nSystem info: host: 'DAOTIEN', ip: '192.168.0.103', os.name: 'Windows 10', os.arch: 'amd64', os.version: '10.0', java.version: '1.8.0_291'\nDriver info: org.openqa.selenium.edge.EdgeDriver\nCapabilities {acceptInsecureCerts: false, browserName: msedge, browserVersion: 111.0.1661.54, javascriptEnabled: true, ms:edgeOptions: {debuggerAddress: localhost:57676}, msedge: {msedgedriverVersion: 111.0.1661.54 (9e410ec23a36..., userDataDir: C:\\Users\\daohu\\AppData\\Loca...}, networkConnectionEnabled: false, pageLoadStrategy: normal, platform: WINDOWS, platformName: WINDOWS, proxy: Proxy(), se:cdp: ws://localhost:57676/devtoo..., se:cdpVersion: 111.0.1661.54, setWindowRect: true, strictFileInteractability: false, timeouts: {implicit: 0, pageLoad: 300000, script: 30000}, unhandledPromptBehavior: dismiss and notify, webauthn:extension:credBlob: true, webauthn:extension:largeBlob: true, webauthn:extension:minPinLength: true, webauthn:extension:prf: true, webauthn:virtualAuthenticators: true}\nSession ID: 5a5f1a87d53fe7dcbbf9f905aa08f972",
      "statusTrace" : "org.openqa.selenium.TimeoutException: Expected condition failed: waiting for element to be clickable: By.xpath: //header//div[contains(@class,'sign-out')] (tried for 30 second(s) with 500 milliseconds interval)\nBuild info: version: '4.1.2', revision: '9a5a329c5a'\nSystem info: host: 'DAOTIEN', ip: '192.168.0.103', os.name: 'Windows 10', os.arch: 'amd64', os.version: '10.0', java.version: '1.8.0_291'\nDriver info: org.openqa.selenium.edge.EdgeDriver\nCapabilities {acceptInsecureCerts: false, browserName: msedge, browserVersion: 111.0.1661.54, javascriptEnabled: true, ms:edgeOptions: {debuggerAddress: localhost:57676}, msedge: {msedgedriverVersion: 111.0.1661.54 (9e410ec23a36..., userDataDir: C:\\Users\\daohu\\AppData\\Loca...}, networkConnectionEnabled: false, pageLoadStrategy: normal, platform: WINDOWS, platformName: WINDOWS, proxy: Proxy(), se:cdp: ws://localhost:57676/devtoo..., se:cdpVersion: 111.0.1661.54, setWindowRect: true, strictFileInteractability: false, timeouts: {implicit: 0, pageLoad: 300000, script: 30000}, unhandledPromptBehavior: dismiss and notify, webauthn:extension:credBlob: true, webauthn:extension:largeBlob: true, webauthn:extension:minPinLength: true, webauthn:extension:prf: true, webauthn:virtualAuthenticators: true}\nSession ID: 5a5f1a87d53fe7dcbbf9f905aa08f972\r\n\tat org.openqa.selenium.support.ui.WebDriverWait.timeoutException(WebDriverWait.java:138)\r\n\tat org.openqa.selenium.support.ui.FluentWait.until(FluentWait.java:231)\r\n\tat selenium.core.BaseLocator.waitUntilClickable(BaseLocator.java:160)\r\n\tat selenium.pages.DashboardPage.waitBtnLogOutShow_aroundBody4(DashboardPage.java:24)\r\n\tat selenium.pages.DashboardPage$AjcClosure5.run(DashboardPage.java:1)\r\n\tat org.aspectj.runtime.reflect.JoinPointImpl.proceed(JoinPointImpl.java:167)\r\n\tat utils.logging.AspectJ.doConcurrentOperation(AspectJ.java:94)\r\n\tat selenium.pages.DashboardPage.waitBtnLogOutShow(DashboardPage.java:24)\r\n\tat selenium.steps.LoginSteps.verifyLoginSuccessfully(LoginSteps.java:32)\r\n\tat testcases.web.permission.Permission.TC_13(Permission.java:826)\r\n\tat sun.reflect.NativeMethodAccessorImpl.invoke0(Native Method)\r\n\tat sun.reflect.NativeMethodAccessorImpl.invoke(NativeMethodAccessorImpl.java:62)\r\n\tat sun.reflect.DelegatingMethodAccessorImpl.invoke(DelegatingMethodAccessorImpl.java:43)\r\n\tat java.lang.reflect.Method.invoke(Method.java:498)\r\n\tat org.testng.internal.MethodInvocationHelper.invokeMethod(MethodInvocationHelper.java:124)\r\n\tat org.testng.internal.Invoker.invokeMethod(Invoker.java:583)\r\n\tat org.testng.internal.Invoker.invokeTestMethod(Invoker.java:719)\r\n\tat org.testng.internal.Invoker.invokeTestMethods(Invoker.java:989)\r\n\tat org.testng.internal.TestMethodWorker.invokeTestMethods(TestMethodWorker.java:125)\r\n\tat org.testng.internal.TestMethodWorker.run(TestMethodWorker.java:109)\r\n\tat java.util.concurrent.ThreadPoolExecutor.runWorker(ThreadPoolExecutor.java:1149)\r\n\tat java.util.concurrent.ThreadPoolExecutor$Worker.run(ThreadPoolExecutor.java:624)\r\n\tat java.lang.Thread.run(Thread.java:748)\r\n",
      "steps" : [ ],
      "attachments" : [ {
        "uid" : "ea367dbfcbb2d607",
        "name" : "Starting action: ",
        "source" : "ea367dbfcbb2d607.txt",
        "type" : "text/plain",
        "size" : 111
      }, {
        "uid" : "c4c321d7c21fd5bc",
        "name" : "Action Done! ",
        "source" : "c4c321d7c21fd5bc.txt",
        "type" : "text/plain",
        "size" : 9
      }, {
        "uid" : "b232ee8f7352840d",
        "name" : "saveScreenShot",
        "source" : "b232ee8f7352840d.png",
        "type" : "image/png",
        "size" : 62630
      }, {
        "uid" : "7e8eb1c3bbab3c56",
        "name" : "Starting action: ",
        "source" : "7e8eb1c3bbab3c56.txt",
        "type" : "text/plain",
        "size" : 48
      }, {
        "uid" : "180e047e663c3536",
        "name" : "Action failed: ",
        "source" : "180e047e663c3536.txt",
        "type" : "text/plain",
        "size" : 1275
      }, {
        "uid" : "c9f914aef9858153",
        "name" : "saveScreenShot",
        "source" : "c9f914aef9858153.png",
        "type" : "image/png",
        "size" : 100850
      } ],
      "parameters" : [ ],
      "stepsCount" : 0,
      "attachmentsCount" : 6,
      "shouldDisplayMessage" : true,
      "hasContent" : true
    } ],
    "attachments" : [ ],
    "parameters" : [ ],
    "stepsCount" : 2,
    "attachmentsCount" : 18,
    "shouldDisplayMessage" : false,
    "hasContent" : true
  },
  "afterStages" : [ {
    "name" : "afterScenario",
    "time" : {
      "start" : 1680235947161,
      "stop" : 1680235947928,
      "duration" : 767
    },
    "description" : "",
    "status" : "passed",
    "steps" : [ ],
    "attachments" : [ {
      "uid" : "696bd1df755c1b7c",
      "name" : "saveScreenShot",
      "source" : "696bd1df755c1b7c.png",
      "type" : "image/png",
      "size" : 100850
    } ],
    "parameters" : [ ],
    "stepsCount" : 0,
    "attachmentsCount" : 1,
    "shouldDisplayMessage" : false,
    "hasContent" : true
  }, {
    "name" : "afterSuites",
    "time" : {
      "start" : 1680236238759,
      "stop" : 1680236238759,
      "duration" : 0
    },
    "description" : "",
    "status" : "passed",
    "steps" : [ ],
    "attachments" : [ ],
    "parameters" : [ ],
    "stepsCount" : 0,
    "attachmentsCount" : 0,
    "shouldDisplayMessage" : false,
    "hasContent" : false
  }, {
    "name" : "afterTest",
    "time" : {
      "start" : 1680236388979,
      "stop" : 1680236388979,
      "duration" : 0
    },
    "description" : "",
    "status" : "passed",
    "steps" : [ ],
    "attachments" : [ ],
    "parameters" : [ ],
    "stepsCount" : 0,
    "attachmentsCount" : 0,
    "shouldDisplayMessage" : false,
    "hasContent" : false
  } ],
  "labels" : [ {
    "name" : "package",
    "value" : "testcases.web.permission.Permission"
  }, {
    "name" : "testClass",
    "value" : "testcases.web.permission.Permission"
  }, {
    "name" : "testMethod",
    "value" : "TC_13"
  }, {
    "name" : "parentSuite",
    "value" : "Regression"
  }, {
    "name" : "suite",
    "value" : "Permission"
  }, {
    "name" : "subSuite",
    "value" : "testcases.web.permission.Permission"
  }, {
    "name" : "host",
    "value" : "DaoTien"
  }, {
    "name" : "thread",
    "value" : "16880@DaoTien.TestNG-test=Permission-2(1187)"
  }, {
    "name" : "framework",
    "value" : "testng"
  }, {
    "name" : "language",
    "value" : "java"
  }, {
    "name" : "resultFormat",
    "value" : "allure2"
  } ],
  "parameters" : [ {
    "name" : "arg0",
    "value" : "utils.models.MUser@2f9f90e6"
  } ],
  "links" : [ ],
  "hidden" : false,
  "retry" : false,
  "extra" : {
    "severity" : "normal",
    "retries" : [ ],
    "categories" : [ {
      "name" : "Test defects",
      "matchedStatuses" : [ ],
      "flaky" : false
    } ],
    "tags" : [ ]
  },
  "source" : "bae453122b226b47.json",
  "parameterValues" : [ "utils.models.MUser@2f9f90e6" ]
}