{
  "uid" : "c938de27c1085acb",
  "name" : "Verify normal user can not delete administrator",
  "fullName" : "testcases.web.user.UsersDeleting.TC_04",
  "historyId" : "345431ea5608fb43ba3493fc9ea3c451",
  "time" : {
    "start" : 1680234761066,
    "stop" : 1680234797361,
    "duration" : 36295
  },
  "description" : "Verify normal user can not delete administrator",
  "descriptionHtml" : "<p>Verify normal user can not delete administrator</p>\n",
  "status" : "broken",
  "statusMessage" : "Expected condition failed: waiting for element to be clickable: By.xpath: //header//div[contains(@class,'sign-out')] (tried for 30 second(s) with 500 milliseconds interval)\nBuild info: version: '4.1.2', revision: '9a5a329c5a'\nSystem info: host: 'DAOTIEN', ip: '192.168.0.103', os.name: 'Windows 10', os.arch: 'amd64', os.version: '10.0', java.version: '1.8.0_291'\nDriver info: org.openqa.selenium.edge.EdgeDriver\nCapabilities {acceptInsecureCerts: false, browserName: msedge, browserVersion: 111.0.1661.54, javascriptEnabled: true, ms:edgeOptions: {debuggerAddress: localhost:55020}, msedge: {msedgedriverVersion: 111.0.1661.54 (9e410ec23a36..., userDataDir: C:\\Users\\daohu\\AppData\\Loca...}, networkConnectionEnabled: false, pageLoadStrategy: normal, platform: WINDOWS, platformName: WINDOWS, proxy: Proxy(), se:cdp: ws://localhost:55020/devtoo..., se:cdpVersion: 111.0.1661.54, setWindowRect: true, strictFileInteractability: false, timeouts: {implicit: 0, pageLoad: 300000, script: 30000}, unhandledPromptBehavior: dismiss and notify, webauthn:extension:credBlob: true, webauthn:extension:largeBlob: true, webauthn:extension:minPinLength: true, webauthn:extension:prf: true, webauthn:virtualAuthenticators: true}\nSession ID: 3182e7ac8b5b2345bfeca31bde8b336d",
  "statusTrace" : "org.openqa.selenium.TimeoutException: Expected condition failed: waiting for element to be clickable: By.xpath: //header//div[contains(@class,'sign-out')] (tried for 30 second(s) with 500 milliseconds interval)\nBuild info: version: '4.1.2', revision: '9a5a329c5a'\nSystem info: host: 'DAOTIEN', ip: '192.168.0.103', os.name: 'Windows 10', os.arch: 'amd64', os.version: '10.0', java.version: '1.8.0_291'\nDriver info: org.openqa.selenium.edge.EdgeDriver\nCapabilities {acceptInsecureCerts: false, browserName: msedge, browserVersion: 111.0.1661.54, javascriptEnabled: true, ms:edgeOptions: {debuggerAddress: localhost:55020}, msedge: {msedgedriverVersion: 111.0.1661.54 (9e410ec23a36..., userDataDir: C:\\Users\\daohu\\AppData\\Loca...}, networkConnectionEnabled: false, pageLoadStrategy: normal, platform: WINDOWS, platformName: WINDOWS, proxy: Proxy(), se:cdp: ws://localhost:55020/devtoo..., se:cdpVersion: 111.0.1661.54, setWindowRect: true, strictFileInteractability: false, timeouts: {implicit: 0, pageLoad: 300000, script: 30000}, unhandledPromptBehavior: dismiss and notify, webauthn:extension:credBlob: true, webauthn:extension:largeBlob: true, webauthn:extension:minPinLength: true, webauthn:extension:prf: true, webauthn:virtualAuthenticators: true}\nSession ID: 3182e7ac8b5b2345bfeca31bde8b336d\r\n\tat org.openqa.selenium.support.ui.WebDriverWait.timeoutException(WebDriverWait.java:138)\r\n\tat org.openqa.selenium.support.ui.FluentWait.until(FluentWait.java:231)\r\n\tat selenium.core.BaseLocator.waitUntilClickable(BaseLocator.java:160)\r\n\tat selenium.pages.DashboardPage.waitBtnLogOutShow_aroundBody4(DashboardPage.java:24)\r\n\tat selenium.pages.DashboardPage$AjcClosure5.run(DashboardPage.java:1)\r\n\tat org.aspectj.runtime.reflect.JoinPointImpl.proceed(JoinPointImpl.java:167)\r\n\tat utils.logging.AspectJ.doConcurrentOperation(AspectJ.java:94)\r\n\tat selenium.pages.DashboardPage.waitBtnLogOutShow(DashboardPage.java:24)\r\n\tat selenium.steps.LoginSteps.verifyLoginSuccessfully(LoginSteps.java:32)\r\n\tat testcases.web.user.UsersDeleting.TC_04(UsersDeleting.java:101)\r\n\tat sun.reflect.NativeMethodAccessorImpl.invoke0(Native Method)\r\n\tat sun.reflect.NativeMethodAccessorImpl.invoke(NativeMethodAccessorImpl.java:62)\r\n\tat sun.reflect.DelegatingMethodAccessorImpl.invoke(DelegatingMethodAccessorImpl.java:43)\r\n\tat java.lang.reflect.Method.invoke(Method.java:498)\r\n\tat org.testng.internal.MethodInvocationHelper.invokeMethod(MethodInvocationHelper.java:124)\r\n\tat org.testng.internal.Invoker.invokeMethod(Invoker.java:583)\r\n\tat org.testng.internal.Invoker.invokeTestMethod(Invoker.java:719)\r\n\tat org.testng.internal.Invoker.invokeTestMethods(Invoker.java:989)\r\n\tat org.testng.internal.TestMethodWorker.invokeTestMethods(TestMethodWorker.java:125)\r\n\tat org.testng.internal.TestMethodWorker.run(TestMethodWorker.java:109)\r\n\tat java.util.concurrent.ThreadPoolExecutor.runWorker(ThreadPoolExecutor.java:1149)\r\n\tat java.util.concurrent.ThreadPoolExecutor$Worker.run(ThreadPoolExecutor.java:624)\r\n\tat java.lang.Thread.run(Thread.java:748)\r\n",
  "flaky" : false,
  "newFailed" : false,
  "newBroken" : false,
  "newPassed" : false,
  "retriesCount" : 0,
  "retriesStatusChange" : false,
  "beforeStages" : [ {
    "name" : "beforeTest",
    "time" : {
      "start" : 1680234676453,
      "stop" : 1680234676453,
      "duration" : 0
    },
    "description" : "",
    "status" : "passed",
    "steps" : [ ],
    "attachments" : [ ],
    "parameters" : [ ],
    "stepsCount" : 0,
    "attachmentsCount" : 0,
    "shouldDisplayMessage" : false,
    "hasContent" : false
  }, {
    "name" : "beforeSuites",
    "time" : {
      "start" : 1680234746933,
      "stop" : 1680234746934,
      "duration" : 1
    },
    "description" : "",
    "status" : "passed",
    "steps" : [ ],
    "attachments" : [ ],
    "parameters" : [ ],
    "stepsCount" : 0,
    "attachmentsCount" : 0,
    "shouldDisplayMessage" : false,
    "hasContent" : false
  }, {
    "name" : "beforeScenario",
    "time" : {
      "start" : 1680234759699,
      "stop" : 1680234761062,
      "duration" : 1363
    },
    "description" : "",
    "status" : "passed",
    "steps" : [ ],
    "attachments" : [ {
      "uid" : "c310e2d34639218d",
      "name" : "Driver setup: ",
      "source" : "c310e2d34639218d.txt",
      "type" : "text/plain",
      "size" : 118
    } ],
    "parameters" : [ ],
    "stepsCount" : 0,
    "attachmentsCount" : 1,
    "shouldDisplayMessage" : false,
    "hasContent" : true
  }, {
    "name" : "beforeEachScenario",
    "time" : {
      "start" : 1680234761063,
      "stop" : 1680234761063,
      "duration" : 0
    },
    "description" : "",
    "status" : "passed",
    "steps" : [ ],
    "attachments" : [ ],
    "parameters" : [ ],
    "stepsCount" : 0,
    "attachmentsCount" : 0,
    "shouldDisplayMessage" : false,
    "hasContent" : false
  } ],
  "testStage" : {
    "description" : "Verify normal user can not delete administrator",
    "status" : "broken",
    "statusMessage" : "Expected condition failed: waiting for element to be clickable: By.xpath: //header//div[contains(@class,'sign-out')] (tried for 30 second(s) with 500 milliseconds interval)\nBuild info: version: '4.1.2', revision: '9a5a329c5a'\nSystem info: host: 'DAOTIEN', ip: '192.168.0.103', os.name: 'Windows 10', os.arch: 'amd64', os.version: '10.0', java.version: '1.8.0_291'\nDriver info: org.openqa.selenium.edge.EdgeDriver\nCapabilities {acceptInsecureCerts: false, browserName: msedge, browserVersion: 111.0.1661.54, javascriptEnabled: true, ms:edgeOptions: {debuggerAddress: localhost:55020}, msedge: {msedgedriverVersion: 111.0.1661.54 (9e410ec23a36..., userDataDir: C:\\Users\\daohu\\AppData\\Loca...}, networkConnectionEnabled: false, pageLoadStrategy: normal, platform: WINDOWS, platformName: WINDOWS, proxy: Proxy(), se:cdp: ws://localhost:55020/devtoo..., se:cdpVersion: 111.0.1661.54, setWindowRect: true, strictFileInteractability: false, timeouts: {implicit: 0, pageLoad: 300000, script: 30000}, unhandledPromptBehavior: dismiss and notify, webauthn:extension:credBlob: true, webauthn:extension:largeBlob: true, webauthn:extension:minPinLength: true, webauthn:extension:prf: true, webauthn:virtualAuthenticators: true}\nSession ID: 3182e7ac8b5b2345bfeca31bde8b336d",
    "statusTrace" : "org.openqa.selenium.TimeoutException: Expected condition failed: waiting for element to be clickable: By.xpath: //header//div[contains(@class,'sign-out')] (tried for 30 second(s) with 500 milliseconds interval)\nBuild info: version: '4.1.2', revision: '9a5a329c5a'\nSystem info: host: 'DAOTIEN', ip: '192.168.0.103', os.name: 'Windows 10', os.arch: 'amd64', os.version: '10.0', java.version: '1.8.0_291'\nDriver info: org.openqa.selenium.edge.EdgeDriver\nCapabilities {acceptInsecureCerts: false, browserName: msedge, browserVersion: 111.0.1661.54, javascriptEnabled: true, ms:edgeOptions: {debuggerAddress: localhost:55020}, msedge: {msedgedriverVersion: 111.0.1661.54 (9e410ec23a36..., userDataDir: C:\\Users\\daohu\\AppData\\Loca...}, networkConnectionEnabled: false, pageLoadStrategy: normal, platform: WINDOWS, platformName: WINDOWS, proxy: Proxy(), se:cdp: ws://localhost:55020/devtoo..., se:cdpVersion: 111.0.1661.54, setWindowRect: true, strictFileInteractability: false, timeouts: {implicit: 0, pageLoad: 300000, script: 30000}, unhandledPromptBehavior: dismiss and notify, webauthn:extension:credBlob: true, webauthn:extension:largeBlob: true, webauthn:extension:minPinLength: true, webauthn:extension:prf: true, webauthn:virtualAuthenticators: true}\nSession ID: 3182e7ac8b5b2345bfeca31bde8b336d\r\n\tat org.openqa.selenium.support.ui.WebDriverWait.timeoutException(WebDriverWait.java:138)\r\n\tat org.openqa.selenium.support.ui.FluentWait.until(FluentWait.java:231)\r\n\tat selenium.core.BaseLocator.waitUntilClickable(BaseLocator.java:160)\r\n\tat selenium.pages.DashboardPage.waitBtnLogOutShow_aroundBody4(DashboardPage.java:24)\r\n\tat selenium.pages.DashboardPage$AjcClosure5.run(DashboardPage.java:1)\r\n\tat org.aspectj.runtime.reflect.JoinPointImpl.proceed(JoinPointImpl.java:167)\r\n\tat utils.logging.AspectJ.doConcurrentOperation(AspectJ.java:94)\r\n\tat selenium.pages.DashboardPage.waitBtnLogOutShow(DashboardPage.java:24)\r\n\tat selenium.steps.LoginSteps.verifyLoginSuccessfully(LoginSteps.java:32)\r\n\tat testcases.web.user.UsersDeleting.TC_04(UsersDeleting.java:101)\r\n\tat sun.reflect.NativeMethodAccessorImpl.invoke0(Native Method)\r\n\tat sun.reflect.NativeMethodAccessorImpl.invoke(NativeMethodAccessorImpl.java:62)\r\n\tat sun.reflect.DelegatingMethodAccessorImpl.invoke(DelegatingMethodAccessorImpl.java:43)\r\n\tat java.lang.reflect.Method.invoke(Method.java:498)\r\n\tat org.testng.internal.MethodInvocationHelper.invokeMethod(MethodInvocationHelper.java:124)\r\n\tat org.testng.internal.Invoker.invokeMethod(Invoker.java:583)\r\n\tat org.testng.internal.Invoker.invokeTestMethod(Invoker.java:719)\r\n\tat org.testng.internal.Invoker.invokeTestMethods(Invoker.java:989)\r\n\tat org.testng.internal.TestMethodWorker.invokeTestMethods(TestMethodWorker.java:125)\r\n\tat org.testng.internal.TestMethodWorker.run(TestMethodWorker.java:109)\r\n\tat java.util.concurrent.ThreadPoolExecutor.runWorker(ThreadPoolExecutor.java:1149)\r\n\tat java.util.concurrent.ThreadPoolExecutor$Worker.run(ThreadPoolExecutor.java:624)\r\n\tat java.lang.Thread.run(Thread.java:748)\r\n",
    "steps" : [ {
      "name" : "Log in with account: system.write@gmail.com",
      "time" : {
        "start" : 1680234761067,
        "stop" : 1680234764316,
        "duration" : 3249
      },
      "status" : "passed",
      "steps" : [ ],
      "attachments" : [ {
        "uid" : "843f85e02dcb7dea",
        "name" : "Starting action: ",
        "source" : "843f85e02dcb7dea.txt",
        "type" : "text/plain",
        "size" : 109
      }, {
        "uid" : "bb6127fc46079743",
        "name" : "Action Done! ",
        "source" : "bb6127fc46079743.txt",
        "type" : "text/plain",
        "size" : 8
      }, {
        "uid" : "a3f1903e8ef3b15c",
        "name" : "saveScreenShot",
        "source" : "a3f1903e8ef3b15c.png",
        "type" : "image/png",
        "size" : 61481
      }, {
        "uid" : "eabf89ea27977858",
        "name" : "Starting action: ",
        "source" : "eabf89ea27977858.txt",
        "type" : "text/plain",
        "size" : 61
      }, {
        "uid" : "56f8620f1fc9b5dd",
        "name" : "Action Done! ",
        "source" : "56f8620f1fc9b5dd.txt",
        "type" : "text/plain",
        "size" : 9
      }, {
        "uid" : "8ca1f0baed59e03d",
        "name" : "saveScreenShot",
        "source" : "8ca1f0baed59e03d.png",
        "type" : "image/png",
        "size" : 61901
      }, {
        "uid" : "91e4030c8522b096",
        "name" : "Starting action: ",
        "source" : "91e4030c8522b096.txt",
        "type" : "text/plain",
        "size" : 54
      }, {
        "uid" : "2bec6843d0b8efb1",
        "name" : "Action Done! ",
        "source" : "2bec6843d0b8efb1.txt",
        "type" : "text/plain",
        "size" : 9
      }, {
        "uid" : "6551c818963555",
        "name" : "saveScreenShot",
        "source" : "6551c818963555.png",
        "type" : "image/png",
        "size" : 62393
      }, {
        "uid" : "7a09fde649c9b7ae",
        "name" : "Starting action: ",
        "source" : "7a09fde649c9b7ae.txt",
        "type" : "text/plain",
        "size" : 40
      }, {
        "uid" : "84879ef9098be9a4",
        "name" : "Action Done! ",
        "source" : "84879ef9098be9a4.txt",
        "type" : "text/plain",
        "size" : 9
      }, {
        "uid" : "e448483ba35c5b3",
        "name" : "saveScreenShot",
        "source" : "e448483ba35c5b3.png",
        "type" : "image/png",
        "size" : 62481
      } ],
      "parameters" : [ {
        "name" : "email",
        "value" : "system.write@gmail.com"
      }, {
        "name" : "passWord",
        "value" : "userPass@123"
      } ],
      "stepsCount" : 0,
      "attachmentsCount" : 12,
      "shouldDisplayMessage" : false,
      "hasContent" : true
    }, {
      "name" : "Verify login successfully",
      "time" : {
        "start" : 1680234764316,
        "stop" : 1680234797360,
        "duration" : 33044
      },
      "status" : "broken",
      "statusMessage" : "Expected condition failed: waiting for element to be clickable: By.xpath: //header//div[contains(@class,'sign-out')] (tried for 30 second(s) with 500 milliseconds interval)\nBuild info: version: '4.1.2', revision: '9a5a329c5a'\nSystem info: host: 'DAOTIEN', ip: '192.168.0.103', os.name: 'Windows 10', os.arch: 'amd64', os.version: '10.0', java.version: '1.8.0_291'\nDriver info: org.openqa.selenium.edge.EdgeDriver\nCapabilities {acceptInsecureCerts: false, browserName: msedge, browserVersion: 111.0.1661.54, javascriptEnabled: true, ms:edgeOptions: {debuggerAddress: localhost:55020}, msedge: {msedgedriverVersion: 111.0.1661.54 (9e410ec23a36..., userDataDir: C:\\Users\\daohu\\AppData\\Loca...}, networkConnectionEnabled: false, pageLoadStrategy: normal, platform: WINDOWS, platformName: WINDOWS, proxy: Proxy(), se:cdp: ws://localhost:55020/devtoo..., se:cdpVersion: 111.0.1661.54, setWindowRect: true, strictFileInteractability: false, timeouts: {implicit: 0, pageLoad: 300000, script: 30000}, unhandledPromptBehavior: dismiss and notify, webauthn:extension:credBlob: true, webauthn:extension:largeBlob: true, webauthn:extension:minPinLength: true, webauthn:extension:prf: true, webauthn:virtualAuthenticators: true}\nSession ID: 3182e7ac8b5b2345bfeca31bde8b336d",
      "statusTrace" : "org.openqa.selenium.TimeoutException: Expected condition failed: waiting for element to be clickable: By.xpath: //header//div[contains(@class,'sign-out')] (tried for 30 second(s) with 500 milliseconds interval)\nBuild info: version: '4.1.2', revision: '9a5a329c5a'\nSystem info: host: 'DAOTIEN', ip: '192.168.0.103', os.name: 'Windows 10', os.arch: 'amd64', os.version: '10.0', java.version: '1.8.0_291'\nDriver info: org.openqa.selenium.edge.EdgeDriver\nCapabilities {acceptInsecureCerts: false, browserName: msedge, browserVersion: 111.0.1661.54, javascriptEnabled: true, ms:edgeOptions: {debuggerAddress: localhost:55020}, msedge: {msedgedriverVersion: 111.0.1661.54 (9e410ec23a36..., userDataDir: C:\\Users\\daohu\\AppData\\Loca...}, networkConnectionEnabled: false, pageLoadStrategy: normal, platform: WINDOWS, platformName: WINDOWS, proxy: Proxy(), se:cdp: ws://localhost:55020/devtoo..., se:cdpVersion: 111.0.1661.54, setWindowRect: true, strictFileInteractability: false, timeouts: {implicit: 0, pageLoad: 300000, script: 30000}, unhandledPromptBehavior: dismiss and notify, webauthn:extension:credBlob: true, webauthn:extension:largeBlob: true, webauthn:extension:minPinLength: true, webauthn:extension:prf: true, webauthn:virtualAuthenticators: true}\nSession ID: 3182e7ac8b5b2345bfeca31bde8b336d\r\n\tat org.openqa.selenium.support.ui.WebDriverWait.timeoutException(WebDriverWait.java:138)\r\n\tat org.openqa.selenium.support.ui.FluentWait.until(FluentWait.java:231)\r\n\tat selenium.core.BaseLocator.waitUntilClickable(BaseLocator.java:160)\r\n\tat selenium.pages.DashboardPage.waitBtnLogOutShow_aroundBody4(DashboardPage.java:24)\r\n\tat selenium.pages.DashboardPage$AjcClosure5.run(DashboardPage.java:1)\r\n\tat org.aspectj.runtime.reflect.JoinPointImpl.proceed(JoinPointImpl.java:167)\r\n\tat utils.logging.AspectJ.doConcurrentOperation(AspectJ.java:94)\r\n\tat selenium.pages.DashboardPage.waitBtnLogOutShow(DashboardPage.java:24)\r\n\tat selenium.steps.LoginSteps.verifyLoginSuccessfully(LoginSteps.java:32)\r\n\tat testcases.web.user.UsersDeleting.TC_04(UsersDeleting.java:101)\r\n\tat sun.reflect.NativeMethodAccessorImpl.invoke0(Native Method)\r\n\tat sun.reflect.NativeMethodAccessorImpl.invoke(NativeMethodAccessorImpl.java:62)\r\n\tat sun.reflect.DelegatingMethodAccessorImpl.invoke(DelegatingMethodAccessorImpl.java:43)\r\n\tat java.lang.reflect.Method.invoke(Method.java:498)\r\n\tat org.testng.internal.MethodInvocationHelper.invokeMethod(MethodInvocationHelper.java:124)\r\n\tat org.testng.internal.Invoker.invokeMethod(Invoker.java:583)\r\n\tat org.testng.internal.Invoker.invokeTestMethod(Invoker.java:719)\r\n\tat org.testng.internal.Invoker.invokeTestMethods(Invoker.java:989)\r\n\tat org.testng.internal.TestMethodWorker.invokeTestMethods(TestMethodWorker.java:125)\r\n\tat org.testng.internal.TestMethodWorker.run(TestMethodWorker.java:109)\r\n\tat java.util.concurrent.ThreadPoolExecutor.runWorker(ThreadPoolExecutor.java:1149)\r\n\tat java.util.concurrent.ThreadPoolExecutor$Worker.run(ThreadPoolExecutor.java:624)\r\n\tat java.lang.Thread.run(Thread.java:748)\r\n",
      "steps" : [ ],
      "attachments" : [ {
        "uid" : "9708fe27ff928704",
        "name" : "Starting action: ",
        "source" : "9708fe27ff928704.txt",
        "type" : "text/plain",
        "size" : 111
      }, {
        "uid" : "ce338f3e3cb184f5",
        "name" : "Action Done! ",
        "source" : "ce338f3e3cb184f5.txt",
        "type" : "text/plain",
        "size" : 9
      }, {
        "uid" : "e982fb13fdf9670",
        "name" : "saveScreenShot",
        "source" : "e982fb13fdf9670.png",
        "type" : "image/png",
        "size" : 62546
      }, {
        "uid" : "c6b85bd0850770d9",
        "name" : "Starting action: ",
        "source" : "c6b85bd0850770d9.txt",
        "type" : "text/plain",
        "size" : 48
      }, {
        "uid" : "6dd600b6e2c75e50",
        "name" : "Action failed: ",
        "source" : "6dd600b6e2c75e50.txt",
        "type" : "text/plain",
        "size" : 1274
      }, {
        "uid" : "e466cf1b2e5c97b7",
        "name" : "saveScreenShot",
        "source" : "e466cf1b2e5c97b7.png",
        "type" : "image/png",
        "size" : 100765
      } ],
      "parameters" : [ ],
      "stepsCount" : 0,
      "attachmentsCount" : 6,
      "shouldDisplayMessage" : true,
      "hasContent" : true
    } ],
    "attachments" : [ ],
    "parameters" : [ ],
    "stepsCount" : 2,
    "attachmentsCount" : 18,
    "shouldDisplayMessage" : false,
    "hasContent" : true
  },
  "afterStages" : [ {
    "name" : "afterScenario",
    "time" : {
      "start" : 1680234797361,
      "stop" : 1680234798122,
      "duration" : 761
    },
    "description" : "",
    "status" : "passed",
    "steps" : [ ],
    "attachments" : [ {
      "uid" : "a0579e1ee4f39158",
      "name" : "saveScreenShot",
      "source" : "a0579e1ee4f39158.png",
      "type" : "image/png",
      "size" : 100765
    } ],
    "parameters" : [ ],
    "stepsCount" : 0,
    "attachmentsCount" : 1,
    "shouldDisplayMessage" : false,
    "hasContent" : true
  }, {
    "name" : "afterSuites",
    "time" : {
      "start" : 1680234798123,
      "stop" : 1680234798123,
      "duration" : 0
    },
    "description" : "",
    "status" : "passed",
    "steps" : [ ],
    "attachments" : [ ],
    "parameters" : [ ],
    "stepsCount" : 0,
    "attachmentsCount" : 0,
    "shouldDisplayMessage" : false,
    "hasContent" : false
  }, {
    "name" : "afterTest",
    "time" : {
      "start" : 1680234815501,
      "stop" : 1680234815501,
      "duration" : 0
    },
    "description" : "",
    "status" : "passed",
    "steps" : [ ],
    "attachments" : [ ],
    "parameters" : [ ],
    "stepsCount" : 0,
    "attachmentsCount" : 0,
    "shouldDisplayMessage" : false,
    "hasContent" : false
  } ],
  "labels" : [ {
    "name" : "package",
    "value" : "testcases.web.user.UsersDeleting"
  }, {
    "name" : "testClass",
    "value" : "testcases.web.user.UsersDeleting"
  }, {
    "name" : "testMethod",
    "value" : "TC_04"
  }, {
    "name" : "parentSuite",
    "value" : "Regression"
  }, {
    "name" : "suite",
    "value" : "Users"
  }, {
    "name" : "subSuite",
    "value" : "testcases.web.user.UsersDeleting"
  }, {
    "name" : "host",
    "value" : "DaoTien"
  }, {
    "name" : "thread",
    "value" : "16880@DaoTien.TestNG-test=Users-4(273)"
  }, {
    "name" : "framework",
    "value" : "testng"
  }, {
    "name" : "language",
    "value" : "java"
  }, {
    "name" : "resultFormat",
    "value" : "allure2"
  } ],
  "parameters" : [ ],
  "links" : [ ],
  "hidden" : false,
  "retry" : false,
  "extra" : {
    "severity" : "normal",
    "retries" : [ ],
    "categories" : [ {
      "name" : "Test defects",
      "matchedStatuses" : [ ],
      "flaky" : false
    } ],
    "tags" : [ ]
  },
  "source" : "c938de27c1085acb.json",
  "parameterValues" : [ ]
}