{
  "uid" : "f4b057a811f9522",
  "name" : "Verify user can search drivers by email",
  "fullName" : "testcases.web.global_search.GlobalSearch.TC_05",
  "historyId" : "31941da9362f59e2a583d14c38ddd530",
  "time" : {
    "start" : 1679966532174,
    "stop" : 1679966565921,
    "duration" : 33747
  },
  "description" : "Verify user can search drivers by email",
  "descriptionHtml" : "<p>Verify user can search drivers by email</p>\n",
  "status" : "broken",
  "statusMessage" : "Expected condition failed: waiting for presence of element located by: By.xpath: (//div[@class='gs-entity-list']//span)[1] (tried for 30 second(s) with 500 milliseconds interval)",
  "statusTrace" : "org.openqa.selenium.TimeoutException: Expected condition failed: waiting for presence of element located by: By.xpath: (//div[@class='gs-entity-list']//span)[1] (tried for 30 second(s) with 500 milliseconds interval)\r\n\tat org.openqa.selenium.support.ui.WebDriverWait.timeoutException(WebDriverWait.java:138)\r\n\tat org.openqa.selenium.support.ui.FluentWait.until(FluentWait.java:231)\r\n\tat selenium.core.BaseLocator.waitUntilPresent(BaseLocator.java:45)\r\n\tat selenium.pages.Header.clickOnRecord_aroundBody16(Header.java:47)\r\n\tat selenium.pages.Header$AjcClosure17.run(Header.java:1)\r\n\tat org.aspectj.runtime.reflect.JoinPointImpl.proceed(JoinPointImpl.java:167)\r\n\tat utils.logging.AspectJ.doConcurrentOperation(AspectJ.java:94)\r\n\tat selenium.pages.Header.clickOnRecord(Header.java:47)\r\n\tat selenium.steps.HeaderSteps.clickOnRecord(HeaderSteps.java:36)\r\n\tat selenium.steps.HeaderSteps.tryToSearchDriversWithEmail(HeaderSteps.java:72)\r\n\tat testcases.web.global_search.GlobalSearch.TC_05(GlobalSearch.java:89)\r\n\tat sun.reflect.NativeMethodAccessorImpl.invoke0(Native Method)\r\n\tat sun.reflect.NativeMethodAccessorImpl.invoke(NativeMethodAccessorImpl.java:62)\r\n\tat sun.reflect.DelegatingMethodAccessorImpl.invoke(DelegatingMethodAccessorImpl.java:43)\r\n\tat java.lang.reflect.Method.invoke(Method.java:498)\r\n\tat org.testng.internal.MethodInvocationHelper.invokeMethod(MethodInvocationHelper.java:124)\r\n\tat org.testng.internal.Invoker.invokeMethod(Invoker.java:583)\r\n\tat org.testng.internal.Invoker.invokeTestMethod(Invoker.java:719)\r\n\tat org.testng.internal.Invoker.invokeTestMethods(Invoker.java:989)\r\n\tat org.testng.internal.TestMethodWorker.invokeTestMethods(TestMethodWorker.java:125)\r\n\tat org.testng.internal.TestMethodWorker.run(TestMethodWorker.java:109)\r\n\tat java.util.concurrent.ThreadPoolExecutor.runWorker(ThreadPoolExecutor.java:1149)\r\n\tat java.util.concurrent.ThreadPoolExecutor$Worker.run(ThreadPoolExecutor.java:624)\r\n\tat java.lang.Thread.run(Thread.java:748)\r\nCaused by: org.openqa.selenium.NoSuchElementException: no such element: Unable to locate element: {\"method\":\"xpath\",\"selector\":\"(//div[@class='gs-entity-list']//span)[1]\"}\n  (Session info: headless MicrosoftEdge=111.0.1661.54)\nFor documentation on this error, please visit: https://selenium.dev/exceptions/#no_such_element\nBuild info: version: '4.1.2', revision: '9a5a329c5a'\nSystem info: host: 'DAOTIEN', ip: '192.168.0.103', os.name: 'Windows 10', os.arch: 'amd64', os.version: '10.0', java.version: '1.8.0_291'\nDriver info: org.openqa.selenium.edge.EdgeDriver\nCommand: [dde56450bda4e92955b5fb7d820b3fdc, findElement {using=xpath, value=(//div[@class='gs-entity-list']//span)[1]}]\nCapabilities {acceptInsecureCerts: false, browserName: msedge, browserVersion: 111.0.1661.54, javascriptEnabled: true, ms:edgeOptions: {debuggerAddress: localhost:57235}, msedge: {msedgedriverVersion: 111.0.1661.54 (9e410ec23a36..., userDataDir: C:\\Users\\daohu\\AppData\\Loca...}, networkConnectionEnabled: false, pageLoadStrategy: normal, platform: WINDOWS, platformName: WINDOWS, proxy: Proxy(), se:cdp: ws://localhost:57235/devtoo..., se:cdpVersion: 111.0.1661.54, setWindowRect: true, strictFileInteractability: false, timeouts: {implicit: 0, pageLoad: 300000, script: 30000}, unhandledPromptBehavior: dismiss and notify, webauthn:extension:credBlob: true, webauthn:extension:largeBlob: true, webauthn:extension:minPinLength: true, webauthn:extension:prf: true, webauthn:virtualAuthenticators: true}\nSession ID: dde56450bda4e92955b5fb7d820b3fdc\r\n\tat sun.reflect.GeneratedConstructorAccessor130.newInstance(Unknown Source)\r\n\tat sun.reflect.DelegatingConstructorAccessorImpl.newInstance(DelegatingConstructorAccessorImpl.java:45)\r\n\tat java.lang.reflect.Constructor.newInstance(Constructor.java:423)\r\n\tat org.openqa.selenium.remote.codec.w3c.W3CHttpResponseCodec.createException(W3CHttpResponseCodec.java:200)\r\n\tat org.openqa.selenium.remote.codec.w3c.W3CHttpResponseCodec.decode(W3CHttpResponseCodec.java:133)\r\n\tat org.openqa.selenium.remote.codec.w3c.W3CHttpResponseCodec.decode(W3CHttpResponseCodec.java:53)\r\n\tat org.openqa.selenium.remote.HttpCommandExecutor.execute(HttpCommandExecutor.java:184)\r\n\tat org.openqa.selenium.remote.service.DriverCommandExecutor.invokeExecute(DriverCommandExecutor.java:167)\r\n\tat org.openqa.selenium.remote.service.DriverCommandExecutor.execute(DriverCommandExecutor.java:142)\r\n\tat org.openqa.selenium.remote.RemoteWebDriver.execute(RemoteWebDriver.java:558)\r\n\tat org.openqa.selenium.remote.ElementLocation$ElementFinder$2.findElement(ElementLocation.java:162)\r\n\tat org.openqa.selenium.remote.ElementLocation.findElement(ElementLocation.java:60)\r\n\tat org.openqa.selenium.remote.RemoteWebDriver.findElement(RemoteWebDriver.java:382)\r\n\tat org.openqa.selenium.remote.RemoteWebDriver.findElement(RemoteWebDriver.java:374)\r\n\tat org.openqa.selenium.support.ui.ExpectedConditions$6.apply(ExpectedConditions.java:174)\r\n\tat org.openqa.selenium.support.ui.ExpectedConditions$6.apply(ExpectedConditions.java:171)\r\n\tat org.openqa.selenium.support.ui.FluentWait.until(FluentWait.java:208)\r\n\t... 22 more\r\n",
  "flaky" : false,
  "beforeStages" : [ {
    "name" : "beforeEachScenario",
    "time" : {
      "start" : 1679966525533,
      "stop" : 1679966532173,
      "duration" : 6640
    },
    "description" : "",
    "status" : "passed",
    "steps" : [ {
      "name" : "Log in with account: daohuyt@bridj.com",
      "time" : {
        "start" : 1679966525533,
        "stop" : 1679966531641,
        "duration" : 6108
      },
      "status" : "passed",
      "steps" : [ {
        "name" : "Get token from API response",
        "time" : {
          "start" : 1679966530764,
          "stop" : 1679966531641,
          "duration" : 877
        },
        "status" : "passed",
        "steps" : [ {
          "name" : "Login Operation Portal to generate token",
          "time" : {
            "start" : 1679966530764,
            "stop" : 1679966531641,
            "duration" : 877
          },
          "status" : "passed",
          "steps" : [ ],
          "attachments" : [ ],
          "parameters" : [ {
            "name" : "email",
            "value" : "daohuyt@bridj.com"
          }, {
            "name" : "passWord",
            "value" : "userPass@123"
          } ],
          "stepsCount" : 0,
          "hasContent" : true,
          "attachmentsCount" : 0,
          "shouldDisplayMessage" : false
        } ],
        "attachments" : [ ],
        "parameters" : [ {
          "name" : "email",
          "value" : "daohuyt@bridj.com"
        }, {
          "name" : "password",
          "value" : "userPass@123"
        } ],
        "stepsCount" : 1,
        "hasContent" : true,
        "attachmentsCount" : 0,
        "shouldDisplayMessage" : false
      } ],
      "attachments" : [ {
        "uid" : "a7ae3b4d2eb33f87",
        "name" : "Starting action: ",
        "source" : "a7ae3b4d2eb33f87.txt",
        "type" : "text/plain",
        "size" : 109
      }, {
        "uid" : "bc1b8c1d5c41ed46",
        "name" : "Action Done! ",
        "source" : "bc1b8c1d5c41ed46.txt",
        "type" : "text/plain",
        "size" : 9
      }, {
        "uid" : "89224500c2cbc6f8",
        "name" : "saveScreenShot",
        "source" : "89224500c2cbc6f8.png",
        "type" : "image/png",
        "size" : 61481
      }, {
        "uid" : "304a9c1e55f052b6",
        "name" : "Starting action: ",
        "source" : "304a9c1e55f052b6.txt",
        "type" : "text/plain",
        "size" : 56
      }, {
        "uid" : "8b264f98b22f6d1b",
        "name" : "Action Done! ",
        "source" : "8b264f98b22f6d1b.txt",
        "type" : "text/plain",
        "size" : 9
      }, {
        "uid" : "8fd9287e4fae75",
        "name" : "saveScreenShot",
        "source" : "8fd9287e4fae75.png",
        "type" : "image/png",
        "size" : 61630
      }, {
        "uid" : "e0622c804ab4343f",
        "name" : "Starting action: ",
        "source" : "e0622c804ab4343f.txt",
        "type" : "text/plain",
        "size" : 54
      }, {
        "uid" : "896da5c874e1ced2",
        "name" : "Action Done! ",
        "source" : "896da5c874e1ced2.txt",
        "type" : "text/plain",
        "size" : 9
      }, {
        "uid" : "f5dc2b54594d0b3b",
        "name" : "saveScreenShot",
        "source" : "f5dc2b54594d0b3b.png",
        "type" : "image/png",
        "size" : 62141
      }, {
        "uid" : "6e5e6bd57c6c7159",
        "name" : "Starting action: ",
        "source" : "6e5e6bd57c6c7159.txt",
        "type" : "text/plain",
        "size" : 40
      }, {
        "uid" : "7014e030ff9ac9b3",
        "name" : "Action Done! ",
        "source" : "7014e030ff9ac9b3.txt",
        "type" : "text/plain",
        "size" : 9
      }, {
        "uid" : "23e9cd05e521cd98",
        "name" : "saveScreenShot",
        "source" : "23e9cd05e521cd98.png",
        "type" : "image/png",
        "size" : 62237
      } ],
      "parameters" : [ {
        "name" : "email",
        "value" : "daohuyt@bridj.com"
      }, {
        "name" : "passWord",
        "value" : "userPass@123"
      } ],
      "stepsCount" : 2,
      "hasContent" : true,
      "attachmentsCount" : 12,
      "shouldDisplayMessage" : false
    }, {
      "name" : "Verify login successfully",
      "time" : {
        "start" : 1679966531641,
        "stop" : 1679966532017,
        "duration" : 376
      },
      "status" : "passed",
      "steps" : [ ],
      "attachments" : [ {
        "uid" : "6c91a7603221ff90",
        "name" : "Starting action: ",
        "source" : "6c91a7603221ff90.txt",
        "type" : "text/plain",
        "size" : 111
      }, {
        "uid" : "88d3ab7be2759d69",
        "name" : "Action Done! ",
        "source" : "88d3ab7be2759d69.txt",
        "type" : "text/plain",
        "size" : 9
      }, {
        "uid" : "23c1ff526942c1c2",
        "name" : "saveScreenShot",
        "source" : "23c1ff526942c1c2.png",
        "type" : "image/png",
        "size" : 154132
      }, {
        "uid" : "e6f26ab5b52565ff",
        "name" : "Starting action: ",
        "source" : "e6f26ab5b52565ff.txt",
        "type" : "text/plain",
        "size" : 48
      }, {
        "uid" : "62b508746c4a1a70",
        "name" : "Action Done! ",
        "source" : "62b508746c4a1a70.txt",
        "type" : "text/plain",
        "size" : 9
      }, {
        "uid" : "d4da134e09adcc",
        "name" : "saveScreenShot",
        "source" : "d4da134e09adcc.png",
        "type" : "image/png",
        "size" : 154116
      } ],
      "parameters" : [ ],
      "stepsCount" : 0,
      "hasContent" : true,
      "attachmentsCount" : 6,
      "shouldDisplayMessage" : false
    }, {
      "name" : "Can access page 'https://client-portal-staging.staging.au-ap-southeast-2.bridj.info/#/' successfully",
      "time" : {
        "start" : 1679966532017,
        "stop" : 1679966532173,
        "duration" : 156
      },
      "status" : "passed",
      "steps" : [ ],
      "attachments" : [ {
        "uid" : "a9205fff0341eb34",
        "name" : "Starting action: ",
        "source" : "a9205fff0341eb34.txt",
        "type" : "text/plain",
        "size" : 111
      }, {
        "uid" : "48bc3e9594b9c5d3",
        "name" : "Action Done! ",
        "source" : "48bc3e9594b9c5d3.txt",
        "type" : "text/plain",
        "size" : 9
      }, {
        "uid" : "cd688feb8d7aff76",
        "name" : "saveScreenShot",
        "source" : "cd688feb8d7aff76.png",
        "type" : "image/png",
        "size" : 154116
      } ],
      "parameters" : [ {
        "name" : "url",
        "value" : "https://client-portal-staging.staging.au-ap-southeast-2.bridj.info/#/"
      } ],
      "stepsCount" : 0,
      "hasContent" : true,
      "attachmentsCount" : 3,
      "shouldDisplayMessage" : false
    } ],
    "attachments" : [ ],
    "parameters" : [ ],
    "stepsCount" : 5,
    "hasContent" : true,
    "attachmentsCount" : 21,
    "shouldDisplayMessage" : false
  }, {
    "name" : "beforeTest",
    "time" : {
      "start" : 1679966521388,
      "stop" : 1679966521388,
      "duration" : 0
    },
    "description" : "",
    "status" : "passed",
    "steps" : [ ],
    "attachments" : [ ],
    "parameters" : [ ],
    "stepsCount" : 0,
    "hasContent" : false,
    "attachmentsCount" : 0,
    "shouldDisplayMessage" : false
  }, {
    "name" : "beforeScenario",
    "time" : {
      "start" : 1679966522217,
      "stop" : 1679966525532,
      "duration" : 3315
    },
    "description" : "",
    "status" : "passed",
    "steps" : [ ],
    "attachments" : [ {
      "uid" : "2bc6d74273ce8199",
      "name" : "Driver setup: ",
      "source" : "2bc6d74273ce8199.txt",
      "type" : "text/plain",
      "size" : 119
    } ],
    "parameters" : [ ],
    "stepsCount" : 0,
    "hasContent" : true,
    "attachmentsCount" : 1,
    "shouldDisplayMessage" : false
  }, {
    "name" : "beforeSuites",
    "time" : {
      "start" : 1679966521389,
      "stop" : 1679966522217,
      "duration" : 828
    },
    "description" : "",
    "status" : "passed",
    "steps" : [ {
      "name" : "Get token from API response",
      "time" : {
        "start" : 1679966521389,
        "stop" : 1679966522217,
        "duration" : 828
      },
      "status" : "passed",
      "steps" : [ {
        "name" : "Login Operation Portal to generate token",
        "time" : {
          "start" : 1679966521389,
          "stop" : 1679966522217,
          "duration" : 828
        },
        "status" : "passed",
        "steps" : [ ],
        "attachments" : [ ],
        "parameters" : [ {
          "name" : "email",
          "value" : "daohuyt@bridj.com"
        }, {
          "name" : "passWord",
          "value" : "userPass@123"
        } ],
        "stepsCount" : 0,
        "hasContent" : true,
        "attachmentsCount" : 0,
        "shouldDisplayMessage" : false
      } ],
      "attachments" : [ ],
      "parameters" : [ {
        "name" : "email",
        "value" : "daohuyt@bridj.com"
      }, {
        "name" : "password",
        "value" : "userPass@123"
      } ],
      "stepsCount" : 1,
      "hasContent" : true,
      "attachmentsCount" : 0,
      "shouldDisplayMessage" : false
    } ],
    "attachments" : [ ],
    "parameters" : [ ],
    "stepsCount" : 2,
    "hasContent" : true,
    "attachmentsCount" : 0,
    "shouldDisplayMessage" : false
  } ],
  "testStage" : {
    "description" : "Verify user can search drivers by email",
    "status" : "broken",
    "statusMessage" : "Expected condition failed: waiting for presence of element located by: By.xpath: (//div[@class='gs-entity-list']//span)[1] (tried for 30 second(s) with 500 milliseconds interval)",
    "statusTrace" : "org.openqa.selenium.TimeoutException: Expected condition failed: waiting for presence of element located by: By.xpath: (//div[@class='gs-entity-list']//span)[1] (tried for 30 second(s) with 500 milliseconds interval)\r\n\tat org.openqa.selenium.support.ui.WebDriverWait.timeoutException(WebDriverWait.java:138)\r\n\tat org.openqa.selenium.support.ui.FluentWait.until(FluentWait.java:231)\r\n\tat selenium.core.BaseLocator.waitUntilPresent(BaseLocator.java:45)\r\n\tat selenium.pages.Header.clickOnRecord_aroundBody16(Header.java:47)\r\n\tat selenium.pages.Header$AjcClosure17.run(Header.java:1)\r\n\tat org.aspectj.runtime.reflect.JoinPointImpl.proceed(JoinPointImpl.java:167)\r\n\tat utils.logging.AspectJ.doConcurrentOperation(AspectJ.java:94)\r\n\tat selenium.pages.Header.clickOnRecord(Header.java:47)\r\n\tat selenium.steps.HeaderSteps.clickOnRecord(HeaderSteps.java:36)\r\n\tat selenium.steps.HeaderSteps.tryToSearchDriversWithEmail(HeaderSteps.java:72)\r\n\tat testcases.web.global_search.GlobalSearch.TC_05(GlobalSearch.java:89)\r\n\tat sun.reflect.NativeMethodAccessorImpl.invoke0(Native Method)\r\n\tat sun.reflect.NativeMethodAccessorImpl.invoke(NativeMethodAccessorImpl.java:62)\r\n\tat sun.reflect.DelegatingMethodAccessorImpl.invoke(DelegatingMethodAccessorImpl.java:43)\r\n\tat java.lang.reflect.Method.invoke(Method.java:498)\r\n\tat org.testng.internal.MethodInvocationHelper.invokeMethod(MethodInvocationHelper.java:124)\r\n\tat org.testng.internal.Invoker.invokeMethod(Invoker.java:583)\r\n\tat org.testng.internal.Invoker.invokeTestMethod(Invoker.java:719)\r\n\tat org.testng.internal.Invoker.invokeTestMethods(Invoker.java:989)\r\n\tat org.testng.internal.TestMethodWorker.invokeTestMethods(TestMethodWorker.java:125)\r\n\tat org.testng.internal.TestMethodWorker.run(TestMethodWorker.java:109)\r\n\tat java.util.concurrent.ThreadPoolExecutor.runWorker(ThreadPoolExecutor.java:1149)\r\n\tat java.util.concurrent.ThreadPoolExecutor$Worker.run(ThreadPoolExecutor.java:624)\r\n\tat java.lang.Thread.run(Thread.java:748)\r\nCaused by: org.openqa.selenium.NoSuchElementException: no such element: Unable to locate element: {\"method\":\"xpath\",\"selector\":\"(//div[@class='gs-entity-list']//span)[1]\"}\n  (Session info: headless MicrosoftEdge=111.0.1661.54)\nFor documentation on this error, please visit: https://selenium.dev/exceptions/#no_such_element\nBuild info: version: '4.1.2', revision: '9a5a329c5a'\nSystem info: host: 'DAOTIEN', ip: '192.168.0.103', os.name: 'Windows 10', os.arch: 'amd64', os.version: '10.0', java.version: '1.8.0_291'\nDriver info: org.openqa.selenium.edge.EdgeDriver\nCommand: [dde56450bda4e92955b5fb7d820b3fdc, findElement {using=xpath, value=(//div[@class='gs-entity-list']//span)[1]}]\nCapabilities {acceptInsecureCerts: false, browserName: msedge, browserVersion: 111.0.1661.54, javascriptEnabled: true, ms:edgeOptions: {debuggerAddress: localhost:57235}, msedge: {msedgedriverVersion: 111.0.1661.54 (9e410ec23a36..., userDataDir: C:\\Users\\daohu\\AppData\\Loca...}, networkConnectionEnabled: false, pageLoadStrategy: normal, platform: WINDOWS, platformName: WINDOWS, proxy: Proxy(), se:cdp: ws://localhost:57235/devtoo..., se:cdpVersion: 111.0.1661.54, setWindowRect: true, strictFileInteractability: false, timeouts: {implicit: 0, pageLoad: 300000, script: 30000}, unhandledPromptBehavior: dismiss and notify, webauthn:extension:credBlob: true, webauthn:extension:largeBlob: true, webauthn:extension:minPinLength: true, webauthn:extension:prf: true, webauthn:virtualAuthenticators: true}\nSession ID: dde56450bda4e92955b5fb7d820b3fdc\r\n\tat sun.reflect.GeneratedConstructorAccessor130.newInstance(Unknown Source)\r\n\tat sun.reflect.DelegatingConstructorAccessorImpl.newInstance(DelegatingConstructorAccessorImpl.java:45)\r\n\tat java.lang.reflect.Constructor.newInstance(Constructor.java:423)\r\n\tat org.openqa.selenium.remote.codec.w3c.W3CHttpResponseCodec.createException(W3CHttpResponseCodec.java:200)\r\n\tat org.openqa.selenium.remote.codec.w3c.W3CHttpResponseCodec.decode(W3CHttpResponseCodec.java:133)\r\n\tat org.openqa.selenium.remote.codec.w3c.W3CHttpResponseCodec.decode(W3CHttpResponseCodec.java:53)\r\n\tat org.openqa.selenium.remote.HttpCommandExecutor.execute(HttpCommandExecutor.java:184)\r\n\tat org.openqa.selenium.remote.service.DriverCommandExecutor.invokeExecute(DriverCommandExecutor.java:167)\r\n\tat org.openqa.selenium.remote.service.DriverCommandExecutor.execute(DriverCommandExecutor.java:142)\r\n\tat org.openqa.selenium.remote.RemoteWebDriver.execute(RemoteWebDriver.java:558)\r\n\tat org.openqa.selenium.remote.ElementLocation$ElementFinder$2.findElement(ElementLocation.java:162)\r\n\tat org.openqa.selenium.remote.ElementLocation.findElement(ElementLocation.java:60)\r\n\tat org.openqa.selenium.remote.RemoteWebDriver.findElement(RemoteWebDriver.java:382)\r\n\tat org.openqa.selenium.remote.RemoteWebDriver.findElement(RemoteWebDriver.java:374)\r\n\tat org.openqa.selenium.support.ui.ExpectedConditions$6.apply(ExpectedConditions.java:174)\r\n\tat org.openqa.selenium.support.ui.ExpectedConditions$6.apply(ExpectedConditions.java:171)\r\n\tat org.openqa.selenium.support.ui.FluentWait.until(FluentWait.java:208)\r\n\t... 22 more\r\n",
    "steps" : [ {
      "name" : "Try to search drivers with email",
      "time" : {
        "start" : 1679966532175,
        "stop" : 1679966565921,
        "duration" : 33746
      },
      "status" : "broken",
      "statusMessage" : "Expected condition failed: waiting for presence of element located by: By.xpath: (//div[@class='gs-entity-list']//span)[1] (tried for 30 second(s) with 500 milliseconds interval)",
      "statusTrace" : "org.openqa.selenium.TimeoutException: Expected condition failed: waiting for presence of element located by: By.xpath: (//div[@class='gs-entity-list']//span)[1] (tried for 30 second(s) with 500 milliseconds interval)\r\n\tat org.openqa.selenium.support.ui.WebDriverWait.timeoutException(WebDriverWait.java:138)\r\n\tat org.openqa.selenium.support.ui.FluentWait.until(FluentWait.java:231)\r\n\tat selenium.core.BaseLocator.waitUntilPresent(BaseLocator.java:45)\r\n\tat selenium.pages.Header.clickOnRecord_aroundBody16(Header.java:47)\r\n\tat selenium.pages.Header$AjcClosure17.run(Header.java:1)\r\n\tat org.aspectj.runtime.reflect.JoinPointImpl.proceed(JoinPointImpl.java:167)\r\n\tat utils.logging.AspectJ.doConcurrentOperation(AspectJ.java:94)\r\n\tat selenium.pages.Header.clickOnRecord(Header.java:47)\r\n\tat selenium.steps.HeaderSteps.clickOnRecord(HeaderSteps.java:36)\r\n\tat selenium.steps.HeaderSteps.tryToSearchDriversWithEmail(HeaderSteps.java:72)\r\n\tat testcases.web.global_search.GlobalSearch.TC_05(GlobalSearch.java:89)\r\n\tat sun.reflect.NativeMethodAccessorImpl.invoke0(Native Method)\r\n\tat sun.reflect.NativeMethodAccessorImpl.invoke(NativeMethodAccessorImpl.java:62)\r\n\tat sun.reflect.DelegatingMethodAccessorImpl.invoke(DelegatingMethodAccessorImpl.java:43)\r\n\tat java.lang.reflect.Method.invoke(Method.java:498)\r\n\tat org.testng.internal.MethodInvocationHelper.invokeMethod(MethodInvocationHelper.java:124)\r\n\tat org.testng.internal.Invoker.invokeMethod(Invoker.java:583)\r\n\tat org.testng.internal.Invoker.invokeTestMethod(Invoker.java:719)\r\n\tat org.testng.internal.Invoker.invokeTestMethods(Invoker.java:989)\r\n\tat org.testng.internal.TestMethodWorker.invokeTestMethods(TestMethodWorker.java:125)\r\n\tat org.testng.internal.TestMethodWorker.run(TestMethodWorker.java:109)\r\n\tat java.util.concurrent.ThreadPoolExecutor.runWorker(ThreadPoolExecutor.java:1149)\r\n\tat java.util.concurrent.ThreadPoolExecutor$Worker.run(ThreadPoolExecutor.java:624)\r\n\tat java.lang.Thread.run(Thread.java:748)\r\nCaused by: org.openqa.selenium.NoSuchElementException: no such element: Unable to locate element: {\"method\":\"xpath\",\"selector\":\"(//div[@class='gs-entity-list']//span)[1]\"}\n  (Session info: headless MicrosoftEdge=111.0.1661.54)\nFor documentation on this error, please visit: https://selenium.dev/exceptions/#no_such_element\nBuild info: version: '4.1.2', revision: '9a5a329c5a'\nSystem info: host: 'DAOTIEN', ip: '192.168.0.103', os.name: 'Windows 10', os.arch: 'amd64', os.version: '10.0', java.version: '1.8.0_291'\nDriver info: org.openqa.selenium.edge.EdgeDriver\nCommand: [dde56450bda4e92955b5fb7d820b3fdc, findElement {using=xpath, value=(//div[@class='gs-entity-list']//span)[1]}]\nCapabilities {acceptInsecureCerts: false, browserName: msedge, browserVersion: 111.0.1661.54, javascriptEnabled: true, ms:edgeOptions: {debuggerAddress: localhost:57235}, msedge: {msedgedriverVersion: 111.0.1661.54 (9e410ec23a36..., userDataDir: C:\\Users\\daohu\\AppData\\Loca...}, networkConnectionEnabled: false, pageLoadStrategy: normal, platform: WINDOWS, platformName: WINDOWS, proxy: Proxy(), se:cdp: ws://localhost:57235/devtoo..., se:cdpVersion: 111.0.1661.54, setWindowRect: true, strictFileInteractability: false, timeouts: {implicit: 0, pageLoad: 300000, script: 30000}, unhandledPromptBehavior: dismiss and notify, webauthn:extension:credBlob: true, webauthn:extension:largeBlob: true, webauthn:extension:minPinLength: true, webauthn:extension:prf: true, webauthn:virtualAuthenticators: true}\nSession ID: dde56450bda4e92955b5fb7d820b3fdc\r\n\tat sun.reflect.GeneratedConstructorAccessor130.newInstance(Unknown Source)\r\n\tat sun.reflect.DelegatingConstructorAccessorImpl.newInstance(DelegatingConstructorAccessorImpl.java:45)\r\n\tat java.lang.reflect.Constructor.newInstance(Constructor.java:423)\r\n\tat org.openqa.selenium.remote.codec.w3c.W3CHttpResponseCodec.createException(W3CHttpResponseCodec.java:200)\r\n\tat org.openqa.selenium.remote.codec.w3c.W3CHttpResponseCodec.decode(W3CHttpResponseCodec.java:133)\r\n\tat org.openqa.selenium.remote.codec.w3c.W3CHttpResponseCodec.decode(W3CHttpResponseCodec.java:53)\r\n\tat org.openqa.selenium.remote.HttpCommandExecutor.execute(HttpCommandExecutor.java:184)\r\n\tat org.openqa.selenium.remote.service.DriverCommandExecutor.invokeExecute(DriverCommandExecutor.java:167)\r\n\tat org.openqa.selenium.remote.service.DriverCommandExecutor.execute(DriverCommandExecutor.java:142)\r\n\tat org.openqa.selenium.remote.RemoteWebDriver.execute(RemoteWebDriver.java:558)\r\n\tat org.openqa.selenium.remote.ElementLocation$ElementFinder$2.findElement(ElementLocation.java:162)\r\n\tat org.openqa.selenium.remote.ElementLocation.findElement(ElementLocation.java:60)\r\n\tat org.openqa.selenium.remote.RemoteWebDriver.findElement(RemoteWebDriver.java:382)\r\n\tat org.openqa.selenium.remote.RemoteWebDriver.findElement(RemoteWebDriver.java:374)\r\n\tat org.openqa.selenium.support.ui.ExpectedConditions$6.apply(ExpectedConditions.java:174)\r\n\tat org.openqa.selenium.support.ui.ExpectedConditions$6.apply(ExpectedConditions.java:171)\r\n\tat org.openqa.selenium.support.ui.FluentWait.until(FluentWait.java:208)\r\n\t... 22 more\r\n",
      "steps" : [ {
        "name" : "Select global search entity",
        "time" : {
          "start" : 1679966532175,
          "stop" : 1679966532676,
          "duration" : 501
        },
        "status" : "passed",
        "steps" : [ ],
        "attachments" : [ {
          "uid" : "50119b36a961d71d",
          "name" : "Starting action: ",
          "source" : "50119b36a961d71d.txt",
          "type" : "text/plain",
          "size" : 43
        }, {
          "uid" : "7bb4c6336aa049a6",
          "name" : "Action Done! ",
          "source" : "7bb4c6336aa049a6.txt",
          "type" : "text/plain",
          "size" : 9
        }, {
          "uid" : "5069bd3f6f8880f9",
          "name" : "saveScreenShot",
          "source" : "5069bd3f6f8880f9.png",
          "type" : "image/png",
          "size" : 159523
        }, {
          "uid" : "8f730ff6ff6acbf7",
          "name" : "Starting action: ",
          "source" : "8f730ff6ff6acbf7.txt",
          "type" : "text/plain",
          "size" : 45
        }, {
          "uid" : "295c8ed5b9d86187",
          "name" : "Action Done! ",
          "source" : "295c8ed5b9d86187.txt",
          "type" : "text/plain",
          "size" : 8
        }, {
          "uid" : "b1c71a0fced8d307",
          "name" : "saveScreenShot",
          "source" : "b1c71a0fced8d307.png",
          "type" : "image/png",
          "size" : 163020
        } ],
        "parameters" : [ {
          "name" : "entity",
          "value" : "Drivers"
        } ],
        "stepsCount" : 0,
        "hasContent" : true,
        "attachmentsCount" : 6,
        "shouldDisplayMessage" : false
      }, {
        "name" : "Enter text for global searching",
        "time" : {
          "start" : 1679966532676,
          "stop" : 1679966533101,
          "duration" : 425
        },
        "status" : "passed",
        "steps" : [ ],
        "attachments" : [ {
          "uid" : "622071dd91d0715a",
          "name" : "Starting action: ",
          "source" : "622071dd91d0715a.txt",
          "type" : "text/plain",
          "size" : 90
        }, {
          "uid" : "a4f60fa5b359d35a",
          "name" : "Action Done! ",
          "source" : "a4f60fa5b359d35a.txt",
          "type" : "text/plain",
          "size" : 9
        }, {
          "uid" : "1a5f7a86fdb410e3",
          "name" : "saveScreenShot",
          "source" : "1a5f7a86fdb410e3.png",
          "type" : "image/png",
          "size" : 147506
        } ],
        "parameters" : [ {
          "name" : "text",
          "value" : "drivertest15@yopmail.com"
        }, {
          "name" : "placeHolder",
          "value" : "Name, username, email"
        } ],
        "stepsCount" : 0,
        "hasContent" : true,
        "attachmentsCount" : 3,
        "shouldDisplayMessage" : false
      }, {
        "name" : "Click on 1 record",
        "time" : {
          "start" : 1679966533101,
          "stop" : 1679966565921,
          "duration" : 32820
        },
        "status" : "broken",
        "statusMessage" : "Expected condition failed: waiting for presence of element located by: By.xpath: (//div[@class='gs-entity-list']//span)[1] (tried for 30 second(s) with 500 milliseconds interval)",
        "statusTrace" : "org.openqa.selenium.TimeoutException: Expected condition failed: waiting for presence of element located by: By.xpath: (//div[@class='gs-entity-list']//span)[1] (tried for 30 second(s) with 500 milliseconds interval)\r\n\tat org.openqa.selenium.support.ui.WebDriverWait.timeoutException(WebDriverWait.java:138)\r\n\tat org.openqa.selenium.support.ui.FluentWait.until(FluentWait.java:231)\r\n\tat selenium.core.BaseLocator.waitUntilPresent(BaseLocator.java:45)\r\n\tat selenium.pages.Header.clickOnRecord_aroundBody16(Header.java:47)\r\n\tat selenium.pages.Header$AjcClosure17.run(Header.java:1)\r\n\tat org.aspectj.runtime.reflect.JoinPointImpl.proceed(JoinPointImpl.java:167)\r\n\tat utils.logging.AspectJ.doConcurrentOperation(AspectJ.java:94)\r\n\tat selenium.pages.Header.clickOnRecord(Header.java:47)\r\n\tat selenium.steps.HeaderSteps.clickOnRecord(HeaderSteps.java:36)\r\n\tat selenium.steps.HeaderSteps.tryToSearchDriversWithEmail(HeaderSteps.java:72)\r\n\tat testcases.web.global_search.GlobalSearch.TC_05(GlobalSearch.java:89)\r\n\tat sun.reflect.NativeMethodAccessorImpl.invoke0(Native Method)\r\n\tat sun.reflect.NativeMethodAccessorImpl.invoke(NativeMethodAccessorImpl.java:62)\r\n\tat sun.reflect.DelegatingMethodAccessorImpl.invoke(DelegatingMethodAccessorImpl.java:43)\r\n\tat java.lang.reflect.Method.invoke(Method.java:498)\r\n\tat org.testng.internal.MethodInvocationHelper.invokeMethod(MethodInvocationHelper.java:124)\r\n\tat org.testng.internal.Invoker.invokeMethod(Invoker.java:583)\r\n\tat org.testng.internal.Invoker.invokeTestMethod(Invoker.java:719)\r\n\tat org.testng.internal.Invoker.invokeTestMethods(Invoker.java:989)\r\n\tat org.testng.internal.TestMethodWorker.invokeTestMethods(TestMethodWorker.java:125)\r\n\tat org.testng.internal.TestMethodWorker.run(TestMethodWorker.java:109)\r\n\tat java.util.concurrent.ThreadPoolExecutor.runWorker(ThreadPoolExecutor.java:1149)\r\n\tat java.util.concurrent.ThreadPoolExecutor$Worker.run(ThreadPoolExecutor.java:624)\r\n\tat java.lang.Thread.run(Thread.java:748)\r\nCaused by: org.openqa.selenium.NoSuchElementException: no such element: Unable to locate element: {\"method\":\"xpath\",\"selector\":\"(//div[@class='gs-entity-list']//span)[1]\"}\n  (Session info: headless MicrosoftEdge=111.0.1661.54)\nFor documentation on this error, please visit: https://selenium.dev/exceptions/#no_such_element\nBuild info: version: '4.1.2', revision: '9a5a329c5a'\nSystem info: host: 'DAOTIEN', ip: '192.168.0.103', os.name: 'Windows 10', os.arch: 'amd64', os.version: '10.0', java.version: '1.8.0_291'\nDriver info: org.openqa.selenium.edge.EdgeDriver\nCommand: [dde56450bda4e92955b5fb7d820b3fdc, findElement {using=xpath, value=(//div[@class='gs-entity-list']//span)[1]}]\nCapabilities {acceptInsecureCerts: false, browserName: msedge, browserVersion: 111.0.1661.54, javascriptEnabled: true, ms:edgeOptions: {debuggerAddress: localhost:57235}, msedge: {msedgedriverVersion: 111.0.1661.54 (9e410ec23a36..., userDataDir: C:\\Users\\daohu\\AppData\\Loca...}, networkConnectionEnabled: false, pageLoadStrategy: normal, platform: WINDOWS, platformName: WINDOWS, proxy: Proxy(), se:cdp: ws://localhost:57235/devtoo..., se:cdpVersion: 111.0.1661.54, setWindowRect: true, strictFileInteractability: false, timeouts: {implicit: 0, pageLoad: 300000, script: 30000}, unhandledPromptBehavior: dismiss and notify, webauthn:extension:credBlob: true, webauthn:extension:largeBlob: true, webauthn:extension:minPinLength: true, webauthn:extension:prf: true, webauthn:virtualAuthenticators: true}\nSession ID: dde56450bda4e92955b5fb7d820b3fdc\r\n\tat sun.reflect.GeneratedConstructorAccessor130.newInstance(Unknown Source)\r\n\tat sun.reflect.DelegatingConstructorAccessorImpl.newInstance(DelegatingConstructorAccessorImpl.java:45)\r\n\tat java.lang.reflect.Constructor.newInstance(Constructor.java:423)\r\n\tat org.openqa.selenium.remote.codec.w3c.W3CHttpResponseCodec.createException(W3CHttpResponseCodec.java:200)\r\n\tat org.openqa.selenium.remote.codec.w3c.W3CHttpResponseCodec.decode(W3CHttpResponseCodec.java:133)\r\n\tat org.openqa.selenium.remote.codec.w3c.W3CHttpResponseCodec.decode(W3CHttpResponseCodec.java:53)\r\n\tat org.openqa.selenium.remote.HttpCommandExecutor.execute(HttpCommandExecutor.java:184)\r\n\tat org.openqa.selenium.remote.service.DriverCommandExecutor.invokeExecute(DriverCommandExecutor.java:167)\r\n\tat org.openqa.selenium.remote.service.DriverCommandExecutor.execute(DriverCommandExecutor.java:142)\r\n\tat org.openqa.selenium.remote.RemoteWebDriver.execute(RemoteWebDriver.java:558)\r\n\tat org.openqa.selenium.remote.ElementLocation$ElementFinder$2.findElement(ElementLocation.java:162)\r\n\tat org.openqa.selenium.remote.ElementLocation.findElement(ElementLocation.java:60)\r\n\tat org.openqa.selenium.remote.RemoteWebDriver.findElement(RemoteWebDriver.java:382)\r\n\tat org.openqa.selenium.remote.RemoteWebDriver.findElement(RemoteWebDriver.java:374)\r\n\tat org.openqa.selenium.support.ui.ExpectedConditions$6.apply(ExpectedConditions.java:174)\r\n\tat org.openqa.selenium.support.ui.ExpectedConditions$6.apply(ExpectedConditions.java:171)\r\n\tat org.openqa.selenium.support.ui.FluentWait.until(FluentWait.java:208)\r\n\t... 22 more\r\n",
        "steps" : [ ],
        "attachments" : [ {
          "uid" : "8a0e0e3785800743",
          "name" : "Starting action: ",
          "source" : "8a0e0e3785800743.txt",
          "type" : "text/plain",
          "size" : 40
        }, {
          "uid" : "5e62035dfbbfea3f",
          "name" : "Action failed: ",
          "source" : "5e62035dfbbfea3f.txt",
          "type" : "text/plain",
          "size" : 194
        }, {
          "uid" : "4571e04b6bf59935",
          "name" : "saveScreenShot",
          "source" : "4571e04b6bf59935.png",
          "type" : "image/png",
          "size" : 137419
        } ],
        "parameters" : [ {
          "name" : "order",
          "value" : "1"
        } ],
        "stepsCount" : 0,
        "hasContent" : true,
        "attachmentsCount" : 3,
        "shouldDisplayMessage" : true
      } ],
      "attachments" : [ ],
      "parameters" : [ {
        "name" : "driver",
        "value" : "utils.models.MDriver@62d71b7f"
      } ],
      "stepsCount" : 3,
      "hasContent" : true,
      "attachmentsCount" : 12,
      "shouldDisplayMessage" : false
    } ],
    "attachments" : [ ],
    "parameters" : [ ],
    "stepsCount" : 4,
    "hasContent" : true,
    "attachmentsCount" : 12,
    "shouldDisplayMessage" : false
  },
  "afterStages" : [ {
    "name" : "afterTest",
    "time" : {
      "start" : 1679966566683,
      "stop" : 1679966566683,
      "duration" : 0
    },
    "description" : "",
    "status" : "passed",
    "steps" : [ ],
    "attachments" : [ ],
    "parameters" : [ ],
    "stepsCount" : 0,
    "hasContent" : false,
    "attachmentsCount" : 0,
    "shouldDisplayMessage" : false
  }, {
    "name" : "afterSuites",
    "time" : {
      "start" : 1679966566683,
      "stop" : 1679966566683,
      "duration" : 0
    },
    "description" : "",
    "status" : "passed",
    "steps" : [ ],
    "attachments" : [ ],
    "parameters" : [ ],
    "stepsCount" : 0,
    "hasContent" : false,
    "attachmentsCount" : 0,
    "shouldDisplayMessage" : false
  }, {
    "name" : "afterScenario",
    "time" : {
      "start" : 1679966565922,
      "stop" : 1679966566682,
      "duration" : 760
    },
    "description" : "",
    "status" : "passed",
    "steps" : [ ],
    "attachments" : [ {
      "uid" : "197bc57b4ad2bd6c",
      "name" : "saveScreenShot",
      "source" : "197bc57b4ad2bd6c.png",
      "type" : "image/png",
      "size" : 137419
    } ],
    "parameters" : [ ],
    "stepsCount" : 0,
    "hasContent" : true,
    "attachmentsCount" : 1,
    "shouldDisplayMessage" : false
  } ],
  "labels" : [ {
    "name" : "package",
    "value" : "testcases.web.global_search.GlobalSearch"
  }, {
    "name" : "testClass",
    "value" : "testcases.web.global_search.GlobalSearch"
  }, {
    "name" : "testMethod",
    "value" : "TC_05"
  }, {
    "name" : "parentSuite",
    "value" : "Regression"
  }, {
    "name" : "suite",
    "value" : "Global Search"
  }, {
    "name" : "subSuite",
    "value" : "testcases.web.global_search.GlobalSearch"
  }, {
    "name" : "host",
    "value" : "DaoTien"
  }, {
    "name" : "thread",
    "value" : "16232@DaoTien.TestNG-test=Global Search-5(2216)"
  }, {
    "name" : "framework",
    "value" : "testng"
  }, {
    "name" : "language",
    "value" : "java"
  }, {
    "name" : "resultFormat",
    "value" : "allure2"
  } ],
  "parameters" : [ ],
  "links" : [ {
    "name" : "[Operation Portal][Global Search] Can not find blocked driver by using global search",
    "url" : "https://atlassian-jira-prod-core.prod-core.au-ap-southeast-2.bridj.info/browse/BP-1041",
    "type" : "issue"
  } ],
  "hidden" : false,
  "retry" : false,
  "extra" : {
    "severity" : "normal",
    "retries" : [ ],
    "categories" : [ {
      "name" : "Test defects",
      "matchedStatuses" : [ ],
      "flaky" : false
    } ],
    "tags" : [ ]
  },
  "source" : "f4b057a811f9522.json",
  "parameterValues" : [ ]
}